[DEBUG] htmlFile =  ./sto-category/use-sto/ingesting-issues-from-other-scanners/index.html
[DEBUG] mdFile =  ../OUT_markdown/MODULE_NAME/use-sto/ingesting-issues-from-other-scanners.md
[DEBUG] metadataFile  /Users/douglasbothwell/Desktop/hd-docs-migrate/hd-convert/IN_html/sto-category/use-sto/metadata.yaml
[DEBUG] ymlData {'type': 'category', 'category_id': 'utstv3qzqt', 'parent_category_id': 'txlccquh5c', 'title': 'Use STO', 'description': '', 'slug': 'use-sto', 'is_featured': False, 'icon': 'https://files.helpdocs.io/i5nl071jo5/other/1649886563021/concepts.png', 'permission_groups': [], 'multilingual': [{'language_code': 'en', 'title': 'Use STO', 'description': '', 'slug': 'use-sto'}]}
[DEBUG] ymlData['title']  Use STO
[DEBUG] ymlData['category_id']  utstv3qzqt
[DEBUG] categoryDict =  {'label': 'Use STO', 'collapsible': 'true', 'collapsed': 'true', 'className': 'red', 'link': {'type': 'generated-index', 'title': 'Use STO'}, 'customProps': {'position': 'To position the category, enter a number and move this to the root level.', 'helpdocs_category_id': 'utstv3qzqt'}}
[DEBUG] htmlFile =  ./sto-category/use-sto/sto-overview/index.html
[DEBUG] mdFile =  ../OUT_markdown/MODULE_NAME/use-sto/sto-overview.md
[DEBUG] htmlFile =  ./sto-category/use-sto/run-an-orchestrated-scan-in-sto/index.html
[DEBUG] mdFile =  ../OUT_markdown/MODULE_NAME/use-sto/run-an-orchestrated-scan-in-sto.md
[DEBUG] htmlFile =  ./sto-category/use-sto/sto-workflows-overview/index.html
[DEBUG] mdFile =  ../OUT_markdown/MODULE_NAME/use-sto/sto-workflows-overview.md
[DEBUG] htmlFile =  ./sto-category/use-sto/ingest-scan-results-into-an-sto-pipeline/index.html
[DEBUG] mdFile =  ../OUT_markdown/MODULE_NAME/use-sto/ingest-scan-results-into-an-sto-pipeline.md
[DEBUG] htmlFile =  ./sto-category/onboard-sto/sto-tutorial-2-integrated-sto-ci-cd-workflows/index.html
[DEBUG] mdFile =  ../OUT_markdown/MODULE_NAME/onboard-sto/sto-tutorial-2-integrated-sto-ci-cd-workflows.md
[DEBUG] metadataFile  /Users/douglasbothwell/Desktop/hd-docs-migrate/hd-convert/IN_html/sto-category/onboard-sto/metadata.yaml
[DEBUG] ymlData {'type': 'category', 'category_id': '8nywcs2sa7', 'parent_category_id': 'txlccquh5c', 'title': 'Onboard with STO', 'description': '', 'slug': 'onboard-sto', 'is_featured': False, 'icon': 'https://files.helpdocs.io/i5nl071jo5/other/1649886487103/quickstart.png', 'permission_groups': [], 'multilingual': [{'language_code': 'en', 'title': 'Onboard with STO', 'description': '', 'slug': 'onboard-sto'}]}
[DEBUG] ymlData['title']  Onboard with STO
[DEBUG] ymlData['category_id']  8nywcs2sa7
[DEBUG] categoryDict =  {'label': 'Onboard with STO', 'collapsible': 'true', 'collapsed': 'true', 'className': 'red', 'link': {'type': 'generated-index', 'title': 'Onboard with STO'}, 'customProps': {'position': 'To position the category, enter a number and move this to the root level.', 'helpdocs_category_id': '8nywcs2sa7'}}
[DEBUG] htmlFile =  ./sto-category/onboard-sto/set-up-harness-for-sto/index.html
[DEBUG] mdFile =  ../OUT_markdown/MODULE_NAME/onboard-sto/set-up-harness-for-sto.md
[DEBUG] htmlFile =  ./sto-category/onboard-sto/security-testing-orchestration-basics/index.html
[DEBUG] mdFile =  ../OUT_markdown/MODULE_NAME/onboard-sto/security-testing-orchestration-basics.md
[DEBUG] htmlFile =  ./sto-category/onboard-sto/tutorial-1-standalone-workflows/index.html
[DEBUG] mdFile =  ../OUT_markdown/MODULE_NAME/onboard-sto/tutorial-1-standalone-workflows.md
[DEBUG] htmlFile =  ./sto-category/sto-techref-category/aqua-trivy-scanner-reference/index.html
[DEBUG] mdFile =  ../OUT_markdown/MODULE_NAME/sto-techref-category/aqua-trivy-scanner-reference.md
[DEBUG] metadataFile  /Users/douglasbothwell/Desktop/hd-docs-migrate/hd-convert/IN_html/sto-category/sto-techref-category/metadata.yaml
[DEBUG] ymlData {'type': 'category', 'category_id': 'm01pu2ubai', 'parent_category_id': 'txlccquh5c', 'title': 'STO Technical Reference', 'description': '', 'slug': 'sto-techref-category', 'is_featured': False, 'icon': 'https://files.helpdocs.io/i5nl071jo5/other/1649887370444/tech-ref.png', 'permission_groups': [], 'multilingual': [{'language_code': 'en', 'title': 'STO Technical Reference', 'description': '', 'slug': 'sto-techref-category'}]}
[DEBUG] ymlData['title']  STO Technical Reference
[DEBUG] ymlData['category_id']  m01pu2ubai
[DEBUG] categoryDict =  {'label': 'STO Technical Reference', 'collapsible': 'true', 'collapsed': 'true', 'className': 'red', 'link': {'type': 'generated-index', 'title': 'STO Technical Reference'}, 'customProps': {'position': 'To position the category, enter a number and move this to the root level.', 'helpdocs_category_id': 'm01pu2ubai'}}
[DEBUG] htmlFile =  ./sto-category/sto-techref-category/security-step-settings-reference/index.html
[DEBUG] mdFile =  ../OUT_markdown/MODULE_NAME/sto-techref-category/security-step-settings-reference.md
[DEBUG] htmlFile =  ./sto-category/sto-techref-category/zap-scanner-reference/index.html
[DEBUG] mdFile =  ../OUT_markdown/MODULE_NAME/sto-techref-category/zap-scanner-reference.md
[DEBUG] htmlFile =  ./sto-category/sto-techref-category/bandit-scanner-reference/index.html
[DEBUG] mdFile =  ../OUT_markdown/MODULE_NAME/sto-techref-category/bandit-scanner-reference.md
[DEBUG] htmlFile =  ./sto-category/sto-techref-category/sonarqube-sonar-scanner-reference/index.html
[DEBUG] mdFile =  ../OUT_markdown/MODULE_NAME/sto-techref-category/sonarqube-sonar-scanner-reference.md
[DEBUG] htmlFile =  ./sto-category/sto-techref-category/veracode-scanner-reference/index.html
[DEBUG] mdFile =  ../OUT_markdown/MODULE_NAME/sto-techref-category/veracode-scanner-reference.md
[DEBUG] htmlFile =  ./sto-category/use-sto/ingesting-issues-from-other-scanners/index.html
[DEBUG] mdFile =  ../OUT_markdown/MODULE_NAME/use-sto/ingesting-issues-from-other-scanners.md
[DEBUG] htmlFile =  ./sto-category/use-sto/sto-overview/index.html
[DEBUG] mdFile =  ../OUT_markdown/MODULE_NAME/use-sto/sto-overview.md
[DEBUG] htmlFile =  ./sto-category/use-sto/run-an-orchestrated-scan-in-sto/index.html
[DEBUG] mdFile =  ../OUT_markdown/MODULE_NAME/use-sto/run-an-orchestrated-scan-in-sto.md
[DEBUG] htmlFile =  ./sto-category/use-sto/sto-workflows-overview/index.html
[DEBUG] mdFile =  ../OUT_markdown/MODULE_NAME/use-sto/sto-workflows-overview.md
[DEBUG] htmlFile =  ./sto-category/use-sto/ingest-scan-results-into-an-sto-pipeline/index.html
[DEBUG] mdFile =  ../OUT_markdown/MODULE_NAME/use-sto/ingest-scan-results-into-an-sto-pipeline.md
[DEBUG] htmlFile =  ./sto-category/onboard-sto/sto-tutorial-2-integrated-sto-ci-cd-workflows/index.html
[DEBUG] mdFile =  ../OUT_markdown/MODULE_NAME/onboard-sto/sto-tutorial-2-integrated-sto-ci-cd-workflows.md
[DEBUG] htmlFile =  ./sto-category/onboard-sto/set-up-harness-for-sto/index.html
[DEBUG] mdFile =  ../OUT_markdown/MODULE_NAME/onboard-sto/set-up-harness-for-sto.md
[DEBUG] htmlFile =  ./sto-category/onboard-sto/security-testing-orchestration-basics/index.html
[DEBUG] mdFile =  ../OUT_markdown/MODULE_NAME/onboard-sto/security-testing-orchestration-basics.md
[DEBUG] htmlFile =  ./sto-category/onboard-sto/tutorial-1-standalone-workflows/index.html
[DEBUG] mdFile =  ../OUT_markdown/MODULE_NAME/onboard-sto/tutorial-1-standalone-workflows.md
[DEBUG] htmlFile =  ./sto-category/sto-techref-category/aqua-trivy-scanner-reference/index.html
[DEBUG] mdFile =  ../OUT_markdown/MODULE_NAME/sto-techref-category/aqua-trivy-scanner-reference.md
[DEBUG] htmlFile =  ./sto-category/sto-techref-category/security-step-settings-reference/index.html
[DEBUG] mdFile =  ../OUT_markdown/MODULE_NAME/sto-techref-category/security-step-settings-reference.md
[DEBUG] htmlFile =  ./sto-category/sto-techref-category/zap-scanner-reference/index.html
[DEBUG] mdFile =  ../OUT_markdown/MODULE_NAME/sto-techref-category/zap-scanner-reference.md
[DEBUG] htmlFile =  ./sto-category/sto-techref-category/bandit-scanner-reference/index.html
[DEBUG] mdFile =  ../OUT_markdown/MODULE_NAME/sto-techref-category/bandit-scanner-reference.md
[DEBUG] htmlFile =  ./sto-category/sto-techref-category/sonarqube-sonar-scanner-reference/index.html
[DEBUG] mdFile =  ../OUT_markdown/MODULE_NAME/sto-techref-category/sonarqube-sonar-scanner-reference.md
[DEBUG] htmlFile =  ./sto-category/sto-techref-category/veracode-scanner-reference/index.html
[DEBUG] mdFile =  ../OUT_markdown/MODULE_NAME/sto-techref-category/veracode-scanner-reference.md
[DEBUG] htmlFile =  ./sto-category/use-sto/ingesting-issues-from-other-scanners/index.html
[DEBUG] mdFile =  ../OUT_markdown/MODULE_NAME/use-sto/ingesting-issues-from-other-scanners.md
[DEBUG] htmlFile =  ./sto-category/use-sto/sto-overview/index.html
[DEBUG] mdFile =  ../OUT_markdown/MODULE_NAME/use-sto/sto-overview.md
[DEBUG] htmlFile =  ./sto-category/use-sto/run-an-orchestrated-scan-in-sto/index.html
[DEBUG] mdFile =  ../OUT_markdown/MODULE_NAME/use-sto/run-an-orchestrated-scan-in-sto.md
[DEBUG] htmlFile =  ./sto-category/use-sto/sto-workflows-overview/index.html
[DEBUG] mdFile =  ../OUT_markdown/MODULE_NAME/use-sto/sto-workflows-overview.md
[DEBUG] htmlFile =  ./sto-category/use-sto/ingest-scan-results-into-an-sto-pipeline/index.html
[DEBUG] mdFile =  ../OUT_markdown/MODULE_NAME/use-sto/ingest-scan-results-into-an-sto-pipeline.md
[DEBUG] htmlFile =  ./sto-category/use-sto/ingesting-issues-from-other-scanners/index.html
[DEBUG] mdFile =  ../OUT_markdown/MODULE_NAME/use-sto/ingesting-issues-from-other-scanners.md
[DEBUG] htmlFile =  ./sto-category/use-sto/sto-overview/index.html
[DEBUG] mdFile =  ../OUT_markdown/MODULE_NAME/use-sto/sto-overview.md
[DEBUG] htmlFile =  ./sto-category/use-sto/run-an-orchestrated-scan-in-sto/index.html
[DEBUG] mdFile =  ../OUT_markdown/MODULE_NAME/use-sto/run-an-orchestrated-scan-in-sto.md
[DEBUG] htmlFile =  ./sto-category/use-sto/sto-workflows-overview/index.html
[DEBUG] mdFile =  ../OUT_markdown/MODULE_NAME/use-sto/sto-workflows-overview.md
[DEBUG] htmlFile =  ./sto-category/use-sto/ingest-scan-results-into-an-sto-pipeline/index.html
[DEBUG] mdFile =  ../OUT_markdown/MODULE_NAME/use-sto/ingest-scan-results-into-an-sto-pipeline.md
[DEBUG] htmlFile =  ./sto-category/onboard-sto/sto-tutorial-2-integrated-sto-ci-cd-workflows/index.html
[DEBUG] mdFile =  ../OUT_markdown/MODULE_NAME/onboard-sto/sto-tutorial-2-integrated-sto-ci-cd-workflows.md
[DEBUG] htmlFile =  ./sto-category/onboard-sto/set-up-harness-for-sto/index.html
[DEBUG] mdFile =  ../OUT_markdown/MODULE_NAME/onboard-sto/set-up-harness-for-sto.md
[DEBUG] htmlFile =  ./sto-category/onboard-sto/security-testing-orchestration-basics/index.html
[DEBUG] mdFile =  ../OUT_markdown/MODULE_NAME/onboard-sto/security-testing-orchestration-basics.md
[DEBUG] htmlFile =  ./sto-category/onboard-sto/tutorial-1-standalone-workflows/index.html
[DEBUG] mdFile =  ../OUT_markdown/MODULE_NAME/onboard-sto/tutorial-1-standalone-workflows.md
[DEBUG] htmlFile =  ./sto-category/onboard-sto/sto-tutorial-2-integrated-sto-ci-cd-workflows/index.html
[DEBUG] mdFile =  ../OUT_markdown/MODULE_NAME/onboard-sto/sto-tutorial-2-integrated-sto-ci-cd-workflows.md
[DEBUG] htmlFile =  ./sto-category/onboard-sto/set-up-harness-for-sto/index.html
[DEBUG] mdFile =  ../OUT_markdown/MODULE_NAME/onboard-sto/set-up-harness-for-sto.md
[DEBUG] htmlFile =  ./sto-category/onboard-sto/security-testing-orchestration-basics/index.html
[DEBUG] mdFile =  ../OUT_markdown/MODULE_NAME/onboard-sto/security-testing-orchestration-basics.md
[DEBUG] htmlFile =  ./sto-category/onboard-sto/tutorial-1-standalone-workflows/index.html
[DEBUG] mdFile =  ../OUT_markdown/MODULE_NAME/onboard-sto/tutorial-1-standalone-workflows.md
[DEBUG] htmlFile =  ./sto-category/sto-techref-category/aqua-trivy-scanner-reference/index.html
[DEBUG] mdFile =  ../OUT_markdown/MODULE_NAME/sto-techref-category/aqua-trivy-scanner-reference.md
[DEBUG] htmlFile =  ./sto-category/sto-techref-category/security-step-settings-reference/index.html
[DEBUG] mdFile =  ../OUT_markdown/MODULE_NAME/sto-techref-category/security-step-settings-reference.md
[DEBUG] htmlFile =  ./sto-category/sto-techref-category/zap-scanner-reference/index.html
[DEBUG] mdFile =  ../OUT_markdown/MODULE_NAME/sto-techref-category/zap-scanner-reference.md
[DEBUG] htmlFile =  ./sto-category/sto-techref-category/bandit-scanner-reference/index.html
[DEBUG] mdFile =  ../OUT_markdown/MODULE_NAME/sto-techref-category/bandit-scanner-reference.md
[DEBUG] htmlFile =  ./sto-category/sto-techref-category/sonarqube-sonar-scanner-reference/index.html
[DEBUG] mdFile =  ../OUT_markdown/MODULE_NAME/sto-techref-category/sonarqube-sonar-scanner-reference.md
[DEBUG] htmlFile =  ./sto-category/sto-techref-category/veracode-scanner-reference/index.html
[DEBUG] mdFile =  ../OUT_markdown/MODULE_NAME/sto-techref-category/veracode-scanner-reference.md
[DEBUG] htmlFile =  ./sto-category/sto-techref-category/aqua-trivy-scanner-reference/index.html
[DEBUG] mdFile =  ../OUT_markdown/MODULE_NAME/sto-techref-category/aqua-trivy-scanner-reference.md
[DEBUG] htmlFile =  ./sto-category/sto-techref-category/security-step-settings-reference/index.html
[DEBUG] mdFile =  ../OUT_markdown/MODULE_NAME/sto-techref-category/security-step-settings-reference.md
[DEBUG] htmlFile =  ./sto-category/sto-techref-category/zap-scanner-reference/index.html
[DEBUG] mdFile =  ../OUT_markdown/MODULE_NAME/sto-techref-category/zap-scanner-reference.md
[DEBUG] htmlFile =  ./sto-category/sto-techref-category/bandit-scanner-reference/index.html
[DEBUG] mdFile =  ../OUT_markdown/MODULE_NAME/sto-techref-category/bandit-scanner-reference.md
[DEBUG] htmlFile =  ./sto-category/sto-techref-category/sonarqube-sonar-scanner-reference/index.html
[DEBUG] mdFile =  ../OUT_markdown/MODULE_NAME/sto-techref-category/sonarqube-sonar-scanner-reference.md
[DEBUG] htmlFile =  ./sto-category/sto-techref-category/veracode-scanner-reference/index.html
[DEBUG] mdFile =  ../OUT_markdown/MODULE_NAME/sto-techref-category/veracode-scanner-reference.md

 FILES PROCESSED:  60

 FILES SKIPPED:  64

 UNIQUE TOPIC IDS:  0
