
# URLS WITHOUT FILENAME EXTENSIONS

[![](https://files.helpdocs.io/i5nl071jo5/articles/ku0km8tpwf/1625218924096/d-axc-zlmfn-32-uc-9-pktyh-hse-d-1-uehom-ovy-1-ded-5-e-l-8-wld-3-ny-mpmosz-qw-s-0-k-4-x-5-evu-8-drj-6-y-zali-bxzt-5-o-s-4-vt-5-iqz-ssnp-tcf-2-d-31-t-3-pho-zsxlenvex-vn-ht-7-rz-50-yq-5-mvfn-nmgvc)](https://files.helpdocs.io/i5nl071jo5/articles/ku0km8tpwf/1625218924096/d-axc-zlmfn-32-uc-9-pktyh-hse-d-1-uehom-ovy-1-ded-5-e-l-8-wld-3-ny-mpmosz-qw-s-0-k-4-x-5-evu-8-drj-6-y-zali-bxzt-5-o-s-4-vt-5-iqz-ssnp-tcf-2-d-31-t-3-pho-zsxlenvex-vn-ht-7-rz-50-yq-5-mvfn-nmgvc)In your Harness project's Builds, you can see the build listed.

[![](https://files.helpdocs.io/i5nl071jo5/articles/ku0km8tpwf/1625218929695/7-lpav-2-cc-60-cv-16-tak-wxmk-tvp-vcts-al-425-i-td-nwl-n-3-c-tr-j-f-fwzz-rdq-zavg-und-ux-szthkyk-oishue-ksl-ixy-pntfloc-0-av-udl-0-o-ob-82-k-q-8-j-a-7-nevpcvm-5-lx-2-od-s-3-cf-ik-fo)](https://files.helpdocs.io/i5nl071jo5/articles/ku0km8tpwf/1625218929695/7-lpav-2-cc-60-cv-16-tak-wxmk-tvp-vcts-al-425-i-td-nwl-n-3-c-tr-j-f-fwzz-rdq-zavg-und-ux-szthkyk-oishue-ksl-ixy-pntfloc-0-av-udl-0-o-ob-82-k-q-8-j-a-7-nevpcvm-5-lx-2-od-s-3-cf-ik-fo)On JFrog, you can see the file that you pushed.

[![](https://files.helpdocs.io/i5nl071jo5/articles/ku0km8tpwf/1625218934313/r-yfrua-c-88-tr-8-wi-72-bf-fjw-tb-5-lq-vv-2-sv-0-6-v-vfl-g-8-c-lwkeft-as-mlik-5-ol-2-txld-cy-6-le-7-j-6-jy-nlab-sra-incsku-jwmxsi-p-59-u-rrzr-thb-n-4-lueuh-i-1-d-i-1-eyf-ho-ur-5-r-5-i-bbgpb-8)](https://files.helpdocs.io/i5nl071jo5/articles/ku0km8tpwf/1625218934313/r-yfrua-c-88-tr-8-wi-72-bf-fjw-tb-5-lq-vv-2-sv-0-6-v-vfl-g-8-c-lwkeft-as-mlik-5-ol-2-txld-cy-6-le-7-j-6-jy-nlab-sra-incsku-jwmxsi-p-59-u-rrzr-thb-n-4-lueuh-i-1-d-i-1-eyf-ho-ur-5-r-5-i-bbgpb-8)### See Also

# URLS THAT DON'T HAVE \n OR \w AFTER THE CLOSING PAREN 

https://files.helpdocs.io/i5nl071jo5/articles/q6fr5bj63w/1610058088594/image.png)](https://files.helpdocs.io/i5nl071jo5/articles/q6fr5bj63w/1610058088594/image.png
https://files.helpdocs.io/i5nl071jo5/articles/q6fr5bj63w/1610059179870/image.png)](https://files.helpdocs.io/i5nl071jo5/articles/q6fr5bj63w/1610059179870/image.png
https://files.helpdocs.io/i5nl071jo5/articles/q6fr5bj63w/1610058088594/image.png)](https://files.helpdocs.io/i5nl071jo5/articles/q6fr5bj63w/1610058088594/image.png
https://files.helpdocs.io/i5nl071jo5/articles/x0d77ktjw8/1611614713927/image.png)](https://files.helpdocs.io/i5nl071jo5/articles/x0d77ktjw8/1611614713927/image.png
https://files.helpdocs.io/i5nl071jo5/articles/q6fr5bj63w/1610058088594/image.png)](https://files.helpdocs.io/i5nl071jo5/articles/q6fr5bj63w/1610058088594/image.png
https://files.helpdocs.io/i5nl071jo5/articles/q6fr5bj63w/1610059179870/image.png)](https://files.helpdocs.io/i5nl071jo5/articles/q6fr5bj63w/1610059179870/image.png
https://files.helpdocs.io/i5nl071jo5/articles/q6fr5bj63w/1610058088594/image.png)](https://files.helpdocs.io/i5nl071jo5/articles/q6fr5bj63w/1610058088594/image.png
https://files.helpdocs.io/i5nl071jo5/articles/x0d77ktjw8/1611614713927/image.png)](https://files.helpdocs.io/i5nl071jo5/articles/x0d77ktjw8/1611614713927/image.png
https://files.helpdocs.io/i5nl071jo5/articles/q6fr5bj63w/1610058088594/image.png)](https://files.helpdocs.io/i5nl071jo5/articles/q6fr5bj63w/1610058088594/image.png
https://files.helpdocs.io/i5nl071jo5/articles/q6fr5bj63w/1610059179870/image.png)](https://files.helpdocs.io/i5nl071jo5/articles/q6fr5bj63w/1610059179870/image.png
https://files.helpdocs.io/i5nl071jo5/articles/q6fr5bj63w/1610058088594/image.png)](https://files.helpdocs.io/i5nl071jo5/articles/q6fr5bj63w/1610058088594/image.png
https://files.helpdocs.io/i5nl071jo5/articles/x0d77ktjw8/1611614713927/image.png)](https://files.helpdocs.io/i5nl071jo5/articles/x0d77ktjw8/1611614713927/image.png
https://files.helpdocs.io/i5nl071jo5/articles/x0d77ktjw8/1611614713927/image.png)](https://files.helpdocs.io/i5nl071jo5/articles/x0d77ktjw8/1611614713927/image.png	   https://files.helpdocs.io/kw8ldg1itf/articles/j7kdfi3640/1658829738986/screenshot-2022-07-26-at-3-30-31-pm.png)The **Import Input Set From Git** settings appear.![](https://files.helpdocs.io/kw8ldg1itf/articles/j7kdfi3640/1658830029315/screenshot-2022-07-26-at-11-18-41-am.png
	   https://files.helpdocs.io/kw8ldg1itf/articles/etz5whjn5x/1666092619744/screenshot-2022-10-18-at-4-59-56-pm.png)The **Import Template From Git** settings appear.![](https://files.helpdocs.io/kw8ldg1itf/articles/etz5whjn5x/1666093421580/screenshot-2022-10-18-at-5-13-12-pm.png
	   https://files.helpdocs.io/kw8ldg1itf/articles/q1nnyk7h4v/1657547262527/screenshot-2022-07-06-at-11-47-45-am.png)The **Import Pipeline From Git** settings appear.![](https://files.helpdocs.io/kw8ldg1itf/articles/q1nnyk7h4v/1657609330124/screenshot-2022-07-12-at-12-31-29-pm.png
	   https://files.helpdocs.io/i5nl071jo5/articles/grfeel98am/1654230836471/githubpatscope.png)Here's an example of a GitHub Connector that has the correct settings:​![](https://files.helpdocs.io/i5nl071jo5/articles/grfeel98am/1654231477325/git-hub-connector.png
	   https://files.helpdocs.io/kw8ldg1itf/articles/6x52zvqsta/1593629254966/image.png)](https://files.helpdocs.io/kw8ldg1itf/articles/6x52zvqsta/1593629254966/image.png
	   https://files.helpdocs.io/kw8ldg1itf/articles/whwnovprrb/1583352263225/image.png)](https://files.helpdocs.io/kw8ldg1itf/articles/whwnovprrb/1583352263225/image.png
	   https://files.helpdocs.io/kw8ldg1itf/articles/whwnovprrb/1583352850791/image.png)](https://files.helpdocs.io/kw8ldg1itf/articles/whwnovprrb/1583352850791/image.png
	   https://files.helpdocs.io/kw8ldg1itf/articles/whwnovprrb/1583353336258/image.png)](https://files.helpdocs.io/kw8ldg1itf/articles/whwnovprrb/1583353336258/image.png
	   https://files.helpdocs.io/kw8ldg1itf/articles/gxv9gj6khz/1576783783511/image.png)](https://files.helpdocs.io/kw8ldg1itf/articles/gxv9gj6khz/1576783783511/image.png
	   https://files.helpdocs.io/i5nl071jo5/articles/g21fb5kfkg/1631685118195/screenshot-2021-09-15-at-11-21-15-am.png)](https://files.helpdocs.io/i5nl071jo5/articles/g21fb5kfkg/1631685118195/screenshot-2021-09-15-at-11-21-15-am.png
	   https://files.helpdocs.io/i5nl071jo5/articles/g21fb5kfkg/1631685158197/screenshot-2021-09-15-at-11-21-33-am.png)](https://files.helpdocs.io/i5nl071jo5/articles/g21fb5kfkg/1631685158197/screenshot-2021-09-15-at-11-21-33-am.png
	   https://files.helpdocs.io/kw8ldg1itf/articles/ftp6uphgs1/1536691093044/image.png)](https://files.helpdocs.io/kw8ldg1itf/articles/ftp6uphgs1/1536691093044/image.png
	   https://files.helpdocs.io/kw8ldg1itf/articles/ftp6uphgs1/1536691344947/image.png)](https://files.helpdocs.io/kw8ldg1itf/articles/ftp6uphgs1/1536691344947/image.png
	   https://files.helpdocs.io/kw8ldg1itf/other/1567028538937/image.png)](https://files.helpdocs.io/kw8ldg1itf/other/1567028538937/image.png
	   https://files.helpdocs.io/i5nl071jo5/articles/yp4xj36xro/1652954036367/screenshot-2022-05-19-at-3-21-07-pm.png)For each Organization you select, you can further select **All** or **Specified** Projects within this Organization to include the resources accordingly.![](https://files.helpdocs.io/i5nl071jo5/articles/yp4xj36xro/1652955546918/screenshot-2022-05-19-at-3-47-32-pm.png
	   https://files.helpdocs.io/i5nl071jo5/articles/osfw70e59c/1618812254692/screenshot-2021-04-19-at-11-31-10-am.png)![](https://files.helpdocs.io/i5nl071jo5/articles/osfw70e59c/1618812282235/screenshot-2021-04-19-at-11-33-13-am.png
	   https://files.helpdocs.io/i5nl071jo5/articles/rset0jry8q/1613777651302/image.png)](https://files.helpdocs.io/i5nl071jo5/articles/rset0jry8q/1613777651302/image.png)Log into your repo in the Git provider and navigate to its Webhook settings. For example, here's the **Webhooks** section of GitHub.[![](https://files.helpdocs.io/i5nl071jo5/articles/hndnde8usz/1614103358723/image.png)](https://files.helpdocs.io/i5nl071jo5/articles/hndnde8usz/1614103358723/image.png
	   https://files.helpdocs.io/i5nl071jo5/articles/2chyf1acil/1631221583537/clean-shot-2021-09-09-at-14-06-11.png)](https://files.helpdocs.io/i5nl071jo5/articles/2chyf1acil/1631221583537/clean-shot-2021-09-09-at-14-06-11.png
	   https://files.helpdocs.io/i5nl071jo5/articles/mlpksc7s6c/1624466357432/screenshot-2021-06-23-at-10-01-56-pm.png)](https://files.helpdocs.io/i5nl071jo5/articles/mlpksc7s6c/1624466357432/screenshot-2021-06-23-at-10-01-56-pm.png
	   https://files.helpdocs.io/i5nl071jo5/articles/mlpksc7s6c/1624446569720/screenshot-2021-06-23-at-4-38-36-pm.png)After adding the members to the group we just created, the screen would look like this:![](https://files.helpdocs.io/i5nl071jo5/articles/mlpksc7s6c/1624446804152/screenshot-2021-06-23-at-4-42-05-pm.png
	   https://files.helpdocs.io/i5nl071jo5/articles/mlpksc7s6c/1623925677837/screenshot-2021-06-17-at-3-57-17-pm.png)The **Delink Group** dialog appears.![](https://files.helpdocs.io/i5nl071jo5/articles/mlpksc7s6c/1623926220240/screenshot-2021-06-17-at-4-06-07-pm.png
	   https://files.helpdocs.io/i5nl071jo5/articles/mlpksc7s6c/1623842817723/screenshot-2021-06-16-at-4-54-28-pm.png)](https://files.helpdocs.io/i5nl071jo5/articles/mlpksc7s6c/1623842817723/screenshot-2021-06-16-at-4-54-28-pm.png
	   https://files.helpdocs.io/i5nl071jo5/articles/mlpksc7s6c/1623849245925/screenshot-2021-06-16-at-6-40-29-pm.png)](https://files.helpdocs.io/i5nl071jo5/articles/mlpksc7s6c/1623849245925/screenshot-2021-06-16-at-6-40-29-pm.png
	   https://files.helpdocs.io/kw8ldg1itf/articles/3hmfr07oz9/1586905852981/image.png)](https://files.helpdocs.io/kw8ldg1itf/articles/3hmfr07oz9/1586905852981/image.png
	   https://files.helpdocs.io/kw8ldg1itf/articles/j7kdfi3640/1658829738986/screenshot-2022-07-26-at-3-30-31-pm.png)The **Import Input Set From Git** settings appear.![](https://files.helpdocs.io/kw8ldg1itf/articles/j7kdfi3640/1658830029315/screenshot-2022-07-26-at-11-18-41-am.png
	   https://files.helpdocs.io/kw8ldg1itf/articles/etz5whjn5x/1666092619744/screenshot-2022-10-18-at-4-59-56-pm.png)The **Import Template From Git** settings appear.![](https://files.helpdocs.io/kw8ldg1itf/articles/etz5whjn5x/1666093421580/screenshot-2022-10-18-at-5-13-12-pm.png
	   https://files.helpdocs.io/kw8ldg1itf/articles/q1nnyk7h4v/1657547262527/screenshot-2022-07-06-at-11-47-45-am.png)The **Import Pipeline From Git** settings appear.![](https://files.helpdocs.io/kw8ldg1itf/articles/q1nnyk7h4v/1657609330124/screenshot-2022-07-12-at-12-31-29-pm.png
	   https://files.helpdocs.io/i5nl071jo5/articles/grfeel98am/1654230836471/githubpatscope.png)Here's an example of a GitHub Connector that has the correct settings:​![](https://files.helpdocs.io/i5nl071jo5/articles/grfeel98am/1654231477325/git-hub-connector.png
	   https://files.helpdocs.io/kw8ldg1itf/articles/6x52zvqsta/1593629254966/image.png)](https://files.helpdocs.io/kw8ldg1itf/articles/6x52zvqsta/1593629254966/image.png
	   https://files.helpdocs.io/kw8ldg1itf/articles/whwnovprrb/1583352263225/image.png)](https://files.helpdocs.io/kw8ldg1itf/articles/whwnovprrb/1583352263225/image.png
	   https://files.helpdocs.io/kw8ldg1itf/articles/whwnovprrb/1583352850791/image.png)](https://files.helpdocs.io/kw8ldg1itf/articles/whwnovprrb/1583352850791/image.png
	   https://files.helpdocs.io/kw8ldg1itf/articles/whwnovprrb/1583353336258/image.png)](https://files.helpdocs.io/kw8ldg1itf/articles/whwnovprrb/1583353336258/image.png
	   https://files.helpdocs.io/kw8ldg1itf/articles/gxv9gj6khz/1576783783511/image.png)](https://files.helpdocs.io/kw8ldg1itf/articles/gxv9gj6khz/1576783783511/image.png
	   https://files.helpdocs.io/i5nl071jo5/articles/g21fb5kfkg/1631685118195/screenshot-2021-09-15-at-11-21-15-am.png)](https://files.helpdocs.io/i5nl071jo5/articles/g21fb5kfkg/1631685118195/screenshot-2021-09-15-at-11-21-15-am.png
	   https://files.helpdocs.io/i5nl071jo5/articles/g21fb5kfkg/1631685158197/screenshot-2021-09-15-at-11-21-33-am.png)](https://files.helpdocs.io/i5nl071jo5/articles/g21fb5kfkg/1631685158197/screenshot-2021-09-15-at-11-21-33-am.png
	   https://files.helpdocs.io/kw8ldg1itf/articles/ftp6uphgs1/1536691093044/image.png)](https://files.helpdocs.io/kw8ldg1itf/articles/ftp6uphgs1/1536691093044/image.png
	   https://files.helpdocs.io/kw8ldg1itf/articles/ftp6uphgs1/1536691344947/image.png)](https://files.helpdocs.io/kw8ldg1itf/articles/ftp6uphgs1/1536691344947/image.png
	   https://files.helpdocs.io/kw8ldg1itf/other/1567028538937/image.png)](https://files.helpdocs.io/kw8ldg1itf/other/1567028538937/image.png
	   https://files.helpdocs.io/i5nl071jo5/articles/yp4xj36xro/1652954036367/screenshot-2022-05-19-at-3-21-07-pm.png)For each Organization you select, you can further select **All** or **Specified** Projects within this Organization to include the resources accordingly.![](https://files.helpdocs.io/i5nl071jo5/articles/yp4xj36xro/1652955546918/screenshot-2022-05-19-at-3-47-32-pm.png
	   https://files.helpdocs.io/i5nl071jo5/articles/osfw70e59c/1618812254692/screenshot-2021-04-19-at-11-31-10-am.png)![](https://files.helpdocs.io/i5nl071jo5/articles/osfw70e59c/1618812282235/screenshot-2021-04-19-at-11-33-13-am.png
	   https://files.helpdocs.io/i5nl071jo5/articles/rset0jry8q/1613777651302/image.png)](https://files.helpdocs.io/i5nl071jo5/articles/rset0jry8q/1613777651302/image.png)Log into your repo in the Git provider and navigate to its Webhook settings. For example, here's the **Webhooks** section of GitHub.[![](https://files.helpdocs.io/i5nl071jo5/articles/hndnde8usz/1614103358723/image.png)](https://files.helpdocs.io/i5nl071jo5/articles/hndnde8usz/1614103358723/image.png
	   https://files.helpdocs.io/i5nl071jo5/articles/2chyf1acil/1631221583537/clean-shot-2021-09-09-at-14-06-11.png)](https://files.helpdocs.io/i5nl071jo5/articles/2chyf1acil/1631221583537/clean-shot-2021-09-09-at-14-06-11.png
	   https://files.helpdocs.io/i5nl071jo5/articles/mlpksc7s6c/1624466357432/screenshot-2021-06-23-at-10-01-56-pm.png)](https://files.helpdocs.io/i5nl071jo5/articles/mlpksc7s6c/1624466357432/screenshot-2021-06-23-at-10-01-56-pm.png
	   https://files.helpdocs.io/i5nl071jo5/articles/mlpksc7s6c/1624446569720/screenshot-2021-06-23-at-4-38-36-pm.png)After adding the members to the group we just created, the screen would look like this:![](https://files.helpdocs.io/i5nl071jo5/articles/mlpksc7s6c/1624446804152/screenshot-2021-06-23-at-4-42-05-pm.png
	   https://files.helpdocs.io/i5nl071jo5/articles/mlpksc7s6c/1623925677837/screenshot-2021-06-17-at-3-57-17-pm.png)The **Delink Group** dialog appears.![](https://files.helpdocs.io/i5nl071jo5/articles/mlpksc7s6c/1623926220240/screenshot-2021-06-17-at-4-06-07-pm.png
	   https://files.helpdocs.io/i5nl071jo5/articles/mlpksc7s6c/1623842817723/screenshot-2021-06-16-at-4-54-28-pm.png)](https://files.helpdocs.io/i5nl071jo5/articles/mlpksc7s6c/1623842817723/screenshot-2021-06-16-at-4-54-28-pm.png
	   https://files.helpdocs.io/i5nl071jo5/articles/mlpksc7s6c/1623849245925/screenshot-2021-06-16-at-6-40-29-pm.png)](https://files.helpdocs.io/i5nl071jo5/articles/mlpksc7s6c/1623849245925/screenshot-2021-06-16-at-6-40-29-pm.png
	   https://files.helpdocs.io/kw8ldg1itf/articles/3hmfr07oz9/1586905852981/image.png)](https://files.helpdocs.io/kw8ldg1itf/articles/3hmfr07oz9/1586905852981/image.png
	   https://files.helpdocs.io/kw8ldg1itf/articles/j7kdfi3640/1658829738986/screenshot-2022-07-26-at-3-30-31-pm.png)The **Import Input Set From Git** settings appear.![](https://files.helpdocs.io/kw8ldg1itf/articles/j7kdfi3640/1658830029315/screenshot-2022-07-26-at-11-18-41-am.png
	   https://files.helpdocs.io/kw8ldg1itf/articles/etz5whjn5x/1666092619744/screenshot-2022-10-18-at-4-59-56-pm.png)The **Import Template From Git** settings appear.![](https://files.helpdocs.io/kw8ldg1itf/articles/etz5whjn5x/1666093421580/screenshot-2022-10-18-at-5-13-12-pm.png
	   https://files.helpdocs.io/kw8ldg1itf/articles/q1nnyk7h4v/1657547262527/screenshot-2022-07-06-at-11-47-45-am.png)The **Import Pipeline From Git** settings appear.![](https://files.helpdocs.io/kw8ldg1itf/articles/q1nnyk7h4v/1657609330124/screenshot-2022-07-12-at-12-31-29-pm.png
	   https://files.helpdocs.io/i5nl071jo5/articles/grfeel98am/1654230836471/githubpatscope.png)Here's an example of a GitHub Connector that has the correct settings:​![](https://files.helpdocs.io/i5nl071jo5/articles/grfeel98am/1654231477325/git-hub-connector.png
	   https://files.helpdocs.io/kw8ldg1itf/articles/6x52zvqsta/1593629254966/image.png)](https://files.helpdocs.io/kw8ldg1itf/articles/6x52zvqsta/1593629254966/image.png
	   https://files.helpdocs.io/kw8ldg1itf/articles/whwnovprrb/1583352263225/image.png)](https://files.helpdocs.io/kw8ldg1itf/articles/whwnovprrb/1583352263225/image.png
	   https://files.helpdocs.io/kw8ldg1itf/articles/whwnovprrb/1583352850791/image.png)](https://files.helpdocs.io/kw8ldg1itf/articles/whwnovprrb/1583352850791/image.png
	   https://files.helpdocs.io/kw8ldg1itf/articles/whwnovprrb/1583353336258/image.png)](https://files.helpdocs.io/kw8ldg1itf/articles/whwnovprrb/1583353336258/image.png
	   https://files.helpdocs.io/kw8ldg1itf/articles/gxv9gj6khz/1576783783511/image.png)](https://files.helpdocs.io/kw8ldg1itf/articles/gxv9gj6khz/1576783783511/image.png
	   https://files.helpdocs.io/kw8ldg1itf/articles/j7kdfi3640/1658829738986/screenshot-2022-07-26-at-3-30-31-pm.png)The **Import Input Set From Git** settings appear.![](https://files.helpdocs.io/kw8ldg1itf/articles/j7kdfi3640/1658830029315/screenshot-2022-07-26-at-11-18-41-am.png
	   https://files.helpdocs.io/kw8ldg1itf/articles/etz5whjn5x/1666092619744/screenshot-2022-10-18-at-4-59-56-pm.png)The **Import Template From Git** settings appear.![](https://files.helpdocs.io/kw8ldg1itf/articles/etz5whjn5x/1666093421580/screenshot-2022-10-18-at-5-13-12-pm.png
	   https://files.helpdocs.io/kw8ldg1itf/articles/q1nnyk7h4v/1657547262527/screenshot-2022-07-06-at-11-47-45-am.png)The **Import Pipeline From Git** settings appear.![](https://files.helpdocs.io/kw8ldg1itf/articles/q1nnyk7h4v/1657609330124/screenshot-2022-07-12-at-12-31-29-pm.png
	   https://files.helpdocs.io/i5nl071jo5/articles/grfeel98am/1654230836471/githubpatscope.png)Here's an example of a GitHub Connector that has the correct settings:​![](https://files.helpdocs.io/i5nl071jo5/articles/grfeel98am/1654231477325/git-hub-connector.png
	   https://files.helpdocs.io/kw8ldg1itf/articles/6x52zvqsta/1593629254966/image.png)](https://files.helpdocs.io/kw8ldg1itf/articles/6x52zvqsta/1593629254966/image.png
	   https://files.helpdocs.io/kw8ldg1itf/articles/whwnovprrb/1583352263225/image.png)](https://files.helpdocs.io/kw8ldg1itf/articles/whwnovprrb/1583352263225/image.png
	   https://files.helpdocs.io/kw8ldg1itf/articles/whwnovprrb/1583352850791/image.png)](https://files.helpdocs.io/kw8ldg1itf/articles/whwnovprrb/1583352850791/image.png
	   https://files.helpdocs.io/kw8ldg1itf/articles/whwnovprrb/1583353336258/image.png)](https://files.helpdocs.io/kw8ldg1itf/articles/whwnovprrb/1583353336258/image.png
	   https://files.helpdocs.io/kw8ldg1itf/articles/gxv9gj6khz/1576783783511/image.png)](https://files.helpdocs.io/kw8ldg1itf/articles/gxv9gj6khz/1576783783511/image.png
	   https://files.helpdocs.io/i5nl071jo5/articles/g21fb5kfkg/1631685118195/screenshot-2021-09-15-at-11-21-15-am.png)](https://files.helpdocs.io/i5nl071jo5/articles/g21fb5kfkg/1631685118195/screenshot-2021-09-15-at-11-21-15-am.png
	   https://files.helpdocs.io/i5nl071jo5/articles/g21fb5kfkg/1631685158197/screenshot-2021-09-15-at-11-21-33-am.png)](https://files.helpdocs.io/i5nl071jo5/articles/g21fb5kfkg/1631685158197/screenshot-2021-09-15-at-11-21-33-am.png
	   https://files.helpdocs.io/kw8ldg1itf/articles/ftp6uphgs1/1536691093044/image.png)](https://files.helpdocs.io/kw8ldg1itf/articles/ftp6uphgs1/1536691093044/image.png
	   https://files.helpdocs.io/kw8ldg1itf/articles/ftp6uphgs1/1536691344947/image.png)](https://files.helpdocs.io/kw8ldg1itf/articles/ftp6uphgs1/1536691344947/image.png
	   https://files.helpdocs.io/kw8ldg1itf/other/1567028538937/image.png)](https://files.helpdocs.io/kw8ldg1itf/other/1567028538937/image.png
	   https://files.helpdocs.io/i5nl071jo5/articles/yp4xj36xro/1652954036367/screenshot-2022-05-19-at-3-21-07-pm.png)For each Organization you select, you can further select **All** or **Specified** Projects within this Organization to include the resources accordingly.![](https://files.helpdocs.io/i5nl071jo5/articles/yp4xj36xro/1652955546918/screenshot-2022-05-19-at-3-47-32-pm.png
	   https://files.helpdocs.io/i5nl071jo5/articles/osfw70e59c/1618812254692/screenshot-2021-04-19-at-11-31-10-am.png)![](https://files.helpdocs.io/i5nl071jo5/articles/osfw70e59c/1618812282235/screenshot-2021-04-19-at-11-33-13-am.png
	   https://files.helpdocs.io/i5nl071jo5/articles/rset0jry8q/1613777651302/image.png)](https://files.helpdocs.io/i5nl071jo5/articles/rset0jry8q/1613777651302/image.png)Log into your repo in the Git provider and navigate to its Webhook settings. For example, here's the **Webhooks** section of GitHub.[![](https://files.helpdocs.io/i5nl071jo5/articles/hndnde8usz/1614103358723/image.png)](https://files.helpdocs.io/i5nl071jo5/articles/hndnde8usz/1614103358723/image.png
	   https://files.helpdocs.io/i5nl071jo5/articles/2chyf1acil/1631221583537/clean-shot-2021-09-09-at-14-06-11.png)](https://files.helpdocs.io/i5nl071jo5/articles/2chyf1acil/1631221583537/clean-shot-2021-09-09-at-14-06-11.png
	   https://files.helpdocs.io/i5nl071jo5/articles/mlpksc7s6c/1624466357432/screenshot-2021-06-23-at-10-01-56-pm.png)](https://files.helpdocs.io/i5nl071jo5/articles/mlpksc7s6c/1624466357432/screenshot-2021-06-23-at-10-01-56-pm.png
	   https://files.helpdocs.io/i5nl071jo5/articles/mlpksc7s6c/1624446569720/screenshot-2021-06-23-at-4-38-36-pm.png)After adding the members to the group we just created, the screen would look like this:![](https://files.helpdocs.io/i5nl071jo5/articles/mlpksc7s6c/1624446804152/screenshot-2021-06-23-at-4-42-05-pm.png
	   https://files.helpdocs.io/i5nl071jo5/articles/mlpksc7s6c/1623925677837/screenshot-2021-06-17-at-3-57-17-pm.png)The **Delink Group** dialog appears.![](https://files.helpdocs.io/i5nl071jo5/articles/mlpksc7s6c/1623926220240/screenshot-2021-06-17-at-4-06-07-pm.png
	   https://files.helpdocs.io/i5nl071jo5/articles/mlpksc7s6c/1623842817723/screenshot-2021-06-16-at-4-54-28-pm.png)](https://files.helpdocs.io/i5nl071jo5/articles/mlpksc7s6c/1623842817723/screenshot-2021-06-16-at-4-54-28-pm.png
	   https://files.helpdocs.io/i5nl071jo5/articles/mlpksc7s6c/1623849245925/screenshot-2021-06-16-at-6-40-29-pm.png)](https://files.helpdocs.io/i5nl071jo5/articles/mlpksc7s6c/1623849245925/screenshot-2021-06-16-at-6-40-29-pm.png
	   https://files.helpdocs.io/kw8ldg1itf/articles/3hmfr07oz9/1586905852981/image.png)](https://files.helpdocs.io/kw8ldg1itf/articles/3hmfr07oz9/1586905852981/image.png
	   https://files.helpdocs.io/i5nl071jo5/articles/g21fb5kfkg/1631685118195/screenshot-2021-09-15-at-11-21-15-am.png)](https://files.helpdocs.io/i5nl071jo5/articles/g21fb5kfkg/1631685118195/screenshot-2021-09-15-at-11-21-15-am.png
	   https://files.helpdocs.io/i5nl071jo5/articles/g21fb5kfkg/1631685158197/screenshot-2021-09-15-at-11-21-33-am.png)](https://files.helpdocs.io/i5nl071jo5/articles/g21fb5kfkg/1631685158197/screenshot-2021-09-15-at-11-21-33-am.png
	   https://files.helpdocs.io/kw8ldg1itf/articles/ftp6uphgs1/1536691093044/image.png)](https://files.helpdocs.io/kw8ldg1itf/articles/ftp6uphgs1/1536691093044/image.png
	   https://files.helpdocs.io/kw8ldg1itf/articles/ftp6uphgs1/1536691344947/image.png)](https://files.helpdocs.io/kw8ldg1itf/articles/ftp6uphgs1/1536691344947/image.png
	   https://files.helpdocs.io/kw8ldg1itf/other/1567028538937/image.png)](https://files.helpdocs.io/kw8ldg1itf/other/1567028538937/image.png
	   https://files.helpdocs.io/i5nl071jo5/articles/yp4xj36xro/1652954036367/screenshot-2022-05-19-at-3-21-07-pm.png)For each Organization you select, you can further select **All** or **Specified** Projects within this Organization to include the resources accordingly.![](https://files.helpdocs.io/i5nl071jo5/articles/yp4xj36xro/1652955546918/screenshot-2022-05-19-at-3-47-32-pm.png
	   https://files.helpdocs.io/i5nl071jo5/articles/osfw70e59c/1618812254692/screenshot-2021-04-19-at-11-31-10-am.png)![](https://files.helpdocs.io/i5nl071jo5/articles/osfw70e59c/1618812282235/screenshot-2021-04-19-at-11-33-13-am.png
	   https://files.helpdocs.io/i5nl071jo5/articles/rset0jry8q/1613777651302/image.png)](https://files.helpdocs.io/i5nl071jo5/articles/rset0jry8q/1613777651302/image.png)Log into your repo in the Git provider and navigate to its Webhook settings. For example, here's the **Webhooks** section of GitHub.[![](https://files.helpdocs.io/i5nl071jo5/articles/hndnde8usz/1614103358723/image.png)](https://files.helpdocs.io/i5nl071jo5/articles/hndnde8usz/1614103358723/image.png
	   https://files.helpdocs.io/i5nl071jo5/articles/2chyf1acil/1631221583537/clean-shot-2021-09-09-at-14-06-11.png)](https://files.helpdocs.io/i5nl071jo5/articles/2chyf1acil/1631221583537/clean-shot-2021-09-09-at-14-06-11.png
	   https://files.helpdocs.io/i5nl071jo5/articles/mlpksc7s6c/1624466357432/screenshot-2021-06-23-at-10-01-56-pm.png)](https://files.helpdocs.io/i5nl071jo5/articles/mlpksc7s6c/1624466357432/screenshot-2021-06-23-at-10-01-56-pm.png
	   https://files.helpdocs.io/i5nl071jo5/articles/mlpksc7s6c/1624446569720/screenshot-2021-06-23-at-4-38-36-pm.png)After adding the members to the group we just created, the screen would look like this:![](https://files.helpdocs.io/i5nl071jo5/articles/mlpksc7s6c/1624446804152/screenshot-2021-06-23-at-4-42-05-pm.png
	   https://files.helpdocs.io/i5nl071jo5/articles/mlpksc7s6c/1623925677837/screenshot-2021-06-17-at-3-57-17-pm.png)The **Delink Group** dialog appears.![](https://files.helpdocs.io/i5nl071jo5/articles/mlpksc7s6c/1623926220240/screenshot-2021-06-17-at-4-06-07-pm.png
	   https://files.helpdocs.io/i5nl071jo5/articles/mlpksc7s6c/1623842817723/screenshot-2021-06-16-at-4-54-28-pm.png)](https://files.helpdocs.io/i5nl071jo5/articles/mlpksc7s6c/1623842817723/screenshot-2021-06-16-at-4-54-28-pm.png
	   https://files.helpdocs.io/i5nl071jo5/articles/mlpksc7s6c/1623849245925/screenshot-2021-06-16-at-6-40-29-pm.png)](https://files.helpdocs.io/i5nl071jo5/articles/mlpksc7s6c/1623849245925/screenshot-2021-06-16-at-6-40-29-pm.png
	   https://files.helpdocs.io/kw8ldg1itf/articles/3hmfr07oz9/1586905852981/image.png)](https://files.helpdocs.io/kw8ldg1itf/articles/3hmfr07oz9/1586905852981/image.png