[WARNING2] Image download failed:       https://files.helpdocs.io/i5nl071jo5/articles/jws2znftay/1634844532487/clean-shot-2021-10-21-at-12-28-33.png)](https://files.helpdocs.io/i5nl071jo5/articles/jws2znftay/1634844532487/clean-shot-2021-10-21-at-12-28-33.png
	Try the curl command, see end of log
	 Failed download:  https://files.helpdocs.io/i5nl071jo5/articles/jws2znftay/1634844532487/clean-shot-2021-10-21-at-12-28-33.png)](https://files.helpdocs.io/i5nl071jo5/articles/jws2znftay/1634844532487/clean-shot-2021-10-21-at-12-28-33.png
[WARNING2] Image download failed:       https://files.helpdocs.io/i5nl071jo5/articles/jws2znftay/1634856120356/clean-shot-2021-10-21-at-15-41-49-2-x.png)](https://files.helpdocs.io/i5nl071jo5/articles/jws2znftay/1634856120356/clean-shot-2021-10-21-at-15-41-49-2-x.png
	Try the curl command, see end of log
	 Failed download:  https://files.helpdocs.io/i5nl071jo5/articles/jws2znftay/1634856120356/clean-shot-2021-10-21-at-15-41-49-2-x.png)](https://files.helpdocs.io/i5nl071jo5/articles/jws2znftay/1634856120356/clean-shot-2021-10-21-at-15-41-49-2-x.png
[WARNING2] Image download failed:       https://files.helpdocs.io/i5nl071jo5/articles/jws2znftay/1636584541766/clean-shot-2021-11-10-at-14-48-45-2-x.png)](https://files.helpdocs.io/i5nl071jo5/articles/jws2znftay/1636584541766/clean-shot-2021-11-10-at-14-48-45-2-x.png
	Try the curl command, see end of log
	 Failed download:  https://files.helpdocs.io/i5nl071jo5/articles/jws2znftay/1636584541766/clean-shot-2021-11-10-at-14-48-45-2-x.png)](https://files.helpdocs.io/i5nl071jo5/articles/jws2znftay/1636584541766/clean-shot-2021-11-10-at-14-48-45-2-x.png
[WARNING2] Image download failed:       https://files.helpdocs.io/i5nl071jo5/articles/jws2znftay/1634859288101/clean-shot-2021-10-21-at-16-34-28-2-x.png)](https://files.helpdocs.io/i5nl071jo5/articles/jws2znftay/1634859288101/clean-shot-2021-10-21-at-16-34-28-2-x.png
	Try the curl command, see end of log
	 Failed download:  https://files.helpdocs.io/i5nl071jo5/articles/jws2znftay/1634859288101/clean-shot-2021-10-21-at-16-34-28-2-x.png)](https://files.helpdocs.io/i5nl071jo5/articles/jws2znftay/1634859288101/clean-shot-2021-10-21-at-16-34-28-2-x.png
[WARNING2] Image download failed:       https://files.helpdocs.io/i5nl071jo5/articles/jws2znftay/1634859546331/clean-shot-2021-10-21-at-16-38-59-2-x.png)](https://files.helpdocs.io/i5nl071jo5/articles/jws2znftay/1634859546331/clean-shot-2021-10-21-at-16-38-59-2-x.png
	Try the curl command, see end of log
	 Failed download:  https://files.helpdocs.io/i5nl071jo5/articles/jws2znftay/1634859546331/clean-shot-2021-10-21-at-16-38-59-2-x.png)](https://files.helpdocs.io/i5nl071jo5/articles/jws2znftay/1634859546331/clean-shot-2021-10-21-at-16-38-59-2-x.png
[WARNING2] Image download failed:       https://files.helpdocs.io/i5nl071jo5/articles/jws2znftay/1634859678660/clean-shot-2021-10-21-at-16-40-28-2-x.png)](https://files.helpdocs.io/i5nl071jo5/articles/jws2znftay/1634859678660/clean-shot-2021-10-21-at-16-40-28-2-x.png
	Try the curl command, see end of log
	 Failed download:  https://files.helpdocs.io/i5nl071jo5/articles/jws2znftay/1634859678660/clean-shot-2021-10-21-at-16-40-28-2-x.png)](https://files.helpdocs.io/i5nl071jo5/articles/jws2znftay/1634859678660/clean-shot-2021-10-21-at-16-40-28-2-x.png
-------------------------
[WARNING1] Image URL referenced in multiple topics:       https://files.helpdocs.io/i5nl071jo5/articles/trlszsj5lh/1647404699590/screenshot-2022-03-16-at-9-54-38-am.png
Image filename:       https://files.helpdocs.io/i5nl071jo5/articles/trlszsj5lh/1647404699590/screenshot-2022-03-16-at-9-54-38-am.png
Topics list:
['/Users/douglasbothwell/Desktop/hd-docs-migrate/hd-convert/STAGE_docs/docs/service-reliability-management/service-reliability-management-onboard/slo-management-quickstart.md', '/Users/douglasbothwell/Desktop/hd-docs-migrate/hd-convert/STAGE_docs/docs/service-reliability-management/service-reliability-management-onboard/change-impact-analysis-quickstart.md']
-------------------------
-------------------------
[WARNING1] Image URL referenced in multiple topics:       https://files.helpdocs.io/i5nl071jo5/articles/rvneg74vmk/1634045442446/screenshot-2021-10-12-at-7-00-22-pm.png
Image filename:       https://files.helpdocs.io/i5nl071jo5/articles/rvneg74vmk/1634045442446/screenshot-2021-10-12-at-7-00-22-pm.png
Topics list:
['/Users/douglasbothwell/Desktop/hd-docs-migrate/hd-convert/STAGE_docs/docs/service-reliability-management/service-reliability-management-onboard/slo-management-quickstart.md', '/Users/douglasbothwell/Desktop/hd-docs-migrate/hd-convert/STAGE_docs/docs/service-reliability-management/service-reliability-management-onboard/change-impact-analysis-quickstart.md']
-------------------------
-------------------------
[WARNING1] Image URL referenced in multiple topics:       https://files.helpdocs.io/i5nl071jo5/articles/trlszsj5lh/1647411562173/screenshot-2022-03-16-at-11-48-31-am.png
Image filename:       https://files.helpdocs.io/i5nl071jo5/articles/trlszsj5lh/1647411562173/screenshot-2022-03-16-at-11-48-31-am.png
Topics list:
['/Users/douglasbothwell/Desktop/hd-docs-migrate/hd-convert/STAGE_docs/docs/service-reliability-management/service-reliability-management-onboard/slo-management-quickstart.md', '/Users/douglasbothwell/Desktop/hd-docs-migrate/hd-convert/STAGE_docs/docs/service-reliability-management/service-reliability-management-onboard/change-impact-analysis-quickstart.md']
-------------------------
-------------------------
[WARNING1] Image URL referenced in multiple topics:       https://files.helpdocs.io/i5nl071jo5/articles/trlszsj5lh/1647411716886/screenshot-2022-03-16-at-11-51-40-am.png
Image filename:       https://files.helpdocs.io/i5nl071jo5/articles/trlszsj5lh/1647411716886/screenshot-2022-03-16-at-11-51-40-am.png
Topics list:
['/Users/douglasbothwell/Desktop/hd-docs-migrate/hd-convert/STAGE_docs/docs/service-reliability-management/service-reliability-management-onboard/slo-management-quickstart.md', '/Users/douglasbothwell/Desktop/hd-docs-migrate/hd-convert/STAGE_docs/docs/service-reliability-management/service-reliability-management-onboard/change-impact-analysis-quickstart.md']
-------------------------
-------------------------
[WARNING1] Image URL referenced in multiple topics:       https://files.helpdocs.io/i5nl071jo5/articles/trlszsj5lh/1647411909111/screenshot-2022-03-16-at-11-54-31-am.png
Image filename:       https://files.helpdocs.io/i5nl071jo5/articles/trlszsj5lh/1647411909111/screenshot-2022-03-16-at-11-54-31-am.png
Topics list:
['/Users/douglasbothwell/Desktop/hd-docs-migrate/hd-convert/STAGE_docs/docs/service-reliability-management/service-reliability-management-onboard/slo-management-quickstart.md', '/Users/douglasbothwell/Desktop/hd-docs-migrate/hd-convert/STAGE_docs/docs/service-reliability-management/service-reliability-management-onboard/change-impact-analysis-quickstart.md']
-------------------------
-------------------------
[WARNING1] Image URL referenced in multiple topics:       https://files.helpdocs.io/i5nl071jo5/articles/trlszsj5lh/1647412143180/screenshot-2022-03-16-at-11-57-39-am.png
Image filename:       https://files.helpdocs.io/i5nl071jo5/articles/trlszsj5lh/1647412143180/screenshot-2022-03-16-at-11-57-39-am.png
Topics list:
['/Users/douglasbothwell/Desktop/hd-docs-migrate/hd-convert/STAGE_docs/docs/service-reliability-management/service-reliability-management-onboard/slo-management-quickstart.md', '/Users/douglasbothwell/Desktop/hd-docs-migrate/hd-convert/STAGE_docs/docs/service-reliability-management/service-reliability-management-onboard/change-impact-analysis-quickstart.md']
-------------------------
-------------------------
[WARNING1] Image URL referenced in multiple topics:       https://files.helpdocs.io/i5nl071jo5/articles/trlszsj5lh/1647412573186/screenshot-2022-03-16-at-12-05-56-pm.png
Image filename:       https://files.helpdocs.io/i5nl071jo5/articles/trlszsj5lh/1647412573186/screenshot-2022-03-16-at-12-05-56-pm.png
Topics list:
['/Users/douglasbothwell/Desktop/hd-docs-migrate/hd-convert/STAGE_docs/docs/service-reliability-management/service-reliability-management-onboard/slo-management-quickstart.md', '/Users/douglasbothwell/Desktop/hd-docs-migrate/hd-convert/STAGE_docs/docs/service-reliability-management/service-reliability-management-onboard/change-impact-analysis-quickstart.md']
-------------------------
-------------------------
[WARNING1] Image URL referenced in multiple topics:       https://files.helpdocs.io/i5nl071jo5/articles/trlszsj5lh/1647412654391/screenshot-2022-03-16-at-12-07-21-pm.png
Image filename:       https://files.helpdocs.io/i5nl071jo5/articles/trlszsj5lh/1647412654391/screenshot-2022-03-16-at-12-07-21-pm.png
Topics list:
['/Users/douglasbothwell/Desktop/hd-docs-migrate/hd-convert/STAGE_docs/docs/service-reliability-management/service-reliability-management-onboard/slo-management-quickstart.md', '/Users/douglasbothwell/Desktop/hd-docs-migrate/hd-convert/STAGE_docs/docs/service-reliability-management/service-reliability-management-onboard/change-impact-analysis-quickstart.md']
-------------------------
-------------------------
[WARNING1] Image URL referenced in multiple topics:       https://files.helpdocs.io/i5nl071jo5/articles/trlszsj5lh/1647412835589/screenshot-2022-03-16-at-12-10-12-pm.png
Image filename:       https://files.helpdocs.io/i5nl071jo5/articles/trlszsj5lh/1647412835589/screenshot-2022-03-16-at-12-10-12-pm.png
Topics list:
['/Users/douglasbothwell/Desktop/hd-docs-migrate/hd-convert/STAGE_docs/docs/service-reliability-management/service-reliability-management-onboard/slo-management-quickstart.md', '/Users/douglasbothwell/Desktop/hd-docs-migrate/hd-convert/STAGE_docs/docs/service-reliability-management/service-reliability-management-onboard/change-impact-analysis-quickstart.md']
-------------------------
-------------------------
[WARNING1] Image URL referenced in multiple topics:       https://files.helpdocs.io/i5nl071jo5/articles/j1cu2xakq3/1643354961734/changes.png
Image filename:       https://files.helpdocs.io/i5nl071jo5/articles/j1cu2xakq3/1643354961734/changes.png
Topics list:
['/Users/douglasbothwell/Desktop/hd-docs-migrate/hd-convert/STAGE_docs/docs/service-reliability-management/service-reliability-management-onboard/change-impact-analysis-quickstart.md', '/Users/douglasbothwell/Desktop/hd-docs-migrate/hd-convert/STAGE_docs/docs/service-reliability-management/service-reliability-management-onboard/change-impact-analysis-quickstart.md']
-------------------------
-------------------------
[WARNING1] Image URL referenced in multiple topics:       https://files.helpdocs.io/i5nl071jo5/articles/na0f1xol5s/1640325731729/screenshot-2021-12-24-at-11-31-43-am.png
Image filename:       https://files.helpdocs.io/i5nl071jo5/articles/na0f1xol5s/1640325731729/screenshot-2021-12-24-at-11-31-43-am.png
Topics list:
['/Users/douglasbothwell/Desktop/hd-docs-migrate/hd-convert/STAGE_docs/docs/service-reliability-management/service-reliability-management-onboard/change-impact-analysis-quickstart.md', '/Users/douglasbothwell/Desktop/hd-docs-migrate/hd-convert/STAGE_docs/docs/service-reliability-management/service-reliability-management-onboard/change-impact-analysis-quickstart.md']
-------------------------
[WARNING2] Image download failed:       https://files.helpdocs.io/kw8ldg1itf/articles/cbj5uuzpbu/1665464267825/srm-main-menu.png)](https://files.helpdocs.io/i5nl071jo5/articles/trlszsj5lh/1647404699590/screenshot-2022-03-16-at-9-54-38-am.png
	Try the curl command, see end of log
	 Failed download:  https://files.helpdocs.io/kw8ldg1itf/articles/cbj5uuzpbu/1665464267825/srm-main-menu.png)](https://files.helpdocs.io/i5nl071jo5/articles/trlszsj5lh/1647404699590/screenshot-2022-03-16-at-9-54-38-am.png
[WARNING2] Image download failed:       https://files.helpdocs.io/kw8ldg1itf/articles/cbj5uuzpbu/1665464306563/add-new-monitored-service.png)](https://files.helpdocs.io/i5nl071jo5/articles/rvneg74vmk/1634045442446/screenshot-2021-10-12-at-7-00-22-pm.png
	Try the curl command, see end of log
	 Failed download:  https://files.helpdocs.io/kw8ldg1itf/articles/cbj5uuzpbu/1665464306563/add-new-monitored-service.png)](https://files.helpdocs.io/i5nl071jo5/articles/rvneg74vmk/1634045442446/screenshot-2021-10-12-at-7-00-22-pm.png
[WARNING2] Image download failed:       https://files.helpdocs.io/kw8ldg1itf/articles/cbj5uuzpbu/1665464472465/add-new-health-source.png)](https://files.helpdocs.io/i5nl071jo5/articles/trlszsj5lh/1647411716886/screenshot-2022-03-16-at-11-51-40-am.png
	Try the curl command, see end of log
	 Failed download:  https://files.helpdocs.io/kw8ldg1itf/articles/cbj5uuzpbu/1665464472465/add-new-health-source.png)](https://files.helpdocs.io/i5nl071jo5/articles/trlszsj5lh/1647411716886/screenshot-2022-03-16-at-11-51-40-am.png
[WARNING2] Image download failed:       https://files.helpdocs.io/kw8ldg1itf/articles/cbj5uuzpbu/1665464570659/service-health-dashboard.png)1. Scroll up on the **Service Health** dashboard and then click the **Errors** tab. A list of all the identified errors appears.![](https://files.helpdocs.io/kw8ldg1itf/articles/cbj5uuzpbu/1665465250003/error-logs.png
	Try the curl command, see end of log
	 Failed download:  https://files.helpdocs.io/kw8ldg1itf/articles/cbj5uuzpbu/1665464570659/service-health-dashboard.png)1. Scroll up on the **Service Health** dashboard and then click the **Errors** tab. A list of all the identified errors appears.![](https://files.helpdocs.io/kw8ldg1itf/articles/cbj5uuzpbu/1665465250003/error-logs.png
-------------------------
[WARNING1] Image URL referenced in multiple topics:       https://files.helpdocs.io/i5nl071jo5/articles/jws2znftay/1634844532487/clean-shot-2021-10-21-at-12-28-33.png)](https://files.helpdocs.io/i5nl071jo5/articles/jws2znftay/1634844532487/clean-shot-2021-10-21-at-12-28-33.png
Image filename:       https://files.helpdocs.io/i5nl071jo5/articles/jws2znftay/1634844532487/clean-shot-2021-10-21-at-12-28-33.png)](https://files.helpdocs.io/i5nl071jo5/articles/jws2znftay/1634844532487/clean-shot-2021-10-21-at-12-28-33.png
Topics list:
['/Users/douglasbothwell/Desktop/hd-docs-migrate/hd-convert/STAGE_docs/docs/service-reliability-management/service-reliability-management-onboard/slo-driven-deployment-governance.md', '/Users/douglasbothwell/Desktop/hd-docs-migrate/hd-convert/STAGE_docs/docs/service-reliability-management/service-reliability-management-onboard/slo-driven-deployment-governance.md']
-------------------------
[WARNING2] Image download failed:       https://files.helpdocs.io/i5nl071jo5/articles/jws2znftay/1634844532487/clean-shot-2021-10-21-at-12-28-33.png)](https://files.helpdocs.io/i5nl071jo5/articles/jws2znftay/1634844532487/clean-shot-2021-10-21-at-12-28-33.png
	Try the curl command, see end of log
	 Failed download:  https://files.helpdocs.io/i5nl071jo5/articles/jws2znftay/1634844532487/clean-shot-2021-10-21-at-12-28-33.png)](https://files.helpdocs.io/i5nl071jo5/articles/jws2znftay/1634844532487/clean-shot-2021-10-21-at-12-28-33.png
-------------------------
[WARNING1] Image URL referenced in multiple topics:       https://files.helpdocs.io/i5nl071jo5/articles/jws2znftay/1634856120356/clean-shot-2021-10-21-at-15-41-49-2-x.png)](https://files.helpdocs.io/i5nl071jo5/articles/jws2znftay/1634856120356/clean-shot-2021-10-21-at-15-41-49-2-x.png
Image filename:       https://files.helpdocs.io/i5nl071jo5/articles/jws2znftay/1634856120356/clean-shot-2021-10-21-at-15-41-49-2-x.png)](https://files.helpdocs.io/i5nl071jo5/articles/jws2znftay/1634856120356/clean-shot-2021-10-21-at-15-41-49-2-x.png
Topics list:
['/Users/douglasbothwell/Desktop/hd-docs-migrate/hd-convert/STAGE_docs/docs/service-reliability-management/service-reliability-management-onboard/slo-driven-deployment-governance.md', '/Users/douglasbothwell/Desktop/hd-docs-migrate/hd-convert/STAGE_docs/docs/service-reliability-management/service-reliability-management-onboard/slo-driven-deployment-governance.md']
-------------------------
[WARNING2] Image download failed:       https://files.helpdocs.io/i5nl071jo5/articles/jws2znftay/1634856120356/clean-shot-2021-10-21-at-15-41-49-2-x.png)](https://files.helpdocs.io/i5nl071jo5/articles/jws2znftay/1634856120356/clean-shot-2021-10-21-at-15-41-49-2-x.png
	Try the curl command, see end of log
	 Failed download:  https://files.helpdocs.io/i5nl071jo5/articles/jws2znftay/1634856120356/clean-shot-2021-10-21-at-15-41-49-2-x.png)](https://files.helpdocs.io/i5nl071jo5/articles/jws2znftay/1634856120356/clean-shot-2021-10-21-at-15-41-49-2-x.png
-------------------------
[WARNING1] Image URL referenced in multiple topics:       https://files.helpdocs.io/i5nl071jo5/articles/jws2znftay/1636584541766/clean-shot-2021-11-10-at-14-48-45-2-x.png)](https://files.helpdocs.io/i5nl071jo5/articles/jws2znftay/1636584541766/clean-shot-2021-11-10-at-14-48-45-2-x.png
Image filename:       https://files.helpdocs.io/i5nl071jo5/articles/jws2znftay/1636584541766/clean-shot-2021-11-10-at-14-48-45-2-x.png)](https://files.helpdocs.io/i5nl071jo5/articles/jws2znftay/1636584541766/clean-shot-2021-11-10-at-14-48-45-2-x.png
Topics list:
['/Users/douglasbothwell/Desktop/hd-docs-migrate/hd-convert/STAGE_docs/docs/service-reliability-management/service-reliability-management-onboard/slo-driven-deployment-governance.md', '/Users/douglasbothwell/Desktop/hd-docs-migrate/hd-convert/STAGE_docs/docs/service-reliability-management/service-reliability-management-onboard/slo-driven-deployment-governance.md']
-------------------------
[WARNING2] Image download failed:       https://files.helpdocs.io/i5nl071jo5/articles/jws2znftay/1636584541766/clean-shot-2021-11-10-at-14-48-45-2-x.png)](https://files.helpdocs.io/i5nl071jo5/articles/jws2znftay/1636584541766/clean-shot-2021-11-10-at-14-48-45-2-x.png
	Try the curl command, see end of log
	 Failed download:  https://files.helpdocs.io/i5nl071jo5/articles/jws2znftay/1636584541766/clean-shot-2021-11-10-at-14-48-45-2-x.png)](https://files.helpdocs.io/i5nl071jo5/articles/jws2znftay/1636584541766/clean-shot-2021-11-10-at-14-48-45-2-x.png
-------------------------
[WARNING1] Image URL referenced in multiple topics:       https://files.helpdocs.io/i5nl071jo5/articles/jws2znftay/1634859288101/clean-shot-2021-10-21-at-16-34-28-2-x.png)](https://files.helpdocs.io/i5nl071jo5/articles/jws2znftay/1634859288101/clean-shot-2021-10-21-at-16-34-28-2-x.png
Image filename:       https://files.helpdocs.io/i5nl071jo5/articles/jws2znftay/1634859288101/clean-shot-2021-10-21-at-16-34-28-2-x.png)](https://files.helpdocs.io/i5nl071jo5/articles/jws2znftay/1634859288101/clean-shot-2021-10-21-at-16-34-28-2-x.png
Topics list:
['/Users/douglasbothwell/Desktop/hd-docs-migrate/hd-convert/STAGE_docs/docs/service-reliability-management/service-reliability-management-onboard/slo-driven-deployment-governance.md', '/Users/douglasbothwell/Desktop/hd-docs-migrate/hd-convert/STAGE_docs/docs/service-reliability-management/service-reliability-management-onboard/slo-driven-deployment-governance.md']
-------------------------
[WARNING2] Image download failed:       https://files.helpdocs.io/i5nl071jo5/articles/jws2znftay/1634859288101/clean-shot-2021-10-21-at-16-34-28-2-x.png)](https://files.helpdocs.io/i5nl071jo5/articles/jws2znftay/1634859288101/clean-shot-2021-10-21-at-16-34-28-2-x.png
	Try the curl command, see end of log
	 Failed download:  https://files.helpdocs.io/i5nl071jo5/articles/jws2znftay/1634859288101/clean-shot-2021-10-21-at-16-34-28-2-x.png)](https://files.helpdocs.io/i5nl071jo5/articles/jws2znftay/1634859288101/clean-shot-2021-10-21-at-16-34-28-2-x.png
-------------------------
[WARNING1] Image URL referenced in multiple topics:       https://files.helpdocs.io/i5nl071jo5/articles/jws2znftay/1634859546331/clean-shot-2021-10-21-at-16-38-59-2-x.png)](https://files.helpdocs.io/i5nl071jo5/articles/jws2znftay/1634859546331/clean-shot-2021-10-21-at-16-38-59-2-x.png
Image filename:       https://files.helpdocs.io/i5nl071jo5/articles/jws2znftay/1634859546331/clean-shot-2021-10-21-at-16-38-59-2-x.png)](https://files.helpdocs.io/i5nl071jo5/articles/jws2znftay/1634859546331/clean-shot-2021-10-21-at-16-38-59-2-x.png
Topics list:
['/Users/douglasbothwell/Desktop/hd-docs-migrate/hd-convert/STAGE_docs/docs/service-reliability-management/service-reliability-management-onboard/slo-driven-deployment-governance.md', '/Users/douglasbothwell/Desktop/hd-docs-migrate/hd-convert/STAGE_docs/docs/service-reliability-management/service-reliability-management-onboard/slo-driven-deployment-governance.md']
-------------------------
[WARNING2] Image download failed:       https://files.helpdocs.io/i5nl071jo5/articles/jws2znftay/1634859546331/clean-shot-2021-10-21-at-16-38-59-2-x.png)](https://files.helpdocs.io/i5nl071jo5/articles/jws2znftay/1634859546331/clean-shot-2021-10-21-at-16-38-59-2-x.png
	Try the curl command, see end of log
	 Failed download:  https://files.helpdocs.io/i5nl071jo5/articles/jws2znftay/1634859546331/clean-shot-2021-10-21-at-16-38-59-2-x.png)](https://files.helpdocs.io/i5nl071jo5/articles/jws2znftay/1634859546331/clean-shot-2021-10-21-at-16-38-59-2-x.png
-------------------------
[WARNING1] Image URL referenced in multiple topics:       https://files.helpdocs.io/i5nl071jo5/articles/jws2znftay/1634859678660/clean-shot-2021-10-21-at-16-40-28-2-x.png)](https://files.helpdocs.io/i5nl071jo5/articles/jws2znftay/1634859678660/clean-shot-2021-10-21-at-16-40-28-2-x.png
Image filename:       https://files.helpdocs.io/i5nl071jo5/articles/jws2znftay/1634859678660/clean-shot-2021-10-21-at-16-40-28-2-x.png)](https://files.helpdocs.io/i5nl071jo5/articles/jws2znftay/1634859678660/clean-shot-2021-10-21-at-16-40-28-2-x.png
Topics list:
['/Users/douglasbothwell/Desktop/hd-docs-migrate/hd-convert/STAGE_docs/docs/service-reliability-management/service-reliability-management-onboard/slo-driven-deployment-governance.md', '/Users/douglasbothwell/Desktop/hd-docs-migrate/hd-convert/STAGE_docs/docs/service-reliability-management/service-reliability-management-onboard/slo-driven-deployment-governance.md']
-------------------------
[WARNING2] Image download failed:       https://files.helpdocs.io/i5nl071jo5/articles/jws2znftay/1634859678660/clean-shot-2021-10-21-at-16-40-28-2-x.png)](https://files.helpdocs.io/i5nl071jo5/articles/jws2znftay/1634859678660/clean-shot-2021-10-21-at-16-40-28-2-x.png
	Try the curl command, see end of log
	 Failed download:  https://files.helpdocs.io/i5nl071jo5/articles/jws2znftay/1634859678660/clean-shot-2021-10-21-at-16-40-28-2-x.png)](https://files.helpdocs.io/i5nl071jo5/articles/jws2znftay/1634859678660/clean-shot-2021-10-21-at-16-40-28-2-x.png
-------------------------
[WARNING1] Image URL referenced in multiple topics:       https://files.helpdocs.io/kw8ldg1itf/articles/cbj5uuzpbu/1665464267825/srm-main-menu.png)](https://files.helpdocs.io/i5nl071jo5/articles/trlszsj5lh/1647404699590/screenshot-2022-03-16-at-9-54-38-am.png
Image filename:       https://files.helpdocs.io/kw8ldg1itf/articles/cbj5uuzpbu/1665464267825/srm-main-menu.png)](https://files.helpdocs.io/i5nl071jo5/articles/trlszsj5lh/1647404699590/screenshot-2022-03-16-at-9-54-38-am.png
Topics list:
['/Users/douglasbothwell/Desktop/hd-docs-migrate/hd-convert/STAGE_docs/docs/service-reliability-management/error-tracking-category/error-tracking-in-srm.md', '/Users/douglasbothwell/Desktop/hd-docs-migrate/hd-convert/STAGE_docs/docs/service-reliability-management/error-tracking-category/error-tracking-in-srm.md']
-------------------------
[WARNING2] Image download failed:       https://files.helpdocs.io/kw8ldg1itf/articles/cbj5uuzpbu/1665464267825/srm-main-menu.png)](https://files.helpdocs.io/i5nl071jo5/articles/trlszsj5lh/1647404699590/screenshot-2022-03-16-at-9-54-38-am.png
	Try the curl command, see end of log
	 Failed download:  https://files.helpdocs.io/kw8ldg1itf/articles/cbj5uuzpbu/1665464267825/srm-main-menu.png)](https://files.helpdocs.io/i5nl071jo5/articles/trlszsj5lh/1647404699590/screenshot-2022-03-16-at-9-54-38-am.png
-------------------------
[WARNING1] Image URL referenced in multiple topics:       https://files.helpdocs.io/kw8ldg1itf/articles/cbj5uuzpbu/1665464306563/add-new-monitored-service.png)](https://files.helpdocs.io/i5nl071jo5/articles/rvneg74vmk/1634045442446/screenshot-2021-10-12-at-7-00-22-pm.png
Image filename:       https://files.helpdocs.io/kw8ldg1itf/articles/cbj5uuzpbu/1665464306563/add-new-monitored-service.png)](https://files.helpdocs.io/i5nl071jo5/articles/rvneg74vmk/1634045442446/screenshot-2021-10-12-at-7-00-22-pm.png
Topics list:
['/Users/douglasbothwell/Desktop/hd-docs-migrate/hd-convert/STAGE_docs/docs/service-reliability-management/error-tracking-category/error-tracking-in-srm.md', '/Users/douglasbothwell/Desktop/hd-docs-migrate/hd-convert/STAGE_docs/docs/service-reliability-management/error-tracking-category/error-tracking-in-srm.md']
-------------------------
[WARNING2] Image download failed:       https://files.helpdocs.io/kw8ldg1itf/articles/cbj5uuzpbu/1665464306563/add-new-monitored-service.png)](https://files.helpdocs.io/i5nl071jo5/articles/rvneg74vmk/1634045442446/screenshot-2021-10-12-at-7-00-22-pm.png
	Try the curl command, see end of log
	 Failed download:  https://files.helpdocs.io/kw8ldg1itf/articles/cbj5uuzpbu/1665464306563/add-new-monitored-service.png)](https://files.helpdocs.io/i5nl071jo5/articles/rvneg74vmk/1634045442446/screenshot-2021-10-12-at-7-00-22-pm.png
-------------------------
[WARNING1] Image URL referenced in multiple topics:       https://files.helpdocs.io/kw8ldg1itf/articles/cbj5uuzpbu/1665464472465/add-new-health-source.png)](https://files.helpdocs.io/i5nl071jo5/articles/trlszsj5lh/1647411716886/screenshot-2022-03-16-at-11-51-40-am.png
Image filename:       https://files.helpdocs.io/kw8ldg1itf/articles/cbj5uuzpbu/1665464472465/add-new-health-source.png)](https://files.helpdocs.io/i5nl071jo5/articles/trlszsj5lh/1647411716886/screenshot-2022-03-16-at-11-51-40-am.png
Topics list:
['/Users/douglasbothwell/Desktop/hd-docs-migrate/hd-convert/STAGE_docs/docs/service-reliability-management/error-tracking-category/error-tracking-in-srm.md', '/Users/douglasbothwell/Desktop/hd-docs-migrate/hd-convert/STAGE_docs/docs/service-reliability-management/error-tracking-category/error-tracking-in-srm.md']
-------------------------
[WARNING2] Image download failed:       https://files.helpdocs.io/kw8ldg1itf/articles/cbj5uuzpbu/1665464472465/add-new-health-source.png)](https://files.helpdocs.io/i5nl071jo5/articles/trlszsj5lh/1647411716886/screenshot-2022-03-16-at-11-51-40-am.png
	Try the curl command, see end of log
	 Failed download:  https://files.helpdocs.io/kw8ldg1itf/articles/cbj5uuzpbu/1665464472465/add-new-health-source.png)](https://files.helpdocs.io/i5nl071jo5/articles/trlszsj5lh/1647411716886/screenshot-2022-03-16-at-11-51-40-am.png
-------------------------
[WARNING1] Image URL referenced in multiple topics:       https://files.helpdocs.io/kw8ldg1itf/articles/cbj5uuzpbu/1665464570659/service-health-dashboard.png)1. Scroll up on the **Service Health** dashboard and then click the **Errors** tab. A list of all the identified errors appears.![](https://files.helpdocs.io/kw8ldg1itf/articles/cbj5uuzpbu/1665465250003/error-logs.png
Image filename:       https://files.helpdocs.io/kw8ldg1itf/articles/cbj5uuzpbu/1665464570659/service-health-dashboard.png)1. Scroll up on the **Service Health** dashboard and then click the **Errors** tab. A list of all the identified errors appears.![](https://files.helpdocs.io/kw8ldg1itf/articles/cbj5uuzpbu/1665465250003/error-logs.png
Topics list:
['/Users/douglasbothwell/Desktop/hd-docs-migrate/hd-convert/STAGE_docs/docs/service-reliability-management/error-tracking-category/error-tracking-in-srm.md', '/Users/douglasbothwell/Desktop/hd-docs-migrate/hd-convert/STAGE_docs/docs/service-reliability-management/error-tracking-category/error-tracking-in-srm.md']
-------------------------
[WARNING2] Image download failed:       https://files.helpdocs.io/kw8ldg1itf/articles/cbj5uuzpbu/1665464570659/service-health-dashboard.png)1. Scroll up on the **Service Health** dashboard and then click the **Errors** tab. A list of all the identified errors appears.![](https://files.helpdocs.io/kw8ldg1itf/articles/cbj5uuzpbu/1665465250003/error-logs.png
	Try the curl command, see end of log
	 Failed download:  https://files.helpdocs.io/kw8ldg1itf/articles/cbj5uuzpbu/1665464570659/service-health-dashboard.png)1. Scroll up on the **Service Health** dashboard and then click the **Errors** tab. A list of all the identified errors appears.![](https://files.helpdocs.io/kw8ldg1itf/articles/cbj5uuzpbu/1665465250003/error-logs.png
-------------------------
[WARNING1] Image URL referenced in multiple topics:       https://files.helpdocs.io/i5nl071jo5/articles/jws2znftay/1634844532487/clean-shot-2021-10-21-at-12-28-33.png)](https://files.helpdocs.io/i5nl071jo5/articles/jws2znftay/1634844532487/clean-shot-2021-10-21-at-12-28-33.png
Image filename:       https://files.helpdocs.io/i5nl071jo5/articles/jws2znftay/1634844532487/clean-shot-2021-10-21-at-12-28-33.png)](https://files.helpdocs.io/i5nl071jo5/articles/jws2znftay/1634844532487/clean-shot-2021-10-21-at-12-28-33.png
Topics list:
['/Users/douglasbothwell/Desktop/hd-docs-migrate/hd-convert/STAGE_docs/docs/service-reliability-management/service-reliability-management-onboard/slo-driven-deployment-governance.md', '/Users/douglasbothwell/Desktop/hd-docs-migrate/hd-convert/STAGE_docs/docs/service-reliability-management/service-reliability-management-onboard/slo-driven-deployment-governance.md', '/Users/douglasbothwell/Desktop/hd-docs-migrate/hd-convert/STAGE_docs/docs/service-reliability-management/service-reliability-management-onboard/slo-driven-deployment-governance.md']
-------------------------
[WARNING2] Image download failed:       https://files.helpdocs.io/i5nl071jo5/articles/jws2znftay/1634844532487/clean-shot-2021-10-21-at-12-28-33.png)](https://files.helpdocs.io/i5nl071jo5/articles/jws2znftay/1634844532487/clean-shot-2021-10-21-at-12-28-33.png
	Try the curl command, see end of log
	 Failed download:  https://files.helpdocs.io/i5nl071jo5/articles/jws2znftay/1634844532487/clean-shot-2021-10-21-at-12-28-33.png)](https://files.helpdocs.io/i5nl071jo5/articles/jws2znftay/1634844532487/clean-shot-2021-10-21-at-12-28-33.png
-------------------------
[WARNING1] Image URL referenced in multiple topics:       https://files.helpdocs.io/i5nl071jo5/articles/jws2znftay/1634856120356/clean-shot-2021-10-21-at-15-41-49-2-x.png)](https://files.helpdocs.io/i5nl071jo5/articles/jws2znftay/1634856120356/clean-shot-2021-10-21-at-15-41-49-2-x.png
Image filename:       https://files.helpdocs.io/i5nl071jo5/articles/jws2znftay/1634856120356/clean-shot-2021-10-21-at-15-41-49-2-x.png)](https://files.helpdocs.io/i5nl071jo5/articles/jws2znftay/1634856120356/clean-shot-2021-10-21-at-15-41-49-2-x.png
Topics list:
['/Users/douglasbothwell/Desktop/hd-docs-migrate/hd-convert/STAGE_docs/docs/service-reliability-management/service-reliability-management-onboard/slo-driven-deployment-governance.md', '/Users/douglasbothwell/Desktop/hd-docs-migrate/hd-convert/STAGE_docs/docs/service-reliability-management/service-reliability-management-onboard/slo-driven-deployment-governance.md', '/Users/douglasbothwell/Desktop/hd-docs-migrate/hd-convert/STAGE_docs/docs/service-reliability-management/service-reliability-management-onboard/slo-driven-deployment-governance.md']
-------------------------
[WARNING2] Image download failed:       https://files.helpdocs.io/i5nl071jo5/articles/jws2znftay/1634856120356/clean-shot-2021-10-21-at-15-41-49-2-x.png)](https://files.helpdocs.io/i5nl071jo5/articles/jws2znftay/1634856120356/clean-shot-2021-10-21-at-15-41-49-2-x.png
	Try the curl command, see end of log
	 Failed download:  https://files.helpdocs.io/i5nl071jo5/articles/jws2znftay/1634856120356/clean-shot-2021-10-21-at-15-41-49-2-x.png)](https://files.helpdocs.io/i5nl071jo5/articles/jws2znftay/1634856120356/clean-shot-2021-10-21-at-15-41-49-2-x.png
-------------------------
[WARNING1] Image URL referenced in multiple topics:       https://files.helpdocs.io/i5nl071jo5/articles/jws2znftay/1636584541766/clean-shot-2021-11-10-at-14-48-45-2-x.png)](https://files.helpdocs.io/i5nl071jo5/articles/jws2znftay/1636584541766/clean-shot-2021-11-10-at-14-48-45-2-x.png
Image filename:       https://files.helpdocs.io/i5nl071jo5/articles/jws2znftay/1636584541766/clean-shot-2021-11-10-at-14-48-45-2-x.png)](https://files.helpdocs.io/i5nl071jo5/articles/jws2znftay/1636584541766/clean-shot-2021-11-10-at-14-48-45-2-x.png
Topics list:
['/Users/douglasbothwell/Desktop/hd-docs-migrate/hd-convert/STAGE_docs/docs/service-reliability-management/service-reliability-management-onboard/slo-driven-deployment-governance.md', '/Users/douglasbothwell/Desktop/hd-docs-migrate/hd-convert/STAGE_docs/docs/service-reliability-management/service-reliability-management-onboard/slo-driven-deployment-governance.md', '/Users/douglasbothwell/Desktop/hd-docs-migrate/hd-convert/STAGE_docs/docs/service-reliability-management/service-reliability-management-onboard/slo-driven-deployment-governance.md']
-------------------------
[WARNING2] Image download failed:       https://files.helpdocs.io/i5nl071jo5/articles/jws2znftay/1636584541766/clean-shot-2021-11-10-at-14-48-45-2-x.png)](https://files.helpdocs.io/i5nl071jo5/articles/jws2znftay/1636584541766/clean-shot-2021-11-10-at-14-48-45-2-x.png
	Try the curl command, see end of log
	 Failed download:  https://files.helpdocs.io/i5nl071jo5/articles/jws2znftay/1636584541766/clean-shot-2021-11-10-at-14-48-45-2-x.png)](https://files.helpdocs.io/i5nl071jo5/articles/jws2znftay/1636584541766/clean-shot-2021-11-10-at-14-48-45-2-x.png
-------------------------
[WARNING1] Image URL referenced in multiple topics:       https://files.helpdocs.io/i5nl071jo5/articles/jws2znftay/1634859288101/clean-shot-2021-10-21-at-16-34-28-2-x.png)](https://files.helpdocs.io/i5nl071jo5/articles/jws2znftay/1634859288101/clean-shot-2021-10-21-at-16-34-28-2-x.png
Image filename:       https://files.helpdocs.io/i5nl071jo5/articles/jws2znftay/1634859288101/clean-shot-2021-10-21-at-16-34-28-2-x.png)](https://files.helpdocs.io/i5nl071jo5/articles/jws2znftay/1634859288101/clean-shot-2021-10-21-at-16-34-28-2-x.png
Topics list:
['/Users/douglasbothwell/Desktop/hd-docs-migrate/hd-convert/STAGE_docs/docs/service-reliability-management/service-reliability-management-onboard/slo-driven-deployment-governance.md', '/Users/douglasbothwell/Desktop/hd-docs-migrate/hd-convert/STAGE_docs/docs/service-reliability-management/service-reliability-management-onboard/slo-driven-deployment-governance.md', '/Users/douglasbothwell/Desktop/hd-docs-migrate/hd-convert/STAGE_docs/docs/service-reliability-management/service-reliability-management-onboard/slo-driven-deployment-governance.md']
-------------------------
[WARNING2] Image download failed:       https://files.helpdocs.io/i5nl071jo5/articles/jws2znftay/1634859288101/clean-shot-2021-10-21-at-16-34-28-2-x.png)](https://files.helpdocs.io/i5nl071jo5/articles/jws2znftay/1634859288101/clean-shot-2021-10-21-at-16-34-28-2-x.png
	Try the curl command, see end of log
	 Failed download:  https://files.helpdocs.io/i5nl071jo5/articles/jws2znftay/1634859288101/clean-shot-2021-10-21-at-16-34-28-2-x.png)](https://files.helpdocs.io/i5nl071jo5/articles/jws2znftay/1634859288101/clean-shot-2021-10-21-at-16-34-28-2-x.png
-------------------------
[WARNING1] Image URL referenced in multiple topics:       https://files.helpdocs.io/i5nl071jo5/articles/jws2znftay/1634859546331/clean-shot-2021-10-21-at-16-38-59-2-x.png)](https://files.helpdocs.io/i5nl071jo5/articles/jws2znftay/1634859546331/clean-shot-2021-10-21-at-16-38-59-2-x.png
Image filename:       https://files.helpdocs.io/i5nl071jo5/articles/jws2znftay/1634859546331/clean-shot-2021-10-21-at-16-38-59-2-x.png)](https://files.helpdocs.io/i5nl071jo5/articles/jws2znftay/1634859546331/clean-shot-2021-10-21-at-16-38-59-2-x.png
Topics list:
['/Users/douglasbothwell/Desktop/hd-docs-migrate/hd-convert/STAGE_docs/docs/service-reliability-management/service-reliability-management-onboard/slo-driven-deployment-governance.md', '/Users/douglasbothwell/Desktop/hd-docs-migrate/hd-convert/STAGE_docs/docs/service-reliability-management/service-reliability-management-onboard/slo-driven-deployment-governance.md', '/Users/douglasbothwell/Desktop/hd-docs-migrate/hd-convert/STAGE_docs/docs/service-reliability-management/service-reliability-management-onboard/slo-driven-deployment-governance.md']
-------------------------
[WARNING2] Image download failed:       https://files.helpdocs.io/i5nl071jo5/articles/jws2znftay/1634859546331/clean-shot-2021-10-21-at-16-38-59-2-x.png)](https://files.helpdocs.io/i5nl071jo5/articles/jws2znftay/1634859546331/clean-shot-2021-10-21-at-16-38-59-2-x.png
	Try the curl command, see end of log
	 Failed download:  https://files.helpdocs.io/i5nl071jo5/articles/jws2znftay/1634859546331/clean-shot-2021-10-21-at-16-38-59-2-x.png)](https://files.helpdocs.io/i5nl071jo5/articles/jws2znftay/1634859546331/clean-shot-2021-10-21-at-16-38-59-2-x.png
-------------------------
[WARNING1] Image URL referenced in multiple topics:       https://files.helpdocs.io/i5nl071jo5/articles/jws2znftay/1634859678660/clean-shot-2021-10-21-at-16-40-28-2-x.png)](https://files.helpdocs.io/i5nl071jo5/articles/jws2znftay/1634859678660/clean-shot-2021-10-21-at-16-40-28-2-x.png
Image filename:       https://files.helpdocs.io/i5nl071jo5/articles/jws2znftay/1634859678660/clean-shot-2021-10-21-at-16-40-28-2-x.png)](https://files.helpdocs.io/i5nl071jo5/articles/jws2znftay/1634859678660/clean-shot-2021-10-21-at-16-40-28-2-x.png
Topics list:
['/Users/douglasbothwell/Desktop/hd-docs-migrate/hd-convert/STAGE_docs/docs/service-reliability-management/service-reliability-management-onboard/slo-driven-deployment-governance.md', '/Users/douglasbothwell/Desktop/hd-docs-migrate/hd-convert/STAGE_docs/docs/service-reliability-management/service-reliability-management-onboard/slo-driven-deployment-governance.md', '/Users/douglasbothwell/Desktop/hd-docs-migrate/hd-convert/STAGE_docs/docs/service-reliability-management/service-reliability-management-onboard/slo-driven-deployment-governance.md']
-------------------------
[WARNING2] Image download failed:       https://files.helpdocs.io/i5nl071jo5/articles/jws2znftay/1634859678660/clean-shot-2021-10-21-at-16-40-28-2-x.png)](https://files.helpdocs.io/i5nl071jo5/articles/jws2znftay/1634859678660/clean-shot-2021-10-21-at-16-40-28-2-x.png
	Try the curl command, see end of log
	 Failed download:  https://files.helpdocs.io/i5nl071jo5/articles/jws2znftay/1634859678660/clean-shot-2021-10-21-at-16-40-28-2-x.png)](https://files.helpdocs.io/i5nl071jo5/articles/jws2znftay/1634859678660/clean-shot-2021-10-21-at-16-40-28-2-x.png
-------------------------
[WARNING1] Image URL referenced in multiple topics:       https://files.helpdocs.io/kw8ldg1itf/articles/cbj5uuzpbu/1665464267825/srm-main-menu.png)](https://files.helpdocs.io/i5nl071jo5/articles/trlszsj5lh/1647404699590/screenshot-2022-03-16-at-9-54-38-am.png
Image filename:       https://files.helpdocs.io/kw8ldg1itf/articles/cbj5uuzpbu/1665464267825/srm-main-menu.png)](https://files.helpdocs.io/i5nl071jo5/articles/trlszsj5lh/1647404699590/screenshot-2022-03-16-at-9-54-38-am.png
Topics list:
['/Users/douglasbothwell/Desktop/hd-docs-migrate/hd-convert/STAGE_docs/docs/service-reliability-management/error-tracking-category/error-tracking-in-srm.md', '/Users/douglasbothwell/Desktop/hd-docs-migrate/hd-convert/STAGE_docs/docs/service-reliability-management/error-tracking-category/error-tracking-in-srm.md', '/Users/douglasbothwell/Desktop/hd-docs-migrate/hd-convert/STAGE_docs/docs/service-reliability-management/error-tracking-category/error-tracking-in-srm.md']
-------------------------
[WARNING2] Image download failed:       https://files.helpdocs.io/kw8ldg1itf/articles/cbj5uuzpbu/1665464267825/srm-main-menu.png)](https://files.helpdocs.io/i5nl071jo5/articles/trlszsj5lh/1647404699590/screenshot-2022-03-16-at-9-54-38-am.png
	Try the curl command, see end of log
	 Failed download:  https://files.helpdocs.io/kw8ldg1itf/articles/cbj5uuzpbu/1665464267825/srm-main-menu.png)](https://files.helpdocs.io/i5nl071jo5/articles/trlszsj5lh/1647404699590/screenshot-2022-03-16-at-9-54-38-am.png
-------------------------
[WARNING1] Image URL referenced in multiple topics:       https://files.helpdocs.io/kw8ldg1itf/articles/cbj5uuzpbu/1665464306563/add-new-monitored-service.png)](https://files.helpdocs.io/i5nl071jo5/articles/rvneg74vmk/1634045442446/screenshot-2021-10-12-at-7-00-22-pm.png
Image filename:       https://files.helpdocs.io/kw8ldg1itf/articles/cbj5uuzpbu/1665464306563/add-new-monitored-service.png)](https://files.helpdocs.io/i5nl071jo5/articles/rvneg74vmk/1634045442446/screenshot-2021-10-12-at-7-00-22-pm.png
Topics list:
['/Users/douglasbothwell/Desktop/hd-docs-migrate/hd-convert/STAGE_docs/docs/service-reliability-management/error-tracking-category/error-tracking-in-srm.md', '/Users/douglasbothwell/Desktop/hd-docs-migrate/hd-convert/STAGE_docs/docs/service-reliability-management/error-tracking-category/error-tracking-in-srm.md', '/Users/douglasbothwell/Desktop/hd-docs-migrate/hd-convert/STAGE_docs/docs/service-reliability-management/error-tracking-category/error-tracking-in-srm.md']
-------------------------
[WARNING2] Image download failed:       https://files.helpdocs.io/kw8ldg1itf/articles/cbj5uuzpbu/1665464306563/add-new-monitored-service.png)](https://files.helpdocs.io/i5nl071jo5/articles/rvneg74vmk/1634045442446/screenshot-2021-10-12-at-7-00-22-pm.png
	Try the curl command, see end of log
	 Failed download:  https://files.helpdocs.io/kw8ldg1itf/articles/cbj5uuzpbu/1665464306563/add-new-monitored-service.png)](https://files.helpdocs.io/i5nl071jo5/articles/rvneg74vmk/1634045442446/screenshot-2021-10-12-at-7-00-22-pm.png
-------------------------
[WARNING1] Image URL referenced in multiple topics:       https://files.helpdocs.io/kw8ldg1itf/articles/cbj5uuzpbu/1665464472465/add-new-health-source.png)](https://files.helpdocs.io/i5nl071jo5/articles/trlszsj5lh/1647411716886/screenshot-2022-03-16-at-11-51-40-am.png
Image filename:       https://files.helpdocs.io/kw8ldg1itf/articles/cbj5uuzpbu/1665464472465/add-new-health-source.png)](https://files.helpdocs.io/i5nl071jo5/articles/trlszsj5lh/1647411716886/screenshot-2022-03-16-at-11-51-40-am.png
Topics list:
['/Users/douglasbothwell/Desktop/hd-docs-migrate/hd-convert/STAGE_docs/docs/service-reliability-management/error-tracking-category/error-tracking-in-srm.md', '/Users/douglasbothwell/Desktop/hd-docs-migrate/hd-convert/STAGE_docs/docs/service-reliability-management/error-tracking-category/error-tracking-in-srm.md', '/Users/douglasbothwell/Desktop/hd-docs-migrate/hd-convert/STAGE_docs/docs/service-reliability-management/error-tracking-category/error-tracking-in-srm.md']
-------------------------
[WARNING2] Image download failed:       https://files.helpdocs.io/kw8ldg1itf/articles/cbj5uuzpbu/1665464472465/add-new-health-source.png)](https://files.helpdocs.io/i5nl071jo5/articles/trlszsj5lh/1647411716886/screenshot-2022-03-16-at-11-51-40-am.png
	Try the curl command, see end of log
	 Failed download:  https://files.helpdocs.io/kw8ldg1itf/articles/cbj5uuzpbu/1665464472465/add-new-health-source.png)](https://files.helpdocs.io/i5nl071jo5/articles/trlszsj5lh/1647411716886/screenshot-2022-03-16-at-11-51-40-am.png
-------------------------
[WARNING1] Image URL referenced in multiple topics:       https://files.helpdocs.io/kw8ldg1itf/articles/cbj5uuzpbu/1665464570659/service-health-dashboard.png)1. Scroll up on the **Service Health** dashboard and then click the **Errors** tab. A list of all the identified errors appears.![](https://files.helpdocs.io/kw8ldg1itf/articles/cbj5uuzpbu/1665465250003/error-logs.png
Image filename:       https://files.helpdocs.io/kw8ldg1itf/articles/cbj5uuzpbu/1665464570659/service-health-dashboard.png)1. Scroll up on the **Service Health** dashboard and then click the **Errors** tab. A list of all the identified errors appears.![](https://files.helpdocs.io/kw8ldg1itf/articles/cbj5uuzpbu/1665465250003/error-logs.png
Topics list:
['/Users/douglasbothwell/Desktop/hd-docs-migrate/hd-convert/STAGE_docs/docs/service-reliability-management/error-tracking-category/error-tracking-in-srm.md', '/Users/douglasbothwell/Desktop/hd-docs-migrate/hd-convert/STAGE_docs/docs/service-reliability-management/error-tracking-category/error-tracking-in-srm.md', '/Users/douglasbothwell/Desktop/hd-docs-migrate/hd-convert/STAGE_docs/docs/service-reliability-management/error-tracking-category/error-tracking-in-srm.md']
-------------------------
[WARNING2] Image download failed:       https://files.helpdocs.io/kw8ldg1itf/articles/cbj5uuzpbu/1665464570659/service-health-dashboard.png)1. Scroll up on the **Service Health** dashboard and then click the **Errors** tab. A list of all the identified errors appears.![](https://files.helpdocs.io/kw8ldg1itf/articles/cbj5uuzpbu/1665465250003/error-logs.png
	Try the curl command, see end of log
	 Failed download:  https://files.helpdocs.io/kw8ldg1itf/articles/cbj5uuzpbu/1665464570659/service-health-dashboard.png)1. Scroll up on the **Service Health** dashboard and then click the **Errors** tab. A list of all the identified errors appears.![](https://files.helpdocs.io/kw8ldg1itf/articles/cbj5uuzpbu/1665465250003/error-logs.png
# file not downloaded in /Users/douglasbothwell/Desktop/hd-docs-migrate/hd-convert/STAGE_docs/docs/service-reliability-management/service-reliability-management-onboard/slo-driven-deployment-governance.md
curl -o LOCAL_IMAGE_FILENAME /Users/douglasbothwell/Desktop/hd-docs-migrate/hd-convert/STAGE_docs/docs/service-reliability-management/service-reliability-management-onboard/static/slo-driven-deployment-governance-28.png https://files.helpdocs.io/i5nl071jo5/articles/jws2znftay/1634844532487/clean-shot-2021-10-21-at-12-28-33.png)](https://files.helpdocs.io/i5nl071jo5/articles/jws2znftay/1634844532487/clean-shot-2021-10-21-at-12-28-33.png
# file not downloaded in /Users/douglasbothwell/Desktop/hd-docs-migrate/hd-convert/STAGE_docs/docs/service-reliability-management/service-reliability-management-onboard/slo-driven-deployment-governance.md
curl -o LOCAL_IMAGE_FILENAME /Users/douglasbothwell/Desktop/hd-docs-migrate/hd-convert/STAGE_docs/docs/service-reliability-management/service-reliability-management-onboard/static/slo-driven-deployment-governance-29.png https://files.helpdocs.io/i5nl071jo5/articles/jws2znftay/1634856120356/clean-shot-2021-10-21-at-15-41-49-2-x.png)](https://files.helpdocs.io/i5nl071jo5/articles/jws2znftay/1634856120356/clean-shot-2021-10-21-at-15-41-49-2-x.png
# file not downloaded in /Users/douglasbothwell/Desktop/hd-docs-migrate/hd-convert/STAGE_docs/docs/service-reliability-management/service-reliability-management-onboard/slo-driven-deployment-governance.md
curl -o LOCAL_IMAGE_FILENAME /Users/douglasbothwell/Desktop/hd-docs-migrate/hd-convert/STAGE_docs/docs/service-reliability-management/service-reliability-management-onboard/static/slo-driven-deployment-governance-29.png https://files.helpdocs.io/i5nl071jo5/articles/jws2znftay/1636584541766/clean-shot-2021-11-10-at-14-48-45-2-x.png)](https://files.helpdocs.io/i5nl071jo5/articles/jws2znftay/1636584541766/clean-shot-2021-11-10-at-14-48-45-2-x.png
# file not downloaded in /Users/douglasbothwell/Desktop/hd-docs-migrate/hd-convert/STAGE_docs/docs/service-reliability-management/service-reliability-management-onboard/slo-driven-deployment-governance.md
curl -o LOCAL_IMAGE_FILENAME /Users/douglasbothwell/Desktop/hd-docs-migrate/hd-convert/STAGE_docs/docs/service-reliability-management/service-reliability-management-onboard/static/slo-driven-deployment-governance-32.png https://files.helpdocs.io/i5nl071jo5/articles/jws2znftay/1634859288101/clean-shot-2021-10-21-at-16-34-28-2-x.png)](https://files.helpdocs.io/i5nl071jo5/articles/jws2znftay/1634859288101/clean-shot-2021-10-21-at-16-34-28-2-x.png
# file not downloaded in /Users/douglasbothwell/Desktop/hd-docs-migrate/hd-convert/STAGE_docs/docs/service-reliability-management/service-reliability-management-onboard/slo-driven-deployment-governance.md
curl -o LOCAL_IMAGE_FILENAME /Users/douglasbothwell/Desktop/hd-docs-migrate/hd-convert/STAGE_docs/docs/service-reliability-management/service-reliability-management-onboard/static/slo-driven-deployment-governance-33.png https://files.helpdocs.io/i5nl071jo5/articles/jws2znftay/1634859546331/clean-shot-2021-10-21-at-16-38-59-2-x.png)](https://files.helpdocs.io/i5nl071jo5/articles/jws2znftay/1634859546331/clean-shot-2021-10-21-at-16-38-59-2-x.png
# file not downloaded in /Users/douglasbothwell/Desktop/hd-docs-migrate/hd-convert/STAGE_docs/docs/service-reliability-management/service-reliability-management-onboard/slo-driven-deployment-governance.md
curl -o LOCAL_IMAGE_FILENAME /Users/douglasbothwell/Desktop/hd-docs-migrate/hd-convert/STAGE_docs/docs/service-reliability-management/service-reliability-management-onboard/static/slo-driven-deployment-governance-33.png https://files.helpdocs.io/i5nl071jo5/articles/jws2znftay/1634859678660/clean-shot-2021-10-21-at-16-40-28-2-x.png)](https://files.helpdocs.io/i5nl071jo5/articles/jws2znftay/1634859678660/clean-shot-2021-10-21-at-16-40-28-2-x.png
# file not downloaded in /Users/douglasbothwell/Desktop/hd-docs-migrate/hd-convert/STAGE_docs/docs/service-reliability-management/error-tracking-category/error-tracking-in-srm.md
curl -o LOCAL_IMAGE_FILENAME /Users/douglasbothwell/Desktop/hd-docs-migrate/hd-convert/STAGE_docs/docs/service-reliability-management/error-tracking-category/static/error-tracking-in-srm-00.png https://files.helpdocs.io/kw8ldg1itf/articles/cbj5uuzpbu/1665464267825/srm-main-menu.png)](https://files.helpdocs.io/i5nl071jo5/articles/trlszsj5lh/1647404699590/screenshot-2022-03-16-at-9-54-38-am.png
# file not downloaded in /Users/douglasbothwell/Desktop/hd-docs-migrate/hd-convert/STAGE_docs/docs/service-reliability-management/error-tracking-category/error-tracking-in-srm.md
curl -o LOCAL_IMAGE_FILENAME /Users/douglasbothwell/Desktop/hd-docs-migrate/hd-convert/STAGE_docs/docs/service-reliability-management/error-tracking-category/static/error-tracking-in-srm-00.png https://files.helpdocs.io/kw8ldg1itf/articles/cbj5uuzpbu/1665464306563/add-new-monitored-service.png)](https://files.helpdocs.io/i5nl071jo5/articles/rvneg74vmk/1634045442446/screenshot-2021-10-12-at-7-00-22-pm.png
# file not downloaded in /Users/douglasbothwell/Desktop/hd-docs-migrate/hd-convert/STAGE_docs/docs/service-reliability-management/error-tracking-category/error-tracking-in-srm.md
curl -o LOCAL_IMAGE_FILENAME /Users/douglasbothwell/Desktop/hd-docs-migrate/hd-convert/STAGE_docs/docs/service-reliability-management/error-tracking-category/static/error-tracking-in-srm-00.png https://files.helpdocs.io/kw8ldg1itf/articles/cbj5uuzpbu/1665464472465/add-new-health-source.png)](https://files.helpdocs.io/i5nl071jo5/articles/trlszsj5lh/1647411716886/screenshot-2022-03-16-at-11-51-40-am.png
# file not downloaded in /Users/douglasbothwell/Desktop/hd-docs-migrate/hd-convert/STAGE_docs/docs/service-reliability-management/error-tracking-category/error-tracking-in-srm.md
curl -o LOCAL_IMAGE_FILENAME /Users/douglasbothwell/Desktop/hd-docs-migrate/hd-convert/STAGE_docs/docs/service-reliability-management/error-tracking-category/static/error-tracking-in-srm-00.png https://files.helpdocs.io/kw8ldg1itf/articles/cbj5uuzpbu/1665464570659/service-health-dashboard.png)1. Scroll up on the **Service Health** dashboard and then click the **Errors** tab. A list of all the identified errors appears.![](https://files.helpdocs.io/kw8ldg1itf/articles/cbj5uuzpbu/1665465250003/error-logs.png
# file not downloaded in /Users/douglasbothwell/Desktop/hd-docs-migrate/hd-convert/STAGE_docs/docs/service-reliability-management/service-reliability-management-onboard/slo-driven-deployment-governance.md
curl -o LOCAL_IMAGE_FILENAME /Users/douglasbothwell/Desktop/hd-docs-migrate/hd-convert/STAGE_docs/docs/service-reliability-management/service-reliability-management-onboard/static/slo-driven-deployment-governance-56.png https://files.helpdocs.io/i5nl071jo5/articles/jws2znftay/1634844532487/clean-shot-2021-10-21-at-12-28-33.png)](https://files.helpdocs.io/i5nl071jo5/articles/jws2znftay/1634844532487/clean-shot-2021-10-21-at-12-28-33.png
# file not downloaded in /Users/douglasbothwell/Desktop/hd-docs-migrate/hd-convert/STAGE_docs/docs/service-reliability-management/service-reliability-management-onboard/slo-driven-deployment-governance.md
curl -o LOCAL_IMAGE_FILENAME /Users/douglasbothwell/Desktop/hd-docs-migrate/hd-convert/STAGE_docs/docs/service-reliability-management/service-reliability-management-onboard/static/slo-driven-deployment-governance-56.png https://files.helpdocs.io/i5nl071jo5/articles/jws2znftay/1634856120356/clean-shot-2021-10-21-at-15-41-49-2-x.png)](https://files.helpdocs.io/i5nl071jo5/articles/jws2znftay/1634856120356/clean-shot-2021-10-21-at-15-41-49-2-x.png
# file not downloaded in /Users/douglasbothwell/Desktop/hd-docs-migrate/hd-convert/STAGE_docs/docs/service-reliability-management/service-reliability-management-onboard/slo-driven-deployment-governance.md
curl -o LOCAL_IMAGE_FILENAME /Users/douglasbothwell/Desktop/hd-docs-migrate/hd-convert/STAGE_docs/docs/service-reliability-management/service-reliability-management-onboard/static/slo-driven-deployment-governance-56.png https://files.helpdocs.io/i5nl071jo5/articles/jws2znftay/1636584541766/clean-shot-2021-11-10-at-14-48-45-2-x.png)](https://files.helpdocs.io/i5nl071jo5/articles/jws2znftay/1636584541766/clean-shot-2021-11-10-at-14-48-45-2-x.png
# file not downloaded in /Users/douglasbothwell/Desktop/hd-docs-migrate/hd-convert/STAGE_docs/docs/service-reliability-management/service-reliability-management-onboard/slo-driven-deployment-governance.md
curl -o LOCAL_IMAGE_FILENAME /Users/douglasbothwell/Desktop/hd-docs-migrate/hd-convert/STAGE_docs/docs/service-reliability-management/service-reliability-management-onboard/static/slo-driven-deployment-governance-56.png https://files.helpdocs.io/i5nl071jo5/articles/jws2znftay/1634859288101/clean-shot-2021-10-21-at-16-34-28-2-x.png)](https://files.helpdocs.io/i5nl071jo5/articles/jws2znftay/1634859288101/clean-shot-2021-10-21-at-16-34-28-2-x.png
# file not downloaded in /Users/douglasbothwell/Desktop/hd-docs-migrate/hd-convert/STAGE_docs/docs/service-reliability-management/service-reliability-management-onboard/slo-driven-deployment-governance.md
curl -o LOCAL_IMAGE_FILENAME /Users/douglasbothwell/Desktop/hd-docs-migrate/hd-convert/STAGE_docs/docs/service-reliability-management/service-reliability-management-onboard/static/slo-driven-deployment-governance-56.png https://files.helpdocs.io/i5nl071jo5/articles/jws2znftay/1634859546331/clean-shot-2021-10-21-at-16-38-59-2-x.png)](https://files.helpdocs.io/i5nl071jo5/articles/jws2znftay/1634859546331/clean-shot-2021-10-21-at-16-38-59-2-x.png
# file not downloaded in /Users/douglasbothwell/Desktop/hd-docs-migrate/hd-convert/STAGE_docs/docs/service-reliability-management/service-reliability-management-onboard/slo-driven-deployment-governance.md
curl -o LOCAL_IMAGE_FILENAME /Users/douglasbothwell/Desktop/hd-docs-migrate/hd-convert/STAGE_docs/docs/service-reliability-management/service-reliability-management-onboard/static/slo-driven-deployment-governance-56.png https://files.helpdocs.io/i5nl071jo5/articles/jws2znftay/1634859678660/clean-shot-2021-10-21-at-16-40-28-2-x.png)](https://files.helpdocs.io/i5nl071jo5/articles/jws2znftay/1634859678660/clean-shot-2021-10-21-at-16-40-28-2-x.png
# file not downloaded in /Users/douglasbothwell/Desktop/hd-docs-migrate/hd-convert/STAGE_docs/docs/service-reliability-management/error-tracking-category/error-tracking-in-srm.md
curl -o LOCAL_IMAGE_FILENAME /Users/douglasbothwell/Desktop/hd-docs-migrate/hd-convert/STAGE_docs/docs/service-reliability-management/error-tracking-category/static/error-tracking-in-srm-01.png https://files.helpdocs.io/kw8ldg1itf/articles/cbj5uuzpbu/1665464267825/srm-main-menu.png)](https://files.helpdocs.io/i5nl071jo5/articles/trlszsj5lh/1647404699590/screenshot-2022-03-16-at-9-54-38-am.png
# file not downloaded in /Users/douglasbothwell/Desktop/hd-docs-migrate/hd-convert/STAGE_docs/docs/service-reliability-management/error-tracking-category/error-tracking-in-srm.md
curl -o LOCAL_IMAGE_FILENAME /Users/douglasbothwell/Desktop/hd-docs-migrate/hd-convert/STAGE_docs/docs/service-reliability-management/error-tracking-category/static/error-tracking-in-srm-01.png https://files.helpdocs.io/kw8ldg1itf/articles/cbj5uuzpbu/1665464306563/add-new-monitored-service.png)](https://files.helpdocs.io/i5nl071jo5/articles/rvneg74vmk/1634045442446/screenshot-2021-10-12-at-7-00-22-pm.png
# file not downloaded in /Users/douglasbothwell/Desktop/hd-docs-migrate/hd-convert/STAGE_docs/docs/service-reliability-management/error-tracking-category/error-tracking-in-srm.md
curl -o LOCAL_IMAGE_FILENAME /Users/douglasbothwell/Desktop/hd-docs-migrate/hd-convert/STAGE_docs/docs/service-reliability-management/error-tracking-category/static/error-tracking-in-srm-01.png https://files.helpdocs.io/kw8ldg1itf/articles/cbj5uuzpbu/1665464472465/add-new-health-source.png)](https://files.helpdocs.io/i5nl071jo5/articles/trlszsj5lh/1647411716886/screenshot-2022-03-16-at-11-51-40-am.png
# file not downloaded in /Users/douglasbothwell/Desktop/hd-docs-migrate/hd-convert/STAGE_docs/docs/service-reliability-management/error-tracking-category/error-tracking-in-srm.md
curl -o LOCAL_IMAGE_FILENAME /Users/douglasbothwell/Desktop/hd-docs-migrate/hd-convert/STAGE_docs/docs/service-reliability-management/error-tracking-category/static/error-tracking-in-srm-01.png https://files.helpdocs.io/kw8ldg1itf/articles/cbj5uuzpbu/1665464570659/service-health-dashboard.png)1. Scroll up on the **Service Health** dashboard and then click the **Errors** tab. A list of all the identified errors appears.![](https://files.helpdocs.io/kw8ldg1itf/articles/cbj5uuzpbu/1665465250003/error-logs.png
# file not downloaded in /Users/douglasbothwell/Desktop/hd-docs-migrate/hd-convert/STAGE_docs/docs/service-reliability-management/service-reliability-management-onboard/slo-driven-deployment-governance.md
curl -o LOCAL_IMAGE_FILENAME /Users/douglasbothwell/Desktop/hd-docs-migrate/hd-convert/STAGE_docs/docs/service-reliability-management/service-reliability-management-onboard/static/slo-driven-deployment-governance-56.png https://files.helpdocs.io/i5nl071jo5/articles/jws2znftay/1634844532487/clean-shot-2021-10-21-at-12-28-33.png)](https://files.helpdocs.io/i5nl071jo5/articles/jws2znftay/1634844532487/clean-shot-2021-10-21-at-12-28-33.png
# file not downloaded in /Users/douglasbothwell/Desktop/hd-docs-migrate/hd-convert/STAGE_docs/docs/service-reliability-management/service-reliability-management-onboard/slo-driven-deployment-governance.md
curl -o LOCAL_IMAGE_FILENAME /Users/douglasbothwell/Desktop/hd-docs-migrate/hd-convert/STAGE_docs/docs/service-reliability-management/service-reliability-management-onboard/static/slo-driven-deployment-governance-56.png https://files.helpdocs.io/i5nl071jo5/articles/jws2znftay/1634856120356/clean-shot-2021-10-21-at-15-41-49-2-x.png)](https://files.helpdocs.io/i5nl071jo5/articles/jws2znftay/1634856120356/clean-shot-2021-10-21-at-15-41-49-2-x.png
# file not downloaded in /Users/douglasbothwell/Desktop/hd-docs-migrate/hd-convert/STAGE_docs/docs/service-reliability-management/service-reliability-management-onboard/slo-driven-deployment-governance.md
curl -o LOCAL_IMAGE_FILENAME /Users/douglasbothwell/Desktop/hd-docs-migrate/hd-convert/STAGE_docs/docs/service-reliability-management/service-reliability-management-onboard/static/slo-driven-deployment-governance-56.png https://files.helpdocs.io/i5nl071jo5/articles/jws2znftay/1636584541766/clean-shot-2021-11-10-at-14-48-45-2-x.png)](https://files.helpdocs.io/i5nl071jo5/articles/jws2znftay/1636584541766/clean-shot-2021-11-10-at-14-48-45-2-x.png
# file not downloaded in /Users/douglasbothwell/Desktop/hd-docs-migrate/hd-convert/STAGE_docs/docs/service-reliability-management/service-reliability-management-onboard/slo-driven-deployment-governance.md
curl -o LOCAL_IMAGE_FILENAME /Users/douglasbothwell/Desktop/hd-docs-migrate/hd-convert/STAGE_docs/docs/service-reliability-management/service-reliability-management-onboard/static/slo-driven-deployment-governance-56.png https://files.helpdocs.io/i5nl071jo5/articles/jws2znftay/1634859288101/clean-shot-2021-10-21-at-16-34-28-2-x.png)](https://files.helpdocs.io/i5nl071jo5/articles/jws2znftay/1634859288101/clean-shot-2021-10-21-at-16-34-28-2-x.png
# file not downloaded in /Users/douglasbothwell/Desktop/hd-docs-migrate/hd-convert/STAGE_docs/docs/service-reliability-management/service-reliability-management-onboard/slo-driven-deployment-governance.md
curl -o LOCAL_IMAGE_FILENAME /Users/douglasbothwell/Desktop/hd-docs-migrate/hd-convert/STAGE_docs/docs/service-reliability-management/service-reliability-management-onboard/static/slo-driven-deployment-governance-56.png https://files.helpdocs.io/i5nl071jo5/articles/jws2znftay/1634859546331/clean-shot-2021-10-21-at-16-38-59-2-x.png)](https://files.helpdocs.io/i5nl071jo5/articles/jws2znftay/1634859546331/clean-shot-2021-10-21-at-16-38-59-2-x.png
# file not downloaded in /Users/douglasbothwell/Desktop/hd-docs-migrate/hd-convert/STAGE_docs/docs/service-reliability-management/service-reliability-management-onboard/slo-driven-deployment-governance.md
curl -o LOCAL_IMAGE_FILENAME /Users/douglasbothwell/Desktop/hd-docs-migrate/hd-convert/STAGE_docs/docs/service-reliability-management/service-reliability-management-onboard/static/slo-driven-deployment-governance-56.png https://files.helpdocs.io/i5nl071jo5/articles/jws2znftay/1634859678660/clean-shot-2021-10-21-at-16-40-28-2-x.png)](https://files.helpdocs.io/i5nl071jo5/articles/jws2znftay/1634859678660/clean-shot-2021-10-21-at-16-40-28-2-x.png
# file not downloaded in /Users/douglasbothwell/Desktop/hd-docs-migrate/hd-convert/STAGE_docs/docs/service-reliability-management/error-tracking-category/error-tracking-in-srm.md
curl -o LOCAL_IMAGE_FILENAME /Users/douglasbothwell/Desktop/hd-docs-migrate/hd-convert/STAGE_docs/docs/service-reliability-management/error-tracking-category/static/error-tracking-in-srm-01.png https://files.helpdocs.io/kw8ldg1itf/articles/cbj5uuzpbu/1665464267825/srm-main-menu.png)](https://files.helpdocs.io/i5nl071jo5/articles/trlszsj5lh/1647404699590/screenshot-2022-03-16-at-9-54-38-am.png
# file not downloaded in /Users/douglasbothwell/Desktop/hd-docs-migrate/hd-convert/STAGE_docs/docs/service-reliability-management/error-tracking-category/error-tracking-in-srm.md
curl -o LOCAL_IMAGE_FILENAME /Users/douglasbothwell/Desktop/hd-docs-migrate/hd-convert/STAGE_docs/docs/service-reliability-management/error-tracking-category/static/error-tracking-in-srm-01.png https://files.helpdocs.io/kw8ldg1itf/articles/cbj5uuzpbu/1665464306563/add-new-monitored-service.png)](https://files.helpdocs.io/i5nl071jo5/articles/rvneg74vmk/1634045442446/screenshot-2021-10-12-at-7-00-22-pm.png
# file not downloaded in /Users/douglasbothwell/Desktop/hd-docs-migrate/hd-convert/STAGE_docs/docs/service-reliability-management/error-tracking-category/error-tracking-in-srm.md
curl -o LOCAL_IMAGE_FILENAME /Users/douglasbothwell/Desktop/hd-docs-migrate/hd-convert/STAGE_docs/docs/service-reliability-management/error-tracking-category/static/error-tracking-in-srm-01.png https://files.helpdocs.io/kw8ldg1itf/articles/cbj5uuzpbu/1665464472465/add-new-health-source.png)](https://files.helpdocs.io/i5nl071jo5/articles/trlszsj5lh/1647411716886/screenshot-2022-03-16-at-11-51-40-am.png
# file not downloaded in /Users/douglasbothwell/Desktop/hd-docs-migrate/hd-convert/STAGE_docs/docs/service-reliability-management/error-tracking-category/error-tracking-in-srm.md
curl -o LOCAL_IMAGE_FILENAME /Users/douglasbothwell/Desktop/hd-docs-migrate/hd-convert/STAGE_docs/docs/service-reliability-management/error-tracking-category/static/error-tracking-in-srm-01.png https://files.helpdocs.io/kw8ldg1itf/articles/cbj5uuzpbu/1665464570659/service-health-dashboard.png)1. Scroll up on the **Service Health** dashboard and then click the **Errors** tab. A list of all the identified errors appears.![](https://files.helpdocs.io/kw8ldg1itf/articles/cbj5uuzpbu/1665465250003/error-logs.png
{'https://files.helpdocs.io/i5nl071jo5/articles/2231o2vs0p/1644385147190/change-timeline.png': ['/Users/douglasbothwell/Desktop/hd-docs-migrate/hd-convert/STAGE_docs/docs/service-reliability-management/service-reliability-management-onboard/change-impact-analysis-quickstart.md'],
 'https://files.helpdocs.io/i5nl071jo5/articles/2231o2vs0p/1645766852659/screenshot-2022-02-25-at-10-57-07-am.png': ['/Users/douglasbothwell/Desktop/hd-docs-migrate/hd-convert/STAGE_docs/docs/service-reliability-management/service-reliability-management-onboard/change-impact-analysis-quickstart.md'],
 'https://files.helpdocs.io/i5nl071jo5/articles/2231o2vs0p/1645769563937/screenshot-2022-02-25-at-11-42-25-am.png': ['/Users/douglasbothwell/Desktop/hd-docs-migrate/hd-convert/STAGE_docs/docs/service-reliability-management/service-reliability-management-onboard/change-impact-analysis-quickstart.md'],
 'https://files.helpdocs.io/i5nl071jo5/articles/29gfz9bmqc/1643813176698/screenshot-2022-02-02-at-8-15-59-pm.png': ['/Users/douglasbothwell/Desktop/hd-docs-migrate/hd-convert/STAGE_docs/docs/service-reliability-management/service-reliability-management-onboard/slo-management-quickstart.md'],
 'https://files.helpdocs.io/i5nl071jo5/articles/29gfz9bmqc/1643821326077/screenshot-2022-02-02-at-10-14-05-pm.png': ['/Users/douglasbothwell/Desktop/hd-docs-migrate/hd-convert/STAGE_docs/docs/service-reliability-management/service-reliability-management-onboard/slo-management-quickstart.md'],
 'https://files.helpdocs.io/i5nl071jo5/articles/29gfz9bmqc/1644906165617/screenshot-2022-02-15-at-11-52-25-am.png': ['/Users/douglasbothwell/Desktop/hd-docs-migrate/hd-convert/STAGE_docs/docs/service-reliability-management/service-reliability-management-onboard/slo-management-quickstart.md'],
 'https://files.helpdocs.io/i5nl071jo5/articles/29gfz9bmqc/1644906874903/screenshot-2022-02-15-at-12-04-15-pm.png': ['/Users/douglasbothwell/Desktop/hd-docs-migrate/hd-convert/STAGE_docs/docs/service-reliability-management/service-reliability-management-onboard/slo-management-quickstart.md'],
 'https://files.helpdocs.io/i5nl071jo5/articles/29gfz9bmqc/1645082741480/screenshot-2022-02-17-at-12-55-22-pm.png': ['/Users/douglasbothwell/Desktop/hd-docs-migrate/hd-convert/STAGE_docs/docs/service-reliability-management/service-reliability-management-onboard/slo-management-quickstart.md'],
 'https://files.helpdocs.io/i5nl071jo5/articles/29gfz9bmqc/1645084673091/screenshot-2022-02-17-at-1-27-27-pm.png': ['/Users/douglasbothwell/Desktop/hd-docs-migrate/hd-convert/STAGE_docs/docs/service-reliability-management/service-reliability-management-onboard/slo-management-quickstart.md'],
 'https://files.helpdocs.io/i5nl071jo5/articles/29gfz9bmqc/1645508011878/screenshot-2022-02-22-at-11-02-38-am.png': ['/Users/douglasbothwell/Desktop/hd-docs-migrate/hd-convert/STAGE_docs/docs/service-reliability-management/service-reliability-management-onboard/slo-management-quickstart.md'],
 'https://files.helpdocs.io/i5nl071jo5/articles/29gfz9bmqc/1645508778306/screenshot-2022-02-22-at-11-15-20-am.png': ['/Users/douglasbothwell/Desktop/hd-docs-migrate/hd-convert/STAGE_docs/docs/service-reliability-management/service-reliability-management-onboard/slo-management-quickstart.md'],
 'https://files.helpdocs.io/i5nl071jo5/articles/4bor7kyimj/1630453242576/clean-shot-2021-08-31-at-16-40-33.png': ['/Users/douglasbothwell/Desktop/hd-docs-migrate/hd-convert/STAGE_docs/docs/service-reliability-management/srm-notifications/srm-notifications.md'],
 'https://files.helpdocs.io/i5nl071jo5/articles/4bor7kyimj/1630453278886/image.png': ['/Users/douglasbothwell/Desktop/hd-docs-migrate/hd-convert/STAGE_docs/docs/service-reliability-management/srm-notifications/srm-notifications.md'],
 'https://files.helpdocs.io/i5nl071jo5/articles/4bor7kyimj/1630536383816/image.png': ['/Users/douglasbothwell/Desktop/hd-docs-migrate/hd-convert/STAGE_docs/docs/service-reliability-management/srm-notifications/srm-notifications.md'],
 'https://files.helpdocs.io/i5nl071jo5/articles/d3m9uo4mx0/1647326187987/screenshot-2022-03-15-at-12-06-08-pm.png': ['/Users/douglasbothwell/Desktop/hd-docs-migrate/hd-convert/STAGE_docs/docs/service-reliability-management/service-reliability-management-onboard/slo-driven-deployment-governance.md'],
 'https://files.helpdocs.io/i5nl071jo5/articles/d3m9uo4mx0/1647329559126/screenshot-2022-03-15-at-1-02-16-pm.png': ['/Users/douglasbothwell/Desktop/hd-docs-migrate/hd-convert/STAGE_docs/docs/service-reliability-management/service-reliability-management-onboard/slo-driven-deployment-governance.md'],
 'https://files.helpdocs.io/i5nl071jo5/articles/d3m9uo4mx0/1647332784474/screenshot-2022-03-15-at-1-55-28-pm.png': ['/Users/douglasbothwell/Desktop/hd-docs-migrate/hd-convert/STAGE_docs/docs/service-reliability-management/service-reliability-management-onboard/slo-driven-deployment-governance.md'],
 'https://files.helpdocs.io/i5nl071jo5/articles/d3m9uo4mx0/1647334392811/screenshot-2022-03-15-at-1-59-34-pm.png': ['/Users/douglasbothwell/Desktop/hd-docs-migrate/hd-convert/STAGE_docs/docs/service-reliability-management/service-reliability-management-onboard/slo-driven-deployment-governance.md'],
 'https://files.helpdocs.io/i5nl071jo5/articles/d3m9uo4mx0/1647334536744/screenshot-2022-03-15-at-2-24-38-pm.png': ['/Users/douglasbothwell/Desktop/hd-docs-migrate/hd-convert/STAGE_docs/docs/service-reliability-management/service-reliability-management-onboard/slo-driven-deployment-governance.md'],
 'https://files.helpdocs.io/i5nl071jo5/articles/d3m9uo4mx0/1647336765452/screenshot-2022-03-15-at-3-02-31-pm.png': ['/Users/douglasbothwell/Desktop/hd-docs-migrate/hd-convert/STAGE_docs/docs/service-reliability-management/service-reliability-management-onboard/slo-driven-deployment-governance.md'],
 'https://files.helpdocs.io/i5nl071jo5/articles/d3m9uo4mx0/1647338541870/screenshot-2022-03-15-at-3-32-05-pm.png': ['/Users/douglasbothwell/Desktop/hd-docs-migrate/hd-convert/STAGE_docs/docs/service-reliability-management/service-reliability-management-onboard/slo-driven-deployment-governance.md'],
 'https://files.helpdocs.io/i5nl071jo5/articles/d3m9uo4mx0/1647340209062/screenshot-2022-03-15-at-3-53-46-pm.png': ['/Users/douglasbothwell/Desktop/hd-docs-migrate/hd-convert/STAGE_docs/docs/service-reliability-management/service-reliability-management-onboard/slo-driven-deployment-governance.md'],
 'https://files.helpdocs.io/i5nl071jo5/articles/j1cu2xakq3/1643352156958/screenshot-2022-01-28-at-12-12-13-pm.png': ['/Users/douglasbothwell/Desktop/hd-docs-migrate/hd-convert/STAGE_docs/docs/service-reliability-management/service-reliability-management-onboard/change-impact-analysis-quickstart.md'],
 'https://files.helpdocs.io/i5nl071jo5/articles/j1cu2xakq3/1643353727864/screenshot-2022-01-28-at-12-38-28-pm.png': ['/Users/douglasbothwell/Desktop/hd-docs-migrate/hd-convert/STAGE_docs/docs/service-reliability-management/service-reliability-management-onboard/change-impact-analysis-quickstart.md'],
 'https://files.helpdocs.io/i5nl071jo5/articles/j1cu2xakq3/1643354858768/health-score-timeline.png': ['/Users/douglasbothwell/Desktop/hd-docs-migrate/hd-convert/STAGE_docs/docs/service-reliability-management/service-reliability-management-onboard/change-impact-analysis-quickstart.md'],
 'https://files.helpdocs.io/i5nl071jo5/articles/j1cu2xakq3/1643354961734/changes.png': ['/Users/douglasbothwell/Desktop/hd-docs-migrate/hd-convert/STAGE_docs/docs/service-reliability-management/service-reliability-management-onboard/change-impact-analysis-quickstart.md',
                                                                                        '/Users/douglasbothwell/Desktop/hd-docs-migrate/hd-convert/STAGE_docs/docs/service-reliability-management/service-reliability-management-onboard/change-impact-analysis-quickstart.md'],
 'https://files.helpdocs.io/i5nl071jo5/articles/jnl7w1rryp/1644338297463/screenshot-2022-02-08-at-10-07-53-pm.png': ['/Users/douglasbothwell/Desktop/hd-docs-migrate/hd-convert/STAGE_docs/docs/service-reliability-management/service-reliability-management-onboard/slo-management-quickstart.md'],
 'https://files.helpdocs.io/i5nl071jo5/articles/jnl7w1rryp/1644408104850/screenshot-2022-02-09-at-5-30-40-pm.png': ['/Users/douglasbothwell/Desktop/hd-docs-migrate/hd-convert/STAGE_docs/docs/service-reliability-management/service-reliability-management-onboard/slo-management-quickstart.md'],
 'https://files.helpdocs.io/i5nl071jo5/articles/jnl7w1rryp/1644836939152/screenshot-2022-02-14-at-4-38-16-pm.png': ['/Users/douglasbothwell/Desktop/hd-docs-migrate/hd-convert/STAGE_docs/docs/service-reliability-management/service-reliability-management-onboard/slo-management-quickstart.md'],
 'https://files.helpdocs.io/i5nl071jo5/articles/jws2znftay/1634844532487/clean-shot-2021-10-21-at-12-28-33.png)](https://files.helpdocs.io/i5nl071jo5/articles/jws2znftay/1634844532487/clean-shot-2021-10-21-at-12-28-33.png': ['/Users/douglasbothwell/Desktop/hd-docs-migrate/hd-convert/STAGE_docs/docs/service-reliability-management/service-reliability-management-onboard/slo-driven-deployment-governance.md',
                                                                                                                                                                                                                                 '/Users/douglasbothwell/Desktop/hd-docs-migrate/hd-convert/STAGE_docs/docs/service-reliability-management/service-reliability-management-onboard/slo-driven-deployment-governance.md',
                                                                                                                                                                                                                                 '/Users/douglasbothwell/Desktop/hd-docs-migrate/hd-convert/STAGE_docs/docs/service-reliability-management/service-reliability-management-onboard/slo-driven-deployment-governance.md'],
 'https://files.helpdocs.io/i5nl071jo5/articles/jws2znftay/1634856120356/clean-shot-2021-10-21-at-15-41-49-2-x.png)](https://files.helpdocs.io/i5nl071jo5/articles/jws2znftay/1634856120356/clean-shot-2021-10-21-at-15-41-49-2-x.png': ['/Users/douglasbothwell/Desktop/hd-docs-migrate/hd-convert/STAGE_docs/docs/service-reliability-management/service-reliability-management-onboard/slo-driven-deployment-governance.md',
                                                                                                                                                                                                                                         '/Users/douglasbothwell/Desktop/hd-docs-migrate/hd-convert/STAGE_docs/docs/service-reliability-management/service-reliability-management-onboard/slo-driven-deployment-governance.md',
                                                                                                                                                                                                                                         '/Users/douglasbothwell/Desktop/hd-docs-migrate/hd-convert/STAGE_docs/docs/service-reliability-management/service-reliability-management-onboard/slo-driven-deployment-governance.md'],
 'https://files.helpdocs.io/i5nl071jo5/articles/jws2znftay/1634859288101/clean-shot-2021-10-21-at-16-34-28-2-x.png)](https://files.helpdocs.io/i5nl071jo5/articles/jws2znftay/1634859288101/clean-shot-2021-10-21-at-16-34-28-2-x.png': ['/Users/douglasbothwell/Desktop/hd-docs-migrate/hd-convert/STAGE_docs/docs/service-reliability-management/service-reliability-management-onboard/slo-driven-deployment-governance.md',
                                                                                                                                                                                                                                         '/Users/douglasbothwell/Desktop/hd-docs-migrate/hd-convert/STAGE_docs/docs/service-reliability-management/service-reliability-management-onboard/slo-driven-deployment-governance.md',
                                                                                                                                                                                                                                         '/Users/douglasbothwell/Desktop/hd-docs-migrate/hd-convert/STAGE_docs/docs/service-reliability-management/service-reliability-management-onboard/slo-driven-deployment-governance.md'],
 'https://files.helpdocs.io/i5nl071jo5/articles/jws2znftay/1634859546331/clean-shot-2021-10-21-at-16-38-59-2-x.png)](https://files.helpdocs.io/i5nl071jo5/articles/jws2znftay/1634859546331/clean-shot-2021-10-21-at-16-38-59-2-x.png': ['/Users/douglasbothwell/Desktop/hd-docs-migrate/hd-convert/STAGE_docs/docs/service-reliability-management/service-reliability-management-onboard/slo-driven-deployment-governance.md',
                                                                                                                                                                                                                                         '/Users/douglasbothwell/Desktop/hd-docs-migrate/hd-convert/STAGE_docs/docs/service-reliability-management/service-reliability-management-onboard/slo-driven-deployment-governance.md',
                                                                                                                                                                                                                                         '/Users/douglasbothwell/Desktop/hd-docs-migrate/hd-convert/STAGE_docs/docs/service-reliability-management/service-reliability-management-onboard/slo-driven-deployment-governance.md'],
 'https://files.helpdocs.io/i5nl071jo5/articles/jws2znftay/1634859678660/clean-shot-2021-10-21-at-16-40-28-2-x.png)](https://files.helpdocs.io/i5nl071jo5/articles/jws2znftay/1634859678660/clean-shot-2021-10-21-at-16-40-28-2-x.png': ['/Users/douglasbothwell/Desktop/hd-docs-migrate/hd-convert/STAGE_docs/docs/service-reliability-management/service-reliability-management-onboard/slo-driven-deployment-governance.md',
                                                                                                                                                                                                                                         '/Users/douglasbothwell/Desktop/hd-docs-migrate/hd-convert/STAGE_docs/docs/service-reliability-management/service-reliability-management-onboard/slo-driven-deployment-governance.md',
                                                                                                                                                                                                                                         '/Users/douglasbothwell/Desktop/hd-docs-migrate/hd-convert/STAGE_docs/docs/service-reliability-management/service-reliability-management-onboard/slo-driven-deployment-governance.md'],
 'https://files.helpdocs.io/i5nl071jo5/articles/jws2znftay/1636484069036/clean-shot-2021-11-09-at-10-54-17-2-x.png': ['/Users/douglasbothwell/Desktop/hd-docs-migrate/hd-convert/STAGE_docs/docs/service-reliability-management/service-reliability-management-onboard/slo-driven-deployment-governance.md'],
 'https://files.helpdocs.io/i5nl071jo5/articles/jws2znftay/1636485680678/clean-shot-2021-11-09-at-11-21-12-2-x.png': ['/Users/douglasbothwell/Desktop/hd-docs-migrate/hd-convert/STAGE_docs/docs/service-reliability-management/service-reliability-management-onboard/slo-driven-deployment-governance.md'],
 'https://files.helpdocs.io/i5nl071jo5/articles/jws2znftay/1636584541766/clean-shot-2021-11-10-at-14-48-45-2-x.png)](https://files.helpdocs.io/i5nl071jo5/articles/jws2znftay/1636584541766/clean-shot-2021-11-10-at-14-48-45-2-x.png': ['/Users/douglasbothwell/Desktop/hd-docs-migrate/hd-convert/STAGE_docs/docs/service-reliability-management/service-reliability-management-onboard/slo-driven-deployment-governance.md',
                                                                                                                                                                                                                                         '/Users/douglasbothwell/Desktop/hd-docs-migrate/hd-convert/STAGE_docs/docs/service-reliability-management/service-reliability-management-onboard/slo-driven-deployment-governance.md',
                                                                                                                                                                                                                                         '/Users/douglasbothwell/Desktop/hd-docs-migrate/hd-convert/STAGE_docs/docs/service-reliability-management/service-reliability-management-onboard/slo-driven-deployment-governance.md'],
 'https://files.helpdocs.io/i5nl071jo5/articles/l8up27c7rn/1646815348972/screenshot-2022-03-09-at-2-07-39-pm.png': ['/Users/douglasbothwell/Desktop/hd-docs-migrate/hd-convert/STAGE_docs/docs/service-reliability-management/service-reliability-management-onboard/service-reliability-management-basics.md'],
 'https://files.helpdocs.io/i5nl071jo5/articles/l8up27c7rn/1646821494422/screenshot-2022-03-09-at-2-59-55-pm.png': ['/Users/douglasbothwell/Desktop/hd-docs-migrate/hd-convert/STAGE_docs/docs/service-reliability-management/service-reliability-management-onboard/service-reliability-management-basics.md'],
 'https://files.helpdocs.io/i5nl071jo5/articles/lwi37ku94x/1647416743570/screenshot-2022-03-16-at-1-15-17-pm.png': ['/Users/douglasbothwell/Desktop/hd-docs-migrate/hd-convert/STAGE_docs/docs/service-reliability-management/service-reliability-management-onboard/change-impact-analysis-quickstart.md'],
 'https://files.helpdocs.io/i5nl071jo5/articles/na0f1xol5s/1640325731729/screenshot-2021-12-24-at-11-31-43-am.png': ['/Users/douglasbothwell/Desktop/hd-docs-migrate/hd-convert/STAGE_docs/docs/service-reliability-management/service-reliability-management-onboard/change-impact-analysis-quickstart.md',
                                                                                                                     '/Users/douglasbothwell/Desktop/hd-docs-migrate/hd-convert/STAGE_docs/docs/service-reliability-management/service-reliability-management-onboard/change-impact-analysis-quickstart.md'],
 'https://files.helpdocs.io/i5nl071jo5/articles/na0f1xol5s/1640328093080/screenshot-2021-12-24-at-12-11-20-pm.png': ['/Users/douglasbothwell/Desktop/hd-docs-migrate/hd-convert/STAGE_docs/docs/service-reliability-management/service-reliability-management-onboard/change-impact-analysis-quickstart.md'],
 'https://files.helpdocs.io/i5nl071jo5/articles/rvneg74vmk/1634045442446/screenshot-2021-10-12-at-7-00-22-pm.png': ['/Users/douglasbothwell/Desktop/hd-docs-migrate/hd-convert/STAGE_docs/docs/service-reliability-management/service-reliability-management-onboard/slo-management-quickstart.md',
                                                                                                                    '/Users/douglasbothwell/Desktop/hd-docs-migrate/hd-convert/STAGE_docs/docs/service-reliability-management/service-reliability-management-onboard/change-impact-analysis-quickstart.md'],
 'https://files.helpdocs.io/i5nl071jo5/articles/trlszsj5lh/1647404699590/screenshot-2022-03-16-at-9-54-38-am.png': ['/Users/douglasbothwell/Desktop/hd-docs-migrate/hd-convert/STAGE_docs/docs/service-reliability-management/service-reliability-management-onboard/slo-management-quickstart.md',
                                                                                                                    '/Users/douglasbothwell/Desktop/hd-docs-migrate/hd-convert/STAGE_docs/docs/service-reliability-management/service-reliability-management-onboard/change-impact-analysis-quickstart.md'],
 'https://files.helpdocs.io/i5nl071jo5/articles/trlszsj5lh/1647411562173/screenshot-2022-03-16-at-11-48-31-am.png': ['/Users/douglasbothwell/Desktop/hd-docs-migrate/hd-convert/STAGE_docs/docs/service-reliability-management/service-reliability-management-onboard/slo-management-quickstart.md',
                                                                                                                     '/Users/douglasbothwell/Desktop/hd-docs-migrate/hd-convert/STAGE_docs/docs/service-reliability-management/service-reliability-management-onboard/change-impact-analysis-quickstart.md'],
 'https://files.helpdocs.io/i5nl071jo5/articles/trlszsj5lh/1647411716886/screenshot-2022-03-16-at-11-51-40-am.png': ['/Users/douglasbothwell/Desktop/hd-docs-migrate/hd-convert/STAGE_docs/docs/service-reliability-management/service-reliability-management-onboard/slo-management-quickstart.md',
                                                                                                                     '/Users/douglasbothwell/Desktop/hd-docs-migrate/hd-convert/STAGE_docs/docs/service-reliability-management/service-reliability-management-onboard/change-impact-analysis-quickstart.md'],
 'https://files.helpdocs.io/i5nl071jo5/articles/trlszsj5lh/1647411909111/screenshot-2022-03-16-at-11-54-31-am.png': ['/Users/douglasbothwell/Desktop/hd-docs-migrate/hd-convert/STAGE_docs/docs/service-reliability-management/service-reliability-management-onboard/slo-management-quickstart.md',
                                                                                                                     '/Users/douglasbothwell/Desktop/hd-docs-migrate/hd-convert/STAGE_docs/docs/service-reliability-management/service-reliability-management-onboard/change-impact-analysis-quickstart.md'],
 'https://files.helpdocs.io/i5nl071jo5/articles/trlszsj5lh/1647412143180/screenshot-2022-03-16-at-11-57-39-am.png': ['/Users/douglasbothwell/Desktop/hd-docs-migrate/hd-convert/STAGE_docs/docs/service-reliability-management/service-reliability-management-onboard/slo-management-quickstart.md',
                                                                                                                     '/Users/douglasbothwell/Desktop/hd-docs-migrate/hd-convert/STAGE_docs/docs/service-reliability-management/service-reliability-management-onboard/change-impact-analysis-quickstart.md'],
 'https://files.helpdocs.io/i5nl071jo5/articles/trlszsj5lh/1647412573186/screenshot-2022-03-16-at-12-05-56-pm.png': ['/Users/douglasbothwell/Desktop/hd-docs-migrate/hd-convert/STAGE_docs/docs/service-reliability-management/service-reliability-management-onboard/slo-management-quickstart.md',
                                                                                                                     '/Users/douglasbothwell/Desktop/hd-docs-migrate/hd-convert/STAGE_docs/docs/service-reliability-management/service-reliability-management-onboard/change-impact-analysis-quickstart.md'],
 'https://files.helpdocs.io/i5nl071jo5/articles/trlszsj5lh/1647412654391/screenshot-2022-03-16-at-12-07-21-pm.png': ['/Users/douglasbothwell/Desktop/hd-docs-migrate/hd-convert/STAGE_docs/docs/service-reliability-management/service-reliability-management-onboard/slo-management-quickstart.md',
                                                                                                                     '/Users/douglasbothwell/Desktop/hd-docs-migrate/hd-convert/STAGE_docs/docs/service-reliability-management/service-reliability-management-onboard/change-impact-analysis-quickstart.md'],
 'https://files.helpdocs.io/i5nl071jo5/articles/trlszsj5lh/1647412835589/screenshot-2022-03-16-at-12-10-12-pm.png': ['/Users/douglasbothwell/Desktop/hd-docs-migrate/hd-convert/STAGE_docs/docs/service-reliability-management/service-reliability-management-onboard/slo-management-quickstart.md',
                                                                                                                     '/Users/douglasbothwell/Desktop/hd-docs-migrate/hd-convert/STAGE_docs/docs/service-reliability-management/service-reliability-management-onboard/change-impact-analysis-quickstart.md'],
 'https://files.helpdocs.io/i5nl071jo5/articles/trlszsj5lh/1647413162910/screenshot-2022-03-16-at-12-15-50-pm.png': ['/Users/douglasbothwell/Desktop/hd-docs-migrate/hd-convert/STAGE_docs/docs/service-reliability-management/service-reliability-management-onboard/slo-management-quickstart.md'],
 'https://files.helpdocs.io/i5nl071jo5/articles/trlszsj5lh/1647413253632/screenshot-2022-03-16-at-12-17-15-pm.png': ['/Users/douglasbothwell/Desktop/hd-docs-migrate/hd-convert/STAGE_docs/docs/service-reliability-management/service-reliability-management-onboard/slo-management-quickstart.md'],
 'https://files.helpdocs.io/i5nl071jo5/articles/trlszsj5lh/1647413614840/screenshot-2022-03-16-at-12-23-16-pm.png': ['/Users/douglasbothwell/Desktop/hd-docs-migrate/hd-convert/STAGE_docs/docs/service-reliability-management/service-reliability-management-onboard/slo-management-quickstart.md'],
 'https://files.helpdocs.io/i5nl071jo5/articles/x4165z3hfp/1655844645471/clean-shot-2022-06-21-at-13-49-39.png': ['/Users/douglasbothwell/Desktop/hd-docs-migrate/hd-convert/STAGE_docs/docs/service-reliability-management/srm-notifications/srm-notifications.md'],
 'https://files.helpdocs.io/i5nl071jo5/articles/x4165z3hfp/1655846929895/clean-shot-2022-06-21-at-14-28-09.png': ['/Users/douglasbothwell/Desktop/hd-docs-migrate/hd-convert/STAGE_docs/docs/service-reliability-management/srm-notifications/srm-notifications.md'],
 'https://files.helpdocs.io/i5nl071jo5/articles/xcb28vgn82/1630577686052/screenshot-2021-09-02-at-3-43-07-pm.png': ['/Users/douglasbothwell/Desktop/hd-docs-migrate/hd-convert/STAGE_docs/docs/service-reliability-management/srm-notifications/srm-notifications.md'],
 'https://files.helpdocs.io/i5nl071jo5/articles/xcb28vgn82/1630577879194/screenshot-2021-09-02-at-3-47-11-pm.png': ['/Users/douglasbothwell/Desktop/hd-docs-migrate/hd-convert/STAGE_docs/docs/service-reliability-management/srm-notifications/srm-notifications.md'],
 'https://files.helpdocs.io/i5nl071jo5/articles/xcb28vgn82/1630578123520/harness.png': ['/Users/douglasbothwell/Desktop/hd-docs-migrate/hd-convert/STAGE_docs/docs/service-reliability-management/srm-notifications/srm-notifications.md'],
 'https://files.helpdocs.io/i5nl071jo5/articles/xcb28vgn82/1630579026940/screenshot-2021-09-02-at-3-55-13-pm.png': ['/Users/douglasbothwell/Desktop/hd-docs-migrate/hd-convert/STAGE_docs/docs/service-reliability-management/srm-notifications/srm-notifications.md'],
 'https://files.helpdocs.io/i5nl071jo5/articles/xcb28vgn82/1630579556276/screenshot-2021-09-02-at-4-13-29-pm.png': ['/Users/douglasbothwell/Desktop/hd-docs-migrate/hd-convert/STAGE_docs/docs/service-reliability-management/srm-notifications/srm-notifications.md'],
 'https://files.helpdocs.io/kw8ldg1itf/articles/cbj5uuzpbu/1665464267825/srm-main-menu.png)](https://files.helpdocs.io/i5nl071jo5/articles/trlszsj5lh/1647404699590/screenshot-2022-03-16-at-9-54-38-am.png': ['/Users/douglasbothwell/Desktop/hd-docs-migrate/hd-convert/STAGE_docs/docs/service-reliability-management/error-tracking-category/error-tracking-in-srm.md',
                                                                                                                                                                                                               '/Users/douglasbothwell/Desktop/hd-docs-migrate/hd-convert/STAGE_docs/docs/service-reliability-management/error-tracking-category/error-tracking-in-srm.md',
                                                                                                                                                                                                               '/Users/douglasbothwell/Desktop/hd-docs-migrate/hd-convert/STAGE_docs/docs/service-reliability-management/error-tracking-category/error-tracking-in-srm.md'],
 'https://files.helpdocs.io/kw8ldg1itf/articles/cbj5uuzpbu/1665464306563/add-new-monitored-service.png)](https://files.helpdocs.io/i5nl071jo5/articles/rvneg74vmk/1634045442446/screenshot-2021-10-12-at-7-00-22-pm.png': ['/Users/douglasbothwell/Desktop/hd-docs-migrate/hd-convert/STAGE_docs/docs/service-reliability-management/error-tracking-category/error-tracking-in-srm.md',
                                                                                                                                                                                                                           '/Users/douglasbothwell/Desktop/hd-docs-migrate/hd-convert/STAGE_docs/docs/service-reliability-management/error-tracking-category/error-tracking-in-srm.md',
                                                                                                                                                                                                                           '/Users/douglasbothwell/Desktop/hd-docs-migrate/hd-convert/STAGE_docs/docs/service-reliability-management/error-tracking-category/error-tracking-in-srm.md'],
 'https://files.helpdocs.io/kw8ldg1itf/articles/cbj5uuzpbu/1665464472465/add-new-health-source.png)](https://files.helpdocs.io/i5nl071jo5/articles/trlszsj5lh/1647411716886/screenshot-2022-03-16-at-11-51-40-am.png': ['/Users/douglasbothwell/Desktop/hd-docs-migrate/hd-convert/STAGE_docs/docs/service-reliability-management/error-tracking-category/error-tracking-in-srm.md',
                                                                                                                                                                                                                        '/Users/douglasbothwell/Desktop/hd-docs-migrate/hd-convert/STAGE_docs/docs/service-reliability-management/error-tracking-category/error-tracking-in-srm.md',
                                                                                                                                                                                                                        '/Users/douglasbothwell/Desktop/hd-docs-migrate/hd-convert/STAGE_docs/docs/service-reliability-management/error-tracking-category/error-tracking-in-srm.md'],
 'https://files.helpdocs.io/kw8ldg1itf/articles/cbj5uuzpbu/1665464570659/service-health-dashboard.png)1. Scroll up on the **Service Health** dashboard and then click the **Errors** tab. A list of all the identified errors appears.![](https://files.helpdocs.io/kw8ldg1itf/articles/cbj5uuzpbu/1665465250003/error-logs.png': ['/Users/douglasbothwell/Desktop/hd-docs-migrate/hd-convert/STAGE_docs/docs/service-reliability-management/error-tracking-category/error-tracking-in-srm.md',
                                                                                                                                                                                                                                                                                                                                   '/Users/douglasbothwell/Desktop/hd-docs-migrate/hd-convert/STAGE_docs/docs/service-reliability-management/error-tracking-category/error-tracking-in-srm.md',
                                                                                                                                                                                                                                                                                                                                   '/Users/douglasbothwell/Desktop/hd-docs-migrate/hd-convert/STAGE_docs/docs/service-reliability-management/error-tracking-category/error-tracking-in-srm.md'],
 'https://files.helpdocs.io/kw8ldg1itf/articles/cbj5uuzpbu/1665465262667/automated-root-cause.png': ['/Users/douglasbothwell/Desktop/hd-docs-migrate/hd-convert/STAGE_docs/docs/service-reliability-management/error-tracking-category/error-tracking-in-srm.md']}
