[DEBUG] mdFileName =  /Users/douglasbothwell/Desktop/hd-docs-migrate/hd-convert/STAGE_docs/docs/security-testing-orchestration/use-sto/ingesting-issues-from-other-scanners.md
[DEBUG] imgURL =  https://files.helpdocs.io/kw8ldg1itf/articles/ijkyokxrot/1661880426879/sto-pipeline-shared-path.png
[DEBUG] imgTarget =  ./static/ingesting-issues-from-other-scanners-00.png
imageFileName =  /Users/douglasbothwell/Desktop/hd-docs-migrate/hd-convert/STAGE_docs/docs/security-testing-orchestration/use-sto/static/ingesting-issues-from-other-scanners-00.png
[DEBUG] line updated:
	 original  24 :  1. In your Harness pipeline, go to the Overview tab of the security stage and enter a shared path such as `/shared/customer_artifacts`.![](https://files.helpdocs.io/kw8ldg1itf/articles/ijkyokxrot/1661880426879/sto-pipeline-shared-path.png)

	 updated   24 :  1. In your Harness pipeline, go to the Overview tab of the security stage and enter a shared path such as `/shared/customer_artifacts`.![](./static/ingesting-issues-from-other-scanners-00.png)

[DEBUG] mdFileName =  /Users/douglasbothwell/Desktop/hd-docs-migrate/hd-convert/STAGE_docs/docs/security-testing-orchestration/use-sto/ingesting-issues-from-other-scanners.md
[DEBUG] imgURL =  https://files.helpdocs.io/kw8ldg1itf/articles/ymkcm5lypf/1662134060300/issue-details-raw-fields-grouped.png
[DEBUG] imgTarget =  ./static/ingesting-issues-from-other-scanners-01.png
imageFileName =  /Users/douglasbothwell/Desktop/hd-docs-migrate/hd-convert/STAGE_docs/docs/security-testing-orchestration/use-sto/static/ingesting-issues-from-other-scanners-01.png
[DEBUG] line updated:
	 original  166 :  ![](https://files.helpdocs.io/kw8ldg1itf/articles/ymkcm5lypf/1662134060300/issue-details-raw-fields-grouped.png)

	 updated   166 :  ![](./static/ingesting-issues-from-other-scanners-01.png)

[DEBUG] mdFileName =  /Users/douglasbothwell/Desktop/hd-docs-migrate/hd-convert/STAGE_docs/docs/security-testing-orchestration/use-sto/sto-workflows-overview.md
[DEBUG] imgURL =  https://files.helpdocs.io/kw8ldg1itf/articles/cjqnd71y07/1663798037496/orchestrated-pipeline-v-2.png
[DEBUG] imgTarget =  ./static/sto-workflows-overview-02.png
imageFileName =  /Users/douglasbothwell/Desktop/hd-docs-migrate/hd-convert/STAGE_docs/docs/security-testing-orchestration/use-sto/static/sto-workflows-overview-02.png
[DEBUG] line updated:
	 original  38 :  * The object to scan: in this case, a Docker Hub image. This step also specifies the domain, project, and tag.![](https://files.helpdocs.io/kw8ldg1itf/articles/cjqnd71y07/1663798037496/orchestrated-pipeline-v-2.png)

	 updated   38 :  * The object to scan: in this case, a Docker Hub image. This step also specifies the domain, project, and tag.![](./static/sto-workflows-overview-02.png)

[DEBUG] mdFileName =  /Users/douglasbothwell/Desktop/hd-docs-migrate/hd-convert/STAGE_docs/docs/security-testing-orchestration/use-sto/sto-workflows-overview.md
[DEBUG] imgURL =  https://files.helpdocs.io/kw8ldg1itf/articles/x6jsoi0i4e/1662742101627/ingestion-only-pipeline.png
[DEBUG] imgTarget =  ./static/sto-workflows-overview-03.png
imageFileName =  /Users/douglasbothwell/Desktop/hd-docs-migrate/hd-convert/STAGE_docs/docs/security-testing-orchestration/use-sto/static/sto-workflows-overview-03.png
[DEBUG] line updated:
	 original  56 :  	+ Information about the scan and the scanned object: the object type and the container project and tag![](https://files.helpdocs.io/kw8ldg1itf/articles/x6jsoi0i4e/1662742101627/ingestion-only-pipeline.png)

	 updated   56 :  	+ Information about the scan and the scanned object: the object type and the container project and tag![](./static/sto-workflows-overview-03.png)

[DEBUG] mdFileName =  /Users/douglasbothwell/Desktop/hd-docs-migrate/hd-convert/STAGE_docs/docs/security-testing-orchestration/use-sto/sto-workflows-overview.md
[DEBUG] imgURL =  https://files.helpdocs.io/kw8ldg1itf/articles/cjqnd71y07/1663028453108/dataload-pipeline.png
[DEBUG] imgTarget =  ./static/sto-workflows-overview-04.png
imageFileName =  /Users/douglasbothwell/Desktop/hd-docs-migrate/hd-convert/STAGE_docs/docs/security-testing-orchestration/use-sto/static/sto-workflows-overview-04.png
[DEBUG] line updated:
	 original  62 :  ![](https://files.helpdocs.io/kw8ldg1itf/articles/cjqnd71y07/1663028453108/dataload-pipeline.png)

	 updated   62 :  ![](./static/sto-workflows-overview-04.png)

[DEBUG] mdFileName =  /Users/douglasbothwell/Desktop/hd-docs-migrate/hd-convert/STAGE_docs/docs/security-testing-orchestration/use-sto/run-an-orchestrated-scan-in-sto.md
[DEBUG] imgURL =  https://files.helpdocs.io/kw8ldg1itf/articles/wk018r6x3g/1663026232234/orchestrated-scan-results.png
[DEBUG] imgTarget =  ./static/run-an-orchestrated-scan-in-sto-05.png
imageFileName =  /Users/douglasbothwell/Desktop/hd-docs-migrate/hd-convert/STAGE_docs/docs/security-testing-orchestration/use-sto/static/run-an-orchestrated-scan-in-sto-05.png
[DEBUG] line updated:
	 original  50 :  ![](https://files.helpdocs.io/kw8ldg1itf/articles/wk018r6x3g/1663026232234/orchestrated-scan-results.png)

	 updated   50 :  ![](./static/run-an-orchestrated-scan-in-sto-05.png)

[DEBUG] mdFileName =  /Users/douglasbothwell/Desktop/hd-docs-migrate/hd-convert/STAGE_docs/docs/security-testing-orchestration/use-sto/sto-overview.md
[DEBUG] imgURL =  https://files.helpdocs.io/kw8ldg1itf/articles/2ap1uol6ti/1667497048580/sto-overview.png
[DEBUG] imgTarget =  ./static/sto-overview-06.png
imageFileName =  /Users/douglasbothwell/Desktop/hd-docs-migrate/hd-convert/STAGE_docs/docs/security-testing-orchestration/use-sto/static/sto-overview-06.png
[DEBUG] line updated:
	 original  16 :  ![](https://files.helpdocs.io/kw8ldg1itf/articles/2ap1uol6ti/1667497048580/sto-overview.png)To see all target baselines in the project, go to **Security Tests** > **Test Targets**. To see detected issues in a non-baseline target, such as a feature or developer branch, go to the build results for that target and click **Security Tests**.

	 updated   16 :  ![](./static/sto-overview-06.png)To see all target baselines in the project, go to **Security Tests** > **Test Targets**. To see detected issues in a non-baseline target, such as a feature or developer branch, go to the build results for that target and click **Security Tests**.

[DEBUG] mdFileName =  /Users/douglasbothwell/Desktop/hd-docs-migrate/hd-convert/STAGE_docs/docs/security-testing-orchestration/use-sto/ingest-scan-results-into-an-sto-pipeline.md
[DEBUG] imgURL =  https://files.helpdocs.io/kw8ldg1itf/articles/d24n34qdbk/1663169627027/ingestion-only-pipeline-trivy.png
[DEBUG] imgTarget =  ./static/ingest-scan-results-into-an-sto-pipeline-07.png
imageFileName =  /Users/douglasbothwell/Desktop/hd-docs-migrate/hd-convert/STAGE_docs/docs/security-testing-orchestration/use-sto/static/ingest-scan-results-into-an-sto-pipeline-07.png
-------------------------
[WARNING1] Image URL referenced in multiple topics:       https://files.helpdocs.io/kw8ldg1itf/articles/ijkyokxrot/1661880426879/sto-pipeline-shared-path.png
Image filename:       https://files.helpdocs.io/kw8ldg1itf/articles/ijkyokxrot/1661880426879/sto-pipeline-shared-path.png
Topics list:
['/Users/douglasbothwell/Desktop/hd-docs-migrate/hd-convert/STAGE_docs/docs/security-testing-orchestration/use-sto/ingesting-issues-from-other-scanners.md', '/Users/douglasbothwell/Desktop/hd-docs-migrate/hd-convert/STAGE_docs/docs/security-testing-orchestration/use-sto/ingest-scan-results-into-an-sto-pipeline.md']
-------------------------
[DEBUG] mdFileName =  /Users/douglasbothwell/Desktop/hd-docs-migrate/hd-convert/STAGE_docs/docs/security-testing-orchestration/use-sto/ingest-scan-results-into-an-sto-pipeline.md
[DEBUG] imgURL =  https://files.helpdocs.io/kw8ldg1itf/articles/ijkyokxrot/1661880426879/sto-pipeline-shared-path.png
[DEBUG] imgTarget =  ./static/ingest-scan-results-into-an-sto-pipeline-08.png
imageFileName =  /Users/douglasbothwell/Desktop/hd-docs-migrate/hd-convert/STAGE_docs/docs/security-testing-orchestration/use-sto/static/ingest-scan-results-into-an-sto-pipeline-08.png
[DEBUG] line updated:
	 original  26 :  ![](https://files.helpdocs.io/kw8ldg1itf/articles/d24n34qdbk/1663169627027/ingestion-only-pipeline-trivy.png)1. In your Harness pipeline, go to the Overview tab of the security stage and enter a shared path such as `/shared/customer_artifacts`.![](https://files.helpdocs.io/kw8ldg1itf/articles/ijkyokxrot/1661880426879/sto-pipeline-shared-path.png)

	 updated   26 :  ![](./static/ingest-scan-results-into-an-sto-pipeline-07.png)1. In your Harness pipeline, go to the Overview tab of the security stage and enter a shared path such as `/shared/customer_artifacts`.![](./static/ingest-scan-results-into-an-sto-pipeline-08.png)

[DEBUG] mdFileName =  /Users/douglasbothwell/Desktop/hd-docs-migrate/hd-convert/STAGE_docs/docs/security-testing-orchestration/onboard-sto/sto-tutorial-2-integrated-sto-ci-cd-workflows.md
[DEBUG] imgURL =  https://files.helpdocs.io/kw8ldg1itf/articles/y22pgbobm5/1666724864917/tut-02-04-banditscan-failed-v-2.png
[DEBUG] imgTarget =  ./static/sto-tutorial-2-integrated-sto-ci-cd-workflows-00.png
imageFileName =  /Users/douglasbothwell/Desktop/hd-docs-migrate/hd-convert/STAGE_docs/docs/security-testing-orchestration/onboard-sto/static/sto-tutorial-2-integrated-sto-ci-cd-workflows-00.png
[DEBUG] line updated:
	 original  34 :  3. Click **Apply Changes**, save the updated pipeline, and run a new build with the **DEMO-001** branch.![](https://files.helpdocs.io/kw8ldg1itf/articles/y22pgbobm5/1666724864917/tut-02-04-banditscan-failed-v-2.png)The pipeline now fails because the bandit step is now configured to fail on any vulnerability with a severity of low or higher. The last log message in the bandit step log is:

	 updated   34 :  3. Click **Apply Changes**, save the updated pipeline, and run a new build with the **DEMO-001** branch.![](./static/sto-tutorial-2-integrated-sto-ci-cd-workflows-00.png)The pipeline now fails because the bandit step is now configured to fail on any vulnerability with a severity of low or higher. The last log message in the bandit step log is:

[DEBUG] mdFileName =  /Users/douglasbothwell/Desktop/hd-docs-migrate/hd-convert/STAGE_docs/docs/security-testing-orchestration/onboard-sto/sto-tutorial-2-integrated-sto-ci-cd-workflows.md
[DEBUG] imgURL =  https://files.helpdocs.io/kw8ldg1itf/articles/y22pgbobm5/1666967042962/assign-secops-role.png
[DEBUG] imgTarget =  ./static/sto-tutorial-2-integrated-sto-ci-cd-workflows-01.png
imageFileName =  /Users/douglasbothwell/Desktop/hd-docs-migrate/hd-convert/STAGE_docs/docs/security-testing-orchestration/onboard-sto/static/sto-tutorial-2-integrated-sto-ci-cd-workflows-01.png
[DEBUG] line updated:
	 original  54 :  	4. Make sure that you have the **Security Testing SecOps** role assigned to yourself.![](https://files.helpdocs.io/kw8ldg1itf/articles/y22pgbobm5/1666967042962/assign-secops-role.png)

	 updated   54 :  	4. Make sure that you have the **Security Testing SecOps** role assigned to yourself.![](./static/sto-tutorial-2-integrated-sto-ci-cd-workflows-01.png)

[DEBUG] mdFileName =  /Users/douglasbothwell/Desktop/hd-docs-migrate/hd-convert/STAGE_docs/docs/security-testing-orchestration/onboard-sto/sto-tutorial-2-integrated-sto-ci-cd-workflows.md
[DEBUG] imgURL =  https://files.helpdocs.io/kw8ldg1itf/articles/y22pgbobm5/1666660833239/tut-02-06-ignore-butto.png
[DEBUG] imgTarget =  ./static/sto-tutorial-2-integrated-sto-ci-cd-workflows-02.png
imageFileName =  /Users/douglasbothwell/Desktop/hd-docs-migrate/hd-convert/STAGE_docs/docs/security-testing-orchestration/onboard-sto/static/sto-tutorial-2-integrated-sto-ci-cd-workflows-02.png
[DEBUG] line updated:
	 original  59 :  	2. Click the **Ignore** button.![](https://files.helpdocs.io/kw8ldg1itf/articles/y22pgbobm5/1666660833239/tut-02-06-ignore-butto.png)

	 updated   59 :  	2. Click the **Ignore** button.![](./static/sto-tutorial-2-integrated-sto-ci-cd-workflows-02.png)

[DEBUG] mdFileName =  /Users/douglasbothwell/Desktop/hd-docs-migrate/hd-convert/STAGE_docs/docs/security-testing-orchestration/onboard-sto/sto-tutorial-2-integrated-sto-ci-cd-workflows.md
[DEBUG] imgURL =  https://files.helpdocs.io/kw8ldg1itf/articles/y22pgbobm5/1666661208582/tut-02-07-request-to-ignore-issue.png
[DEBUG] imgTarget =  ./static/sto-tutorial-2-integrated-sto-ci-cd-workflows-03.png
imageFileName =  /Users/douglasbothwell/Desktop/hd-docs-migrate/hd-convert/STAGE_docs/docs/security-testing-orchestration/onboard-sto/static/sto-tutorial-2-integrated-sto-ci-cd-workflows-03.png
[DEBUG] line updated:
	 original  64 :  		4. Click **Create Request**.![](https://files.helpdocs.io/kw8ldg1itf/articles/y22pgbobm5/1666661208582/tut-02-07-request-to-ignore-issue.png)

	 updated   64 :  		4. Click **Create Request**.![](./static/sto-tutorial-2-integrated-sto-ci-cd-workflows-03.png)

[DEBUG] mdFileName =  /Users/douglasbothwell/Desktop/hd-docs-migrate/hd-convert/STAGE_docs/docs/security-testing-orchestration/onboard-sto/sto-tutorial-2-integrated-sto-ci-cd-workflows.md
[DEBUG] imgURL =  https://files.helpdocs.io/kw8ldg1itf/articles/y22pgbobm5/1666661810872/tut-02-08-approve-exemptions.png
[DEBUG] imgTarget =  ./static/sto-tutorial-2-integrated-sto-ci-cd-workflows-04.png
imageFileName =  /Users/douglasbothwell/Desktop/hd-docs-migrate/hd-convert/STAGE_docs/docs/security-testing-orchestration/onboard-sto/static/sto-tutorial-2-integrated-sto-ci-cd-workflows-04.png
[DEBUG] line updated:
	 original  66 :  5. In the Security Review page, click the "thumbs-up" buttons to approve both exemptions.![](https://files.helpdocs.io/kw8ldg1itf/articles/y22pgbobm5/1666661810872/tut-02-08-approve-exemptions.png)

	 updated   66 :  5. In the Security Review page, click the "thumbs-up" buttons to approve both exemptions.![](./static/sto-tutorial-2-integrated-sto-ci-cd-workflows-04.png)

[DEBUG] mdFileName =  /Users/douglasbothwell/Desktop/hd-docs-migrate/hd-convert/STAGE_docs/docs/security-testing-orchestration/onboard-sto/sto-tutorial-2-integrated-sto-ci-cd-workflows.md
[DEBUG] imgURL =  https://files.helpdocs.io/kw8ldg1itf/articles/y22pgbobm5/1666727171944/tut-02-09-ignored-issue-buttons.png
[DEBUG] imgTarget =  ./static/sto-tutorial-2-integrated-sto-ci-cd-workflows-05.png
imageFileName =  /Users/douglasbothwell/Desktop/hd-docs-migrate/hd-convert/STAGE_docs/docs/security-testing-orchestration/onboard-sto/static/sto-tutorial-2-integrated-sto-ci-cd-workflows-05.png
[DEBUG] line updated:
	 original  68 :  7. In the issues table (bottom), each section has a set of show/hide buttons for different issue types: Critical, High, Medium. Low, and Info. Note that each section now includes an **Ignored** button. Also note that the ignored issues are hidden by default.![](https://files.helpdocs.io/kw8ldg1itf/articles/y22pgbobm5/1666727171944/tut-02-09-ignored-issue-buttons.png)

	 updated   68 :  7. In the issues table (bottom), each section has a set of show/hide buttons for different issue types: Critical, High, Medium. Low, and Info. Note that each section now includes an **Ignored** button. Also note that the ignored issues are hidden by default.![](./static/sto-tutorial-2-integrated-sto-ci-cd-workflows-05.png)

[DEBUG] mdFileName =  /Users/douglasbothwell/Desktop/hd-docs-migrate/hd-convert/STAGE_docs/docs/security-testing-orchestration/onboard-sto/sto-tutorial-2-integrated-sto-ci-cd-workflows.md
[DEBUG] imgURL =  https://files.helpdocs.io/kw8ldg1itf/articles/y22pgbobm5/1666727453754/tut-02-10-ignored-issues-visible.png
[DEBUG] imgTarget =  ./static/sto-tutorial-2-integrated-sto-ci-cd-workflows-06.png
imageFileName =  /Users/douglasbothwell/Desktop/hd-docs-migrate/hd-convert/STAGE_docs/docs/security-testing-orchestration/onboard-sto/static/sto-tutorial-2-integrated-sto-ci-cd-workflows-06.png
[DEBUG] line updated:
	 original  69 :  8. Click the **Ignored** buttons (right) and the expand/contract buttons (left) so that both ignored issues are visible.![](https://files.helpdocs.io/kw8ldg1itf/articles/y22pgbobm5/1666727453754/tut-02-10-ignored-issues-visible.png)

	 updated   69 :  8. Click the **Ignored** buttons (right) and the expand/contract buttons (left) so that both ignored issues are visible.![](./static/sto-tutorial-2-integrated-sto-ci-cd-workflows-06.png)

[DEBUG] mdFileName =  /Users/douglasbothwell/Desktop/hd-docs-migrate/hd-convert/STAGE_docs/docs/security-testing-orchestration/onboard-sto/sto-tutorial-2-integrated-sto-ci-cd-workflows.md
[DEBUG] imgURL =  https://files.helpdocs.io/kw8ldg1itf/articles/y22pgbobm5/1666727818360/tut-02-11-delete-ignore-rules.png
[DEBUG] imgTarget =  ./static/sto-tutorial-2-integrated-sto-ci-cd-workflows-07.png
imageFileName =  /Users/douglasbothwell/Desktop/hd-docs-migrate/hd-convert/STAGE_docs/docs/security-testing-orchestration/onboard-sto/static/sto-tutorial-2-integrated-sto-ci-cd-workflows-07.png
[DEBUG] line updated:
	 original  71 :  10. Click the Delete (**X**) buttons on the right to delete both rules.![](https://files.helpdocs.io/kw8ldg1itf/articles/y22pgbobm5/1666727818360/tut-02-11-delete-ignore-rules.png)

	 updated   71 :  10. Click the Delete (**X**) buttons on the right to delete both rules.![](./static/sto-tutorial-2-integrated-sto-ci-cd-workflows-07.png)

[DEBUG] mdFileName =  /Users/douglasbothwell/Desktop/hd-docs-migrate/hd-convert/STAGE_docs/docs/security-testing-orchestration/onboard-sto/sto-tutorial-2-integrated-sto-ci-cd-workflows.md
[DEBUG] imgURL =  https://files.helpdocs.io/kw8ldg1itf/articles/qhgshfw3mg/1659290775295/integrated-workflow-pipeline.png
[DEBUG] imgTarget =  ./static/sto-tutorial-2-integrated-sto-ci-cd-workflows-08.png
imageFileName =  /Users/douglasbothwell/Desktop/hd-docs-migrate/hd-convert/STAGE_docs/docs/security-testing-orchestration/onboard-sto/static/sto-tutorial-2-integrated-sto-ci-cd-workflows-08.png
[DEBUG] line updated:
	 original  122 :  ![](https://files.helpdocs.io/kw8ldg1itf/articles/qhgshfw3mg/1659290775295/integrated-workflow-pipeline.png)This Pipeline works as follows:

	 updated   122 :  ![](./static/sto-tutorial-2-integrated-sto-ci-cd-workflows-08.png)This Pipeline works as follows:

[DEBUG] mdFileName =  /Users/douglasbothwell/Desktop/hd-docs-migrate/hd-convert/STAGE_docs/docs/security-testing-orchestration/onboard-sto/sto-tutorial-2-integrated-sto-ci-cd-workflows.md
[DEBUG] imgURL =  https://files.helpdocs.io/kw8ldg1itf/articles/qhgshfw3mg/1659295566043/integrated-workflow-scan-results.png
[DEBUG] imgTarget =  ./static/sto-tutorial-2-integrated-sto-ci-cd-workflows-09.png
imageFileName =  /Users/douglasbothwell/Desktop/hd-docs-migrate/hd-convert/STAGE_docs/docs/security-testing-orchestration/onboard-sto/static/sto-tutorial-2-integrated-sto-ci-cd-workflows-09.png
[DEBUG] line updated:
	 original  133 :  ![](https://files.helpdocs.io/kw8ldg1itf/articles/qhgshfw3mg/1659295566043/integrated-workflow-scan-results.png)

	 updated   133 :  ![](./static/sto-tutorial-2-integrated-sto-ci-cd-workflows-09.png)

[DEBUG] mdFileName =  /Users/douglasbothwell/Desktop/hd-docs-migrate/hd-convert/STAGE_docs/docs/security-testing-orchestration/onboard-sto/tutorial-1-standalone-workflows.md
[DEBUG] imgURL =  https://files.helpdocs.io/kw8ldg1itf/articles/yvy4pmt8bw/1661620474762/clone-pipeline.png
[DEBUG] imgTarget =  ./static/tutorial-1-standalone-workflows-10.png
imageFileName =  /Users/douglasbothwell/Desktop/hd-docs-migrate/hd-convert/STAGE_docs/docs/security-testing-orchestration/onboard-sto/static/tutorial-1-standalone-workflows-10.png
[DEBUG] line updated:
	 original  61 :  2. Click the top-right menu, choose **Clone**, and save the new pipeline as **STO Tutorial 1**.![](https://files.helpdocs.io/kw8ldg1itf/articles/yvy4pmt8bw/1661620474762/clone-pipeline.png)

	 updated   61 :  2. Click the top-right menu, choose **Clone**, and save the new pipeline as **STO Tutorial 1**.![](./static/tutorial-1-standalone-workflows-10.png)

[DEBUG] mdFileName =  /Users/douglasbothwell/Desktop/hd-docs-migrate/hd-convert/STAGE_docs/docs/security-testing-orchestration/onboard-sto/tutorial-1-standalone-workflows.md
[DEBUG] imgURL =  https://files.helpdocs.io/kw8ldg1itf/articles/yvy4pmt8bw/1661620568451/sto-setup-run-step-settings.png
[DEBUG] imgTarget =  ./static/tutorial-1-standalone-workflows-11.png
imageFileName =  /Users/douglasbothwell/Desktop/hd-docs-migrate/hd-convert/STAGE_docs/docs/security-testing-orchestration/onboard-sto/static/tutorial-1-standalone-workflows-11.png
[DEBUG] line updated:
	 original  67 :  1. In your new pipeline, go to **securityTestStage** and open the banditScan step.![](https://files.helpdocs.io/kw8ldg1itf/articles/yvy4pmt8bw/1661620568451/sto-setup-run-step-settings.png)

	 updated   67 :  1. In your new pipeline, go to **securityTestStage** and open the banditScan step.![](./static/tutorial-1-standalone-workflows-11.png)

[DEBUG] mdFileName =  /Users/douglasbothwell/Desktop/hd-docs-migrate/hd-convert/STAGE_docs/docs/security-testing-orchestration/onboard-sto/tutorial-1-standalone-workflows.md
[DEBUG] imgURL =  https://files.helpdocs.io/kw8ldg1itf/articles/lyol04162n/1666650601913/tut-01-00-scan-master-branch-results.png
[DEBUG] imgTarget =  ./static/tutorial-1-standalone-workflows-12.png
imageFileName =  /Users/douglasbothwell/Desktop/hd-docs-migrate/hd-convert/STAGE_docs/docs/security-testing-orchestration/onboard-sto/static/tutorial-1-standalone-workflows-12.png
[DEBUG] line updated:
	 original  93 :  ![](https://files.helpdocs.io/kw8ldg1itf/articles/lyol04162n/1666650601913/tut-01-00-scan-master-branch-results.png)

	 updated   93 :  ![](./static/tutorial-1-standalone-workflows-12.png)

[DEBUG] mdFileName =  /Users/douglasbothwell/Desktop/hd-docs-migrate/hd-convert/STAGE_docs/docs/security-testing-orchestration/onboard-sto/tutorial-1-standalone-workflows.md
[DEBUG] imgURL =  https://files.helpdocs.io/kw8ldg1itf/articles/lyol04162n/1666724208808/tut-01-01-set-baseline-v-2.png
[DEBUG] imgTarget =  ./static/tutorial-1-standalone-workflows-13.png
imageFileName =  /Users/douglasbothwell/Desktop/hd-docs-migrate/hd-convert/STAGE_docs/docs/security-testing-orchestration/onboard-sto/static/tutorial-1-standalone-workflows-13.png
[DEBUG] line updated:
	 original  101 :  2. For the **dvpwa** target, click **Baseline for Comparison** and select **branch :** **master** in the pulldown menu.![](https://files.helpdocs.io/kw8ldg1itf/articles/lyol04162n/1666724208808/tut-01-01-set-baseline-v-2.png)

	 updated   101 :  2. For the **dvpwa** target, click **Baseline for Comparison** and select **branch :** **master** in the pulldown menu.![](./static/tutorial-1-standalone-workflows-13.png)

[DEBUG] mdFileName =  /Users/douglasbothwell/Desktop/hd-docs-migrate/hd-convert/STAGE_docs/docs/security-testing-orchestration/onboard-sto/tutorial-1-standalone-workflows.md
[DEBUG] imgURL =  https://files.helpdocs.io/kw8ldg1itf/articles/lyol04162n/1666724240247/tut-01-02-demo-001-scan-results-v-2.png
[DEBUG] imgTarget =  ./static/tutorial-1-standalone-workflows-14.png
imageFileName =  /Users/douglasbothwell/Desktop/hd-docs-migrate/hd-convert/STAGE_docs/docs/security-testing-orchestration/onboard-sto/static/tutorial-1-standalone-workflows-14.png
[DEBUG] line updated:
	 original  113 :  ![](https://files.helpdocs.io/kw8ldg1itf/articles/lyol04162n/1666724240247/tut-01-02-demo-001-scan-results-v-2.png)**Key Concept: To troubleshoot an issue, go to Issue Details**  

	 updated   113 :  ![](./static/tutorial-1-standalone-workflows-14.png)**Key Concept: To troubleshoot an issue, go to Issue Details**  

[DEBUG] mdFileName =  /Users/douglasbothwell/Desktop/hd-docs-migrate/hd-convert/STAGE_docs/docs/security-testing-orchestration/onboard-sto/tutorial-1-standalone-workflows.md
[DEBUG] imgURL =  https://files.helpdocs.io/kw8ldg1itf/articles/lyol04162n/1666652851058/tut-01-03-issue-details.png
[DEBUG] imgTarget =  ./static/tutorial-1-standalone-workflows-15.png
imageFileName =  /Users/douglasbothwell/Desktop/hd-docs-migrate/hd-convert/STAGE_docs/docs/security-testing-orchestration/onboard-sto/static/tutorial-1-standalone-workflows-15.png
[DEBUG] line updated:
	 original  114 :  The Issue Details pane has the information you need to troubleshoot and fix your security vulnerabilities.* In the Issues table (bottom left), click the row for the critical issue **subprocess\_popen\_with\_shell\_equals\_true**. The Issue Details pane opens.![](https://files.helpdocs.io/kw8ldg1itf/articles/lyol04162n/1666652851058/tut-01-03-issue-details.png)

	 updated   114 :  The Issue Details pane has the information you need to troubleshoot and fix your security vulnerabilities.* In the Issues table (bottom left), click the row for the critical issue **subprocess\_popen\_with\_shell\_equals\_true**. The Issue Details pane opens.![](./static/tutorial-1-standalone-workflows-15.png)

[DEBUG] mdFileName =  /Users/douglasbothwell/Desktop/hd-docs-migrate/hd-convert/STAGE_docs/docs/security-testing-orchestration/onboard-sto/set-up-harness-for-sto.md
[DEBUG] imgURL =  https://files.helpdocs.io/kw8ldg1itf/articles/jqswva2dnx/1666121630219/add-role-sto-developer.png
[DEBUG] imgTarget =  ./static/set-up-harness-for-sto-16.png
imageFileName =  /Users/douglasbothwell/Desktop/hd-docs-migrate/hd-convert/STAGE_docs/docs/security-testing-orchestration/onboard-sto/static/set-up-harness-for-sto-16.png
[DEBUG] line updated:
	 original  74 :  4. Assign the **Security Testing Developer** role or the **Security Testing SecOps** role to the user profile.![](https://files.helpdocs.io/kw8ldg1itf/articles/jqswva2dnx/1666121630219/add-role-sto-developer.png)

	 updated   74 :  4. Assign the **Security Testing Developer** role or the **Security Testing SecOps** role to the user profile.![](./static/set-up-harness-for-sto-16.png)

[DEBUG] mdFileName =  /Users/douglasbothwell/Desktop/hd-docs-migrate/hd-convert/STAGE_docs/docs/security-testing-orchestration/onboard-sto/set-up-harness-for-sto.md
[DEBUG] imgURL =  https://files.helpdocs.io/kw8ldg1itf/articles/rlbw5luj4h/1661218671833/github-path-new-secret-text-01.png
[DEBUG] imgTarget =  ./static/set-up-harness-for-sto-17.png
imageFileName =  /Users/douglasbothwell/Desktop/hd-docs-migrate/hd-convert/STAGE_docs/docs/security-testing-orchestration/onboard-sto/static/set-up-harness-for-sto-17.png
[DEBUG] line updated:
	 original  159 :    3. Click **New Secret** > **Text**.![](https://files.helpdocs.io/kw8ldg1itf/articles/rlbw5luj4h/1661218671833/github-path-new-secret-text-01.png)

	 updated   159 :    3. Click **New Secret** > **Text**.![](./static/set-up-harness-for-sto-17.png)

[DEBUG] mdFileName =  /Users/douglasbothwell/Desktop/hd-docs-migrate/hd-convert/STAGE_docs/docs/security-testing-orchestration/onboard-sto/set-up-harness-for-sto.md
[DEBUG] imgURL =  https://files.helpdocs.io/kw8ldg1itf/articles/rlbw5luj4h/1661218544429/github-path-new-secret-text-02.png
[DEBUG] imgTarget =  ./static/set-up-harness-for-sto-18.png
imageFileName =  /Users/douglasbothwell/Desktop/hd-docs-migrate/hd-convert/STAGE_docs/docs/security-testing-orchestration/onboard-sto/static/set-up-harness-for-sto-18.png
[DEBUG] line updated:
	 original  160 :    4. Specify the **Secret Name** and **Secret Value** (your GitHub access token). It's good practice to indicate the scope of the secret in the name, as shown in this example.![](https://files.helpdocs.io/kw8ldg1itf/articles/rlbw5luj4h/1661218544429/github-path-new-secret-text-02.png)

	 updated   160 :    4. Specify the **Secret Name** and **Secret Value** (your GitHub access token). It's good practice to indicate the scope of the secret in the name, as shown in this example.![](./static/set-up-harness-for-sto-18.png)

[DEBUG] mdFileName =  /Users/douglasbothwell/Desktop/hd-docs-migrate/hd-convert/STAGE_docs/docs/security-testing-orchestration/onboard-sto/set-up-harness-for-sto.md
[DEBUG] imgURL =  https://files.helpdocs.io/kw8ldg1itf/articles/rlbw5luj4h/1661354922517/pipeline-stage-00.png
[DEBUG] imgTarget =  ./static/set-up-harness-for-sto-19.png
imageFileName =  /Users/douglasbothwell/Desktop/hd-docs-migrate/hd-convert/STAGE_docs/docs/security-testing-orchestration/onboard-sto/static/set-up-harness-for-sto-19.png
[DEBUG] line updated:
	 original  231 :  1. In the Pipeline Studio, click **Home** > **Projects** and choose the project where you want to create the pipeline.![](https://files.helpdocs.io/kw8ldg1itf/articles/rlbw5luj4h/1661354922517/pipeline-stage-00.png)

	 updated   231 :  1. In the Pipeline Studio, click **Home** > **Projects** and choose the project where you want to create the pipeline.![](./static/set-up-harness-for-sto-19.png)

[DEBUG] mdFileName =  /Users/douglasbothwell/Desktop/hd-docs-migrate/hd-convert/STAGE_docs/docs/security-testing-orchestration/onboard-sto/set-up-harness-for-sto.md
[DEBUG] imgURL =  https://files.helpdocs.io/kw8ldg1itf/articles/rlbw5luj4h/1661355636355/pipeline-stage-01.png
[DEBUG] imgTarget =  ./static/set-up-harness-for-sto-20.png
imageFileName =  /Users/douglasbothwell/Desktop/hd-docs-migrate/hd-convert/STAGE_docs/docs/security-testing-orchestration/onboard-sto/static/set-up-harness-for-sto-20.png
[DEBUG] line updated:
	 original  232 :  2. Under Modules, choose **Security Tests**.![](https://files.helpdocs.io/kw8ldg1itf/articles/rlbw5luj4h/1661355636355/pipeline-stage-01.png)

	 updated   232 :  2. Under Modules, choose **Security Tests**.![](./static/set-up-harness-for-sto-20.png)

[DEBUG] mdFileName =  /Users/douglasbothwell/Desktop/hd-docs-migrate/hd-convert/STAGE_docs/docs/security-testing-orchestration/onboard-sto/set-up-harness-for-sto.md
[DEBUG] imgURL =  https://files.helpdocs.io/kw8ldg1itf/articles/rlbw5luj4h/1661355649487/pipeline-stage-02-b.png
[DEBUG] imgTarget =  ./static/set-up-harness-for-sto-21.png
imageFileName =  /Users/douglasbothwell/Desktop/hd-docs-migrate/hd-convert/STAGE_docs/docs/security-testing-orchestration/onboard-sto/static/set-up-harness-for-sto-21.png
[DEBUG] line updated:
	 original  236 :  	3. Click **Start**.![](https://files.helpdocs.io/kw8ldg1itf/articles/rlbw5luj4h/1661355649487/pipeline-stage-02-b.png)

	 updated   236 :  	3. Click **Start**.![](./static/set-up-harness-for-sto-21.png)

[DEBUG] mdFileName =  /Users/douglasbothwell/Desktop/hd-docs-migrate/hd-convert/STAGE_docs/docs/security-testing-orchestration/onboard-sto/set-up-harness-for-sto.md
[DEBUG] imgURL =  https://files.helpdocs.io/kw8ldg1itf/articles/rlbw5luj4h/1661355932130/pipeline-stage-03.png
[DEBUG] imgTarget =  ./static/set-up-harness-for-sto-22.png
imageFileName =  /Users/douglasbothwell/Desktop/hd-docs-migrate/hd-convert/STAGE_docs/docs/security-testing-orchestration/onboard-sto/static/set-up-harness-for-sto-22.png
[DEBUG] line updated:
	 original  241 :  	4. Click **Set Up Stage**.![](https://files.helpdocs.io/kw8ldg1itf/articles/rlbw5luj4h/1661355932130/pipeline-stage-03.png)

	 updated   241 :  	4. Click **Set Up Stage**.![](./static/set-up-harness-for-sto-22.png)

[DEBUG] mdFileName =  /Users/douglasbothwell/Desktop/hd-docs-migrate/hd-convert/STAGE_docs/docs/security-testing-orchestration/onboard-sto/set-up-harness-for-sto.md
[DEBUG] imgURL =  https://files.helpdocs.io/kw8ldg1itf/articles/m2nmo0gzp9/1664915691352/setup-stage-00-overview-varru.png
[DEBUG] imgTarget =  ./static/set-up-harness-for-sto-23.png
imageFileName =  /Users/douglasbothwell/Desktop/hd-docs-migrate/hd-convert/STAGE_docs/docs/security-testing-orchestration/onboard-sto/static/set-up-harness-for-sto-23.png
[DEBUG] line updated:
	 original  245 :  1. In the **Overview** tab, under **Shared Paths**, click **Add** and enter the path `/var/run`.![](https://files.helpdocs.io/kw8ldg1itf/articles/m2nmo0gzp9/1664915691352/setup-stage-00-overview-varru.png)

	 updated   245 :  1. In the **Overview** tab, under **Shared Paths**, click **Add** and enter the path `/var/run`.![](./static/set-up-harness-for-sto-23.png)

[DEBUG] mdFileName =  /Users/douglasbothwell/Desktop/hd-docs-migrate/hd-convert/STAGE_docs/docs/security-testing-orchestration/onboard-sto/set-up-harness-for-sto.md
[DEBUG] imgURL =  https://files.helpdocs.io/kw8ldg1itf/articles/m2nmo0gzp9/1664915724374/setup-stage-01-infra-tab.png
[DEBUG] imgTarget =  ./static/set-up-harness-for-sto-24.png
imageFileName =  /Users/douglasbothwell/Desktop/hd-docs-migrate/hd-convert/STAGE_docs/docs/security-testing-orchestration/onboard-sto/static/set-up-harness-for-sto-24.png
[DEBUG] line updated:
	 original  250 :  	4. OS = `Linux`![](https://files.helpdocs.io/kw8ldg1itf/articles/m2nmo0gzp9/1664915724374/setup-stage-01-infra-tab.png)

	 updated   250 :  	4. OS = `Linux`![](./static/set-up-harness-for-sto-24.png)

[DEBUG] mdFileName =  /Users/douglasbothwell/Desktop/hd-docs-migrate/hd-convert/STAGE_docs/docs/security-testing-orchestration/onboard-sto/set-up-harness-for-sto.md
[DEBUG] imgURL =  https://files.helpdocs.io/kw8ldg1itf/articles/m2nmo0gzp9/1664915778513/setup-stage-03-config-dind.png
[DEBUG] imgTarget =  ./static/set-up-harness-for-sto-25.png
imageFileName =  /Users/douglasbothwell/Desktop/hd-docs-migrate/hd-convert/STAGE_docs/docs/security-testing-orchestration/onboard-sto/static/set-up-harness-for-sto-25.png
[DEBUG] line updated:
	 original  256 :  	5. Under Optional Configuration, select the **Privileged** checkbox.![](https://files.helpdocs.io/kw8ldg1itf/articles/m2nmo0gzp9/1664915778513/setup-stage-03-config-dind.png)

	 updated   256 :  	5. Under Optional Configuration, select the **Privileged** checkbox.![](./static/set-up-harness-for-sto-25.png)

[DEBUG] mdFileName =  /Users/douglasbothwell/Desktop/hd-docs-migrate/hd-convert/STAGE_docs/docs/security-testing-orchestration/onboard-sto/set-up-harness-for-sto.md
[DEBUG] imgURL =  https://files.helpdocs.io/kw8ldg1itf/articles/rlbw5luj4h/1661616083068/sto-setup-run-step-settings.png
[DEBUG] imgTarget =  ./static/set-up-harness-for-sto-26.png
imageFileName =  /Users/douglasbothwell/Desktop/hd-docs-migrate/hd-convert/STAGE_docs/docs/security-testing-orchestration/onboard-sto/static/set-up-harness-for-sto-26.png
[DEBUG] line updated:
	 original  269 :  3. Apply your changes, return to the Stage, and **Save** the pipeline.![](https://files.helpdocs.io/kw8ldg1itf/articles/rlbw5luj4h/1661616083068/sto-setup-run-step-settings.png)

	 updated   269 :  3. Apply your changes, return to the Stage, and **Save** the pipeline.![](./static/set-up-harness-for-sto-26.png)

[DEBUG] mdFileName =  /Users/douglasbothwell/Desktop/hd-docs-migrate/hd-convert/STAGE_docs/docs/security-testing-orchestration/onboard-sto/set-up-harness-for-sto.md
[DEBUG] imgURL =  https://files.helpdocs.io/kw8ldg1itf/articles/rlbw5luj4h/1661431889676/clone-pipeline.png
[DEBUG] imgTarget =  ./static/set-up-harness-for-sto-27.png
imageFileName =  /Users/douglasbothwell/Desktop/hd-docs-migrate/hd-convert/STAGE_docs/docs/security-testing-orchestration/onboard-sto/static/set-up-harness-for-sto-27.png
[DEBUG] line updated:
	 original  281 :  ![](https://files.helpdocs.io/kw8ldg1itf/articles/rlbw5luj4h/1661431889676/clone-pipeline.png)
	 updated   281 :  ![](./static/set-up-harness-for-sto-27.png)
[DEBUG] mdFileName =  /Users/douglasbothwell/Desktop/hd-docs-migrate/hd-convert/STAGE_docs/docs/security-testing-orchestration/onboard-sto/security-testing-orchestration-basics.md
[DEBUG] imgURL =  https://files.helpdocs.io/i5nl071jo5/articles/ap7y94ap7h/1647988169396/clean-shot-2022-03-22-at-15-29-09.png
[DEBUG] imgTarget =  ./static/security-testing-orchestration-basics-28.png
imageFileName =  /Users/douglasbothwell/Desktop/hd-docs-migrate/hd-convert/STAGE_docs/docs/security-testing-orchestration/onboard-sto/static/security-testing-orchestration-basics-28.png
[DEBUG] line updated:
	 original  33 :  ![](https://files.helpdocs.io/i5nl071jo5/articles/ap7y94ap7h/1647988169396/clean-shot-2022-03-22-at-15-29-09.png)

	 updated   33 :  ![](./static/security-testing-orchestration-basics-28.png)

[DEBUG] mdFileName =  /Users/douglasbothwell/Desktop/hd-docs-migrate/hd-convert/STAGE_docs/docs/security-testing-orchestration/onboard-sto/security-testing-orchestration-basics.md
[DEBUG] imgURL =  https://files.helpdocs.io/i5nl071jo5/articles/ap7y94ap7h/1647988618571/clean-shot-2022-03-22-at-15-36-03.png
[DEBUG] imgTarget =  ./static/security-testing-orchestration-basics-29.png
imageFileName =  /Users/douglasbothwell/Desktop/hd-docs-migrate/hd-convert/STAGE_docs/docs/security-testing-orchestration/onboard-sto/static/security-testing-orchestration-basics-29.png
[DEBUG] line updated:
	 original  43 :  ![](https://files.helpdocs.io/i5nl071jo5/articles/ap7y94ap7h/1647988618571/clean-shot-2022-03-22-at-15-36-03.png)

	 updated   43 :  ![](./static/security-testing-orchestration-basics-29.png)

[DEBUG] mdFileName =  /Users/douglasbothwell/Desktop/hd-docs-migrate/hd-convert/STAGE_docs/docs/security-testing-orchestration/onboard-sto/security-testing-orchestration-basics.md
[DEBUG] imgURL =  https://files.helpdocs.io/i5nl071jo5/articles/ap7y94ap7h/1647974851933/image.png
[DEBUG] imgTarget =  ./static/security-testing-orchestration-basics-30.png
imageFileName =  /Users/douglasbothwell/Desktop/hd-docs-migrate/hd-convert/STAGE_docs/docs/security-testing-orchestration/onboard-sto/static/security-testing-orchestration-basics-30.png
[DEBUG] line updated:
	 original  61 :  ![](https://files.helpdocs.io/i5nl071jo5/articles/ap7y94ap7h/1647974851933/image.png)

	 updated   61 :  ![](./static/security-testing-orchestration-basics-30.png)

[DEBUG] mdFileName =  /Users/douglasbothwell/Desktop/hd-docs-migrate/hd-convert/STAGE_docs/docs/security-testing-orchestration/onboard-sto/security-testing-orchestration-basics.md
[DEBUG] imgURL =  https://files.helpdocs.io/kw8ldg1itf/articles/ap7y94ap7h/1660650807410/sto-overview-update.png
[DEBUG] imgTarget =  ./static/security-testing-orchestration-basics-31.png
imageFileName =  /Users/douglasbothwell/Desktop/hd-docs-migrate/hd-convert/STAGE_docs/docs/security-testing-orchestration/onboard-sto/static/security-testing-orchestration-basics-31.png
[DEBUG] line updated:
	 original  77 :  ![](https://files.helpdocs.io/kw8ldg1itf/articles/ap7y94ap7h/1660650807410/sto-overview-update.png)Now let's apply these features to common use cases:

	 updated   77 :  ![](./static/security-testing-orchestration-basics-31.png)Now let's apply these features to common use cases:

[DEBUG] mdFileName =  /Users/douglasbothwell/Desktop/hd-docs-migrate/hd-convert/STAGE_docs/docs/security-testing-orchestration/sto-techref-category/security-step-settings-reference.md
[DEBUG] imgURL =  https://files.helpdocs.io/i5nl071jo5/articles/0k0iubnzql/1649889372492/clean-shot-2022-04-13-at-15-35-59-2-x.png
[DEBUG] imgTarget =  ./static/security-step-settings-reference-00.png
imageFileName =  /Users/douglasbothwell/Desktop/hd-docs-migrate/hd-convert/STAGE_docs/docs/security-testing-orchestration/sto-techref-category/static/security-step-settings-reference-00.png
[DEBUG] line updated:
	 original  92 :  ![](https://files.helpdocs.io/i5nl071jo5/articles/0k0iubnzql/1649889372492/clean-shot-2022-04-13-at-15-35-59-2-x.png)The Aqua Trivy-specific settings are just `scan_type` and `policy_type`. The rest of the settings are common to all scanners where the `scan_type` is `container`.

	 updated   92 :  ![](./static/security-step-settings-reference-00.png)The Aqua Trivy-specific settings are just `scan_type` and `policy_type`. The rest of the settings are common to all scanners where the `scan_type` is `container`.

{'https://files.helpdocs.io/i5nl071jo5/articles/0k0iubnzql/1649889372492/clean-shot-2022-04-13-at-15-35-59-2-x.png': ['/Users/douglasbothwell/Desktop/hd-docs-migrate/hd-convert/STAGE_docs/docs/security-testing-orchestration/sto-techref-category/security-step-settings-reference.md'],
 'https://files.helpdocs.io/i5nl071jo5/articles/ap7y94ap7h/1647974851933/image.png': ['/Users/douglasbothwell/Desktop/hd-docs-migrate/hd-convert/STAGE_docs/docs/security-testing-orchestration/onboard-sto/security-testing-orchestration-basics.md'],
 'https://files.helpdocs.io/i5nl071jo5/articles/ap7y94ap7h/1647988169396/clean-shot-2022-03-22-at-15-29-09.png': ['/Users/douglasbothwell/Desktop/hd-docs-migrate/hd-convert/STAGE_docs/docs/security-testing-orchestration/onboard-sto/security-testing-orchestration-basics.md'],
 'https://files.helpdocs.io/i5nl071jo5/articles/ap7y94ap7h/1647988618571/clean-shot-2022-03-22-at-15-36-03.png': ['/Users/douglasbothwell/Desktop/hd-docs-migrate/hd-convert/STAGE_docs/docs/security-testing-orchestration/onboard-sto/security-testing-orchestration-basics.md'],
 'https://files.helpdocs.io/kw8ldg1itf/articles/2ap1uol6ti/1667497048580/sto-overview.png': ['/Users/douglasbothwell/Desktop/hd-docs-migrate/hd-convert/STAGE_docs/docs/security-testing-orchestration/use-sto/sto-overview.md'],
 'https://files.helpdocs.io/kw8ldg1itf/articles/ap7y94ap7h/1660650807410/sto-overview-update.png': ['/Users/douglasbothwell/Desktop/hd-docs-migrate/hd-convert/STAGE_docs/docs/security-testing-orchestration/onboard-sto/security-testing-orchestration-basics.md'],
 'https://files.helpdocs.io/kw8ldg1itf/articles/cjqnd71y07/1663028453108/dataload-pipeline.png': ['/Users/douglasbothwell/Desktop/hd-docs-migrate/hd-convert/STAGE_docs/docs/security-testing-orchestration/use-sto/sto-workflows-overview.md'],
 'https://files.helpdocs.io/kw8ldg1itf/articles/cjqnd71y07/1663798037496/orchestrated-pipeline-v-2.png': ['/Users/douglasbothwell/Desktop/hd-docs-migrate/hd-convert/STAGE_docs/docs/security-testing-orchestration/use-sto/sto-workflows-overview.md'],
 'https://files.helpdocs.io/kw8ldg1itf/articles/d24n34qdbk/1663169627027/ingestion-only-pipeline-trivy.png': ['/Users/douglasbothwell/Desktop/hd-docs-migrate/hd-convert/STAGE_docs/docs/security-testing-orchestration/use-sto/ingest-scan-results-into-an-sto-pipeline.md'],
 'https://files.helpdocs.io/kw8ldg1itf/articles/ijkyokxrot/1661880426879/sto-pipeline-shared-path.png': ['/Users/douglasbothwell/Desktop/hd-docs-migrate/hd-convert/STAGE_docs/docs/security-testing-orchestration/use-sto/ingesting-issues-from-other-scanners.md',
                                                                                                         '/Users/douglasbothwell/Desktop/hd-docs-migrate/hd-convert/STAGE_docs/docs/security-testing-orchestration/use-sto/ingest-scan-results-into-an-sto-pipeline.md'],
 'https://files.helpdocs.io/kw8ldg1itf/articles/jqswva2dnx/1666121630219/add-role-sto-developer.png': ['/Users/douglasbothwell/Desktop/hd-docs-migrate/hd-convert/STAGE_docs/docs/security-testing-orchestration/onboard-sto/set-up-harness-for-sto.md'],
 'https://files.helpdocs.io/kw8ldg1itf/articles/lyol04162n/1666650601913/tut-01-00-scan-master-branch-results.png': ['/Users/douglasbothwell/Desktop/hd-docs-migrate/hd-convert/STAGE_docs/docs/security-testing-orchestration/onboard-sto/tutorial-1-standalone-workflows.md'],
 'https://files.helpdocs.io/kw8ldg1itf/articles/lyol04162n/1666652851058/tut-01-03-issue-details.png': ['/Users/douglasbothwell/Desktop/hd-docs-migrate/hd-convert/STAGE_docs/docs/security-testing-orchestration/onboard-sto/tutorial-1-standalone-workflows.md'],
 'https://files.helpdocs.io/kw8ldg1itf/articles/lyol04162n/1666724208808/tut-01-01-set-baseline-v-2.png': ['/Users/douglasbothwell/Desktop/hd-docs-migrate/hd-convert/STAGE_docs/docs/security-testing-orchestration/onboard-sto/tutorial-1-standalone-workflows.md'],
 'https://files.helpdocs.io/kw8ldg1itf/articles/lyol04162n/1666724240247/tut-01-02-demo-001-scan-results-v-2.png': ['/Users/douglasbothwell/Desktop/hd-docs-migrate/hd-convert/STAGE_docs/docs/security-testing-orchestration/onboard-sto/tutorial-1-standalone-workflows.md'],
 'https://files.helpdocs.io/kw8ldg1itf/articles/m2nmo0gzp9/1664915691352/setup-stage-00-overview-varru.png': ['/Users/douglasbothwell/Desktop/hd-docs-migrate/hd-convert/STAGE_docs/docs/security-testing-orchestration/onboard-sto/set-up-harness-for-sto.md'],
 'https://files.helpdocs.io/kw8ldg1itf/articles/m2nmo0gzp9/1664915724374/setup-stage-01-infra-tab.png': ['/Users/douglasbothwell/Desktop/hd-docs-migrate/hd-convert/STAGE_docs/docs/security-testing-orchestration/onboard-sto/set-up-harness-for-sto.md'],
 'https://files.helpdocs.io/kw8ldg1itf/articles/m2nmo0gzp9/1664915778513/setup-stage-03-config-dind.png': ['/Users/douglasbothwell/Desktop/hd-docs-migrate/hd-convert/STAGE_docs/docs/security-testing-orchestration/onboard-sto/set-up-harness-for-sto.md'],
 'https://files.helpdocs.io/kw8ldg1itf/articles/qhgshfw3mg/1659290775295/integrated-workflow-pipeline.png': ['/Users/douglasbothwell/Desktop/hd-docs-migrate/hd-convert/STAGE_docs/docs/security-testing-orchestration/onboard-sto/sto-tutorial-2-integrated-sto-ci-cd-workflows.md'],
 'https://files.helpdocs.io/kw8ldg1itf/articles/qhgshfw3mg/1659295566043/integrated-workflow-scan-results.png': ['/Users/douglasbothwell/Desktop/hd-docs-migrate/hd-convert/STAGE_docs/docs/security-testing-orchestration/onboard-sto/sto-tutorial-2-integrated-sto-ci-cd-workflows.md'],
 'https://files.helpdocs.io/kw8ldg1itf/articles/rlbw5luj4h/1661218544429/github-path-new-secret-text-02.png': ['/Users/douglasbothwell/Desktop/hd-docs-migrate/hd-convert/STAGE_docs/docs/security-testing-orchestration/onboard-sto/set-up-harness-for-sto.md'],
 'https://files.helpdocs.io/kw8ldg1itf/articles/rlbw5luj4h/1661218671833/github-path-new-secret-text-01.png': ['/Users/douglasbothwell/Desktop/hd-docs-migrate/hd-convert/STAGE_docs/docs/security-testing-orchestration/onboard-sto/set-up-harness-for-sto.md'],
 'https://files.helpdocs.io/kw8ldg1itf/articles/rlbw5luj4h/1661354922517/pipeline-stage-00.png': ['/Users/douglasbothwell/Desktop/hd-docs-migrate/hd-convert/STAGE_docs/docs/security-testing-orchestration/onboard-sto/set-up-harness-for-sto.md'],
 'https://files.helpdocs.io/kw8ldg1itf/articles/rlbw5luj4h/1661355636355/pipeline-stage-01.png': ['/Users/douglasbothwell/Desktop/hd-docs-migrate/hd-convert/STAGE_docs/docs/security-testing-orchestration/onboard-sto/set-up-harness-for-sto.md'],
 'https://files.helpdocs.io/kw8ldg1itf/articles/rlbw5luj4h/1661355649487/pipeline-stage-02-b.png': ['/Users/douglasbothwell/Desktop/hd-docs-migrate/hd-convert/STAGE_docs/docs/security-testing-orchestration/onboard-sto/set-up-harness-for-sto.md'],
 'https://files.helpdocs.io/kw8ldg1itf/articles/rlbw5luj4h/1661355932130/pipeline-stage-03.png': ['/Users/douglasbothwell/Desktop/hd-docs-migrate/hd-convert/STAGE_docs/docs/security-testing-orchestration/onboard-sto/set-up-harness-for-sto.md'],
 'https://files.helpdocs.io/kw8ldg1itf/articles/rlbw5luj4h/1661431889676/clone-pipeline.png': ['/Users/douglasbothwell/Desktop/hd-docs-migrate/hd-convert/STAGE_docs/docs/security-testing-orchestration/onboard-sto/set-up-harness-for-sto.md'],
 'https://files.helpdocs.io/kw8ldg1itf/articles/rlbw5luj4h/1661616083068/sto-setup-run-step-settings.png': ['/Users/douglasbothwell/Desktop/hd-docs-migrate/hd-convert/STAGE_docs/docs/security-testing-orchestration/onboard-sto/set-up-harness-for-sto.md'],
 'https://files.helpdocs.io/kw8ldg1itf/articles/wk018r6x3g/1663026232234/orchestrated-scan-results.png': ['/Users/douglasbothwell/Desktop/hd-docs-migrate/hd-convert/STAGE_docs/docs/security-testing-orchestration/use-sto/run-an-orchestrated-scan-in-sto.md'],
 'https://files.helpdocs.io/kw8ldg1itf/articles/x6jsoi0i4e/1662742101627/ingestion-only-pipeline.png': ['/Users/douglasbothwell/Desktop/hd-docs-migrate/hd-convert/STAGE_docs/docs/security-testing-orchestration/use-sto/sto-workflows-overview.md'],
 'https://files.helpdocs.io/kw8ldg1itf/articles/y22pgbobm5/1666660833239/tut-02-06-ignore-butto.png': ['/Users/douglasbothwell/Desktop/hd-docs-migrate/hd-convert/STAGE_docs/docs/security-testing-orchestration/onboard-sto/sto-tutorial-2-integrated-sto-ci-cd-workflows.md'],
 'https://files.helpdocs.io/kw8ldg1itf/articles/y22pgbobm5/1666661208582/tut-02-07-request-to-ignore-issue.png': ['/Users/douglasbothwell/Desktop/hd-docs-migrate/hd-convert/STAGE_docs/docs/security-testing-orchestration/onboard-sto/sto-tutorial-2-integrated-sto-ci-cd-workflows.md'],
 'https://files.helpdocs.io/kw8ldg1itf/articles/y22pgbobm5/1666661810872/tut-02-08-approve-exemptions.png': ['/Users/douglasbothwell/Desktop/hd-docs-migrate/hd-convert/STAGE_docs/docs/security-testing-orchestration/onboard-sto/sto-tutorial-2-integrated-sto-ci-cd-workflows.md'],
 'https://files.helpdocs.io/kw8ldg1itf/articles/y22pgbobm5/1666724864917/tut-02-04-banditscan-failed-v-2.png': ['/Users/douglasbothwell/Desktop/hd-docs-migrate/hd-convert/STAGE_docs/docs/security-testing-orchestration/onboard-sto/sto-tutorial-2-integrated-sto-ci-cd-workflows.md'],
 'https://files.helpdocs.io/kw8ldg1itf/articles/y22pgbobm5/1666727171944/tut-02-09-ignored-issue-buttons.png': ['/Users/douglasbothwell/Desktop/hd-docs-migrate/hd-convert/STAGE_docs/docs/security-testing-orchestration/onboard-sto/sto-tutorial-2-integrated-sto-ci-cd-workflows.md'],
 'https://files.helpdocs.io/kw8ldg1itf/articles/y22pgbobm5/1666727453754/tut-02-10-ignored-issues-visible.png': ['/Users/douglasbothwell/Desktop/hd-docs-migrate/hd-convert/STAGE_docs/docs/security-testing-orchestration/onboard-sto/sto-tutorial-2-integrated-sto-ci-cd-workflows.md'],
 'https://files.helpdocs.io/kw8ldg1itf/articles/y22pgbobm5/1666727818360/tut-02-11-delete-ignore-rules.png': ['/Users/douglasbothwell/Desktop/hd-docs-migrate/hd-convert/STAGE_docs/docs/security-testing-orchestration/onboard-sto/sto-tutorial-2-integrated-sto-ci-cd-workflows.md'],
 'https://files.helpdocs.io/kw8ldg1itf/articles/y22pgbobm5/1666967042962/assign-secops-role.png': ['/Users/douglasbothwell/Desktop/hd-docs-migrate/hd-convert/STAGE_docs/docs/security-testing-orchestration/onboard-sto/sto-tutorial-2-integrated-sto-ci-cd-workflows.md'],
 'https://files.helpdocs.io/kw8ldg1itf/articles/ymkcm5lypf/1662134060300/issue-details-raw-fields-grouped.png': ['/Users/douglasbothwell/Desktop/hd-docs-migrate/hd-convert/STAGE_docs/docs/security-testing-orchestration/use-sto/ingesting-issues-from-other-scanners.md'],
 'https://files.helpdocs.io/kw8ldg1itf/articles/yvy4pmt8bw/1661620474762/clone-pipeline.png': ['/Users/douglasbothwell/Desktop/hd-docs-migrate/hd-convert/STAGE_docs/docs/security-testing-orchestration/onboard-sto/tutorial-1-standalone-workflows.md'],
 'https://files.helpdocs.io/kw8ldg1itf/articles/yvy4pmt8bw/1661620568451/sto-setup-run-step-settings.png': ['/Users/douglasbothwell/Desktop/hd-docs-migrate/hd-convert/STAGE_docs/docs/security-testing-orchestration/onboard-sto/tutorial-1-standalone-workflows.md']}
