[WARNING2] Image download failed:       https://files.helpdocs.io/i5nl071jo5/articles/jws2znftay/1634844532487/clean-shot-2021-10-21-at-12-28-33.png)](https://files.helpdocs.io/i5nl071jo5/articles/jws2znftay/1634844532487/clean-shot-2021-10-21-at-12-28-33.png
	Try the curl command, see end of log
	 Failed download:  https://files.helpdocs.io/i5nl071jo5/articles/jws2znftay/1634844532487/clean-shot-2021-10-21-at-12-28-33.png)](https://files.helpdocs.io/i5nl071jo5/articles/jws2znftay/1634844532487/clean-shot-2021-10-21-at-12-28-33.png
[WARNING2] Image download failed:       https://files.helpdocs.io/i5nl071jo5/articles/jws2znftay/1634856120356/clean-shot-2021-10-21-at-15-41-49-2-x.png)](https://files.helpdocs.io/i5nl071jo5/articles/jws2znftay/1634856120356/clean-shot-2021-10-21-at-15-41-49-2-x.png
	Try the curl command, see end of log
	 Failed download:  https://files.helpdocs.io/i5nl071jo5/articles/jws2znftay/1634856120356/clean-shot-2021-10-21-at-15-41-49-2-x.png)](https://files.helpdocs.io/i5nl071jo5/articles/jws2znftay/1634856120356/clean-shot-2021-10-21-at-15-41-49-2-x.png
[WARNING2] Image download failed:       https://files.helpdocs.io/i5nl071jo5/articles/jws2znftay/1636584541766/clean-shot-2021-11-10-at-14-48-45-2-x.png)](https://files.helpdocs.io/i5nl071jo5/articles/jws2znftay/1636584541766/clean-shot-2021-11-10-at-14-48-45-2-x.png
	Try the curl command, see end of log
	 Failed download:  https://files.helpdocs.io/i5nl071jo5/articles/jws2znftay/1636584541766/clean-shot-2021-11-10-at-14-48-45-2-x.png)](https://files.helpdocs.io/i5nl071jo5/articles/jws2znftay/1636584541766/clean-shot-2021-11-10-at-14-48-45-2-x.png
[WARNING2] Image download failed:       https://files.helpdocs.io/i5nl071jo5/articles/jws2znftay/1634859288101/clean-shot-2021-10-21-at-16-34-28-2-x.png)](https://files.helpdocs.io/i5nl071jo5/articles/jws2znftay/1634859288101/clean-shot-2021-10-21-at-16-34-28-2-x.png
	Try the curl command, see end of log
	 Failed download:  https://files.helpdocs.io/i5nl071jo5/articles/jws2znftay/1634859288101/clean-shot-2021-10-21-at-16-34-28-2-x.png)](https://files.helpdocs.io/i5nl071jo5/articles/jws2znftay/1634859288101/clean-shot-2021-10-21-at-16-34-28-2-x.png
[WARNING2] Image download failed:       https://files.helpdocs.io/i5nl071jo5/articles/jws2znftay/1634859546331/clean-shot-2021-10-21-at-16-38-59-2-x.png)](https://files.helpdocs.io/i5nl071jo5/articles/jws2znftay/1634859546331/clean-shot-2021-10-21-at-16-38-59-2-x.png
	Try the curl command, see end of log
	 Failed download:  https://files.helpdocs.io/i5nl071jo5/articles/jws2znftay/1634859546331/clean-shot-2021-10-21-at-16-38-59-2-x.png)](https://files.helpdocs.io/i5nl071jo5/articles/jws2znftay/1634859546331/clean-shot-2021-10-21-at-16-38-59-2-x.png
[WARNING2] Image download failed:       https://files.helpdocs.io/i5nl071jo5/articles/jws2znftay/1634859678660/clean-shot-2021-10-21-at-16-40-28-2-x.png)](https://files.helpdocs.io/i5nl071jo5/articles/jws2znftay/1634859678660/clean-shot-2021-10-21-at-16-40-28-2-x.png
	Try the curl command, see end of log
	 Failed download:  https://files.helpdocs.io/i5nl071jo5/articles/jws2znftay/1634859678660/clean-shot-2021-10-21-at-16-40-28-2-x.png)](https://files.helpdocs.io/i5nl071jo5/articles/jws2znftay/1634859678660/clean-shot-2021-10-21-at-16-40-28-2-x.png
[WARNING2] Image download failed:       https://files.helpdocs.io/kw8ldg1itf/articles/cbj5uuzpbu/1665464267825/srm-main-menu.png)](https://files.helpdocs.io/i5nl071jo5/articles/trlszsj5lh/1647404699590/screenshot-2022-03-16-at-9-54-38-am.png
	Try the curl command, see end of log
	 Failed download:  https://files.helpdocs.io/kw8ldg1itf/articles/cbj5uuzpbu/1665464267825/srm-main-menu.png)](https://files.helpdocs.io/i5nl071jo5/articles/trlszsj5lh/1647404699590/screenshot-2022-03-16-at-9-54-38-am.png
[WARNING2] Image download failed:       https://files.helpdocs.io/kw8ldg1itf/articles/cbj5uuzpbu/1665464306563/add-new-monitored-service.png)](https://files.helpdocs.io/i5nl071jo5/articles/rvneg74vmk/1634045442446/screenshot-2021-10-12-at-7-00-22-pm.png
	Try the curl command, see end of log
	 Failed download:  https://files.helpdocs.io/kw8ldg1itf/articles/cbj5uuzpbu/1665464306563/add-new-monitored-service.png)](https://files.helpdocs.io/i5nl071jo5/articles/rvneg74vmk/1634045442446/screenshot-2021-10-12-at-7-00-22-pm.png
[WARNING2] Image download failed:       https://files.helpdocs.io/kw8ldg1itf/articles/cbj5uuzpbu/1665464472465/add-new-health-source.png)](https://files.helpdocs.io/i5nl071jo5/articles/trlszsj5lh/1647411716886/screenshot-2022-03-16-at-11-51-40-am.png
	Try the curl command, see end of log
	 Failed download:  https://files.helpdocs.io/kw8ldg1itf/articles/cbj5uuzpbu/1665464472465/add-new-health-source.png)](https://files.helpdocs.io/i5nl071jo5/articles/trlszsj5lh/1647411716886/screenshot-2022-03-16-at-11-51-40-am.png
[WARNING2] Image download failed:       https://files.helpdocs.io/kw8ldg1itf/articles/cbj5uuzpbu/1665464570659/service-health-dashboard.png)1. Scroll up on the **Service Health** dashboard and then click the **Errors** tab. A list of all the identified errors appears.![](https://files.helpdocs.io/kw8ldg1itf/articles/cbj5uuzpbu/1665465250003/error-logs.png
	Try the curl command, see end of log
	 Failed download:  https://files.helpdocs.io/kw8ldg1itf/articles/cbj5uuzpbu/1665464570659/service-health-dashboard.png)1. Scroll up on the **Service Health** dashboard and then click the **Errors** tab. A list of all the identified errors appears.![](https://files.helpdocs.io/kw8ldg1itf/articles/cbj5uuzpbu/1665465250003/error-logs.png
-------------------------
[WARNING1] Image URL referenced in multiple topics:       https://files.helpdocs.io/i5nl071jo5/articles/jws2znftay/1634844532487/clean-shot-2021-10-21-at-12-28-33.png)](https://files.helpdocs.io/i5nl071jo5/articles/jws2znftay/1634844532487/clean-shot-2021-10-21-at-12-28-33.png
Image filename:       https://files.helpdocs.io/i5nl071jo5/articles/jws2znftay/1634844532487/clean-shot-2021-10-21-at-12-28-33.png)](https://files.helpdocs.io/i5nl071jo5/articles/jws2znftay/1634844532487/clean-shot-2021-10-21-at-12-28-33.png
Topics list:
['/Users/douglasbothwell/Desktop/hd-docs-migrate/hd-convert/STAGE_docs/docs/service-reliability-management/service-reliability-management-onboard/slo-driven-deployment-governance.md', '/Users/douglasbothwell/Desktop/hd-docs-migrate/hd-convert/STAGE_docs/docs/service-reliability-management/service-reliability-management-onboard/slo-driven-deployment-governance.md']
-------------------------
[WARNING2] Image download failed:       https://files.helpdocs.io/i5nl071jo5/articles/jws2znftay/1634844532487/clean-shot-2021-10-21-at-12-28-33.png)](https://files.helpdocs.io/i5nl071jo5/articles/jws2znftay/1634844532487/clean-shot-2021-10-21-at-12-28-33.png
	Try the curl command, see end of log
	 Failed download:  https://files.helpdocs.io/i5nl071jo5/articles/jws2znftay/1634844532487/clean-shot-2021-10-21-at-12-28-33.png)](https://files.helpdocs.io/i5nl071jo5/articles/jws2znftay/1634844532487/clean-shot-2021-10-21-at-12-28-33.png
-------------------------
[WARNING1] Image URL referenced in multiple topics:       https://files.helpdocs.io/i5nl071jo5/articles/jws2znftay/1634856120356/clean-shot-2021-10-21-at-15-41-49-2-x.png)](https://files.helpdocs.io/i5nl071jo5/articles/jws2znftay/1634856120356/clean-shot-2021-10-21-at-15-41-49-2-x.png
Image filename:       https://files.helpdocs.io/i5nl071jo5/articles/jws2znftay/1634856120356/clean-shot-2021-10-21-at-15-41-49-2-x.png)](https://files.helpdocs.io/i5nl071jo5/articles/jws2znftay/1634856120356/clean-shot-2021-10-21-at-15-41-49-2-x.png
Topics list:
['/Users/douglasbothwell/Desktop/hd-docs-migrate/hd-convert/STAGE_docs/docs/service-reliability-management/service-reliability-management-onboard/slo-driven-deployment-governance.md', '/Users/douglasbothwell/Desktop/hd-docs-migrate/hd-convert/STAGE_docs/docs/service-reliability-management/service-reliability-management-onboard/slo-driven-deployment-governance.md']
-------------------------
[WARNING2] Image download failed:       https://files.helpdocs.io/i5nl071jo5/articles/jws2znftay/1634856120356/clean-shot-2021-10-21-at-15-41-49-2-x.png)](https://files.helpdocs.io/i5nl071jo5/articles/jws2znftay/1634856120356/clean-shot-2021-10-21-at-15-41-49-2-x.png
	Try the curl command, see end of log
	 Failed download:  https://files.helpdocs.io/i5nl071jo5/articles/jws2znftay/1634856120356/clean-shot-2021-10-21-at-15-41-49-2-x.png)](https://files.helpdocs.io/i5nl071jo5/articles/jws2znftay/1634856120356/clean-shot-2021-10-21-at-15-41-49-2-x.png
-------------------------
[WARNING1] Image URL referenced in multiple topics:       https://files.helpdocs.io/i5nl071jo5/articles/jws2znftay/1636584541766/clean-shot-2021-11-10-at-14-48-45-2-x.png)](https://files.helpdocs.io/i5nl071jo5/articles/jws2znftay/1636584541766/clean-shot-2021-11-10-at-14-48-45-2-x.png
Image filename:       https://files.helpdocs.io/i5nl071jo5/articles/jws2znftay/1636584541766/clean-shot-2021-11-10-at-14-48-45-2-x.png)](https://files.helpdocs.io/i5nl071jo5/articles/jws2znftay/1636584541766/clean-shot-2021-11-10-at-14-48-45-2-x.png
Topics list:
['/Users/douglasbothwell/Desktop/hd-docs-migrate/hd-convert/STAGE_docs/docs/service-reliability-management/service-reliability-management-onboard/slo-driven-deployment-governance.md', '/Users/douglasbothwell/Desktop/hd-docs-migrate/hd-convert/STAGE_docs/docs/service-reliability-management/service-reliability-management-onboard/slo-driven-deployment-governance.md']
-------------------------
[WARNING2] Image download failed:       https://files.helpdocs.io/i5nl071jo5/articles/jws2znftay/1636584541766/clean-shot-2021-11-10-at-14-48-45-2-x.png)](https://files.helpdocs.io/i5nl071jo5/articles/jws2znftay/1636584541766/clean-shot-2021-11-10-at-14-48-45-2-x.png
	Try the curl command, see end of log
	 Failed download:  https://files.helpdocs.io/i5nl071jo5/articles/jws2znftay/1636584541766/clean-shot-2021-11-10-at-14-48-45-2-x.png)](https://files.helpdocs.io/i5nl071jo5/articles/jws2znftay/1636584541766/clean-shot-2021-11-10-at-14-48-45-2-x.png
-------------------------
[WARNING1] Image URL referenced in multiple topics:       https://files.helpdocs.io/i5nl071jo5/articles/jws2znftay/1634859288101/clean-shot-2021-10-21-at-16-34-28-2-x.png)](https://files.helpdocs.io/i5nl071jo5/articles/jws2znftay/1634859288101/clean-shot-2021-10-21-at-16-34-28-2-x.png
Image filename:       https://files.helpdocs.io/i5nl071jo5/articles/jws2znftay/1634859288101/clean-shot-2021-10-21-at-16-34-28-2-x.png)](https://files.helpdocs.io/i5nl071jo5/articles/jws2znftay/1634859288101/clean-shot-2021-10-21-at-16-34-28-2-x.png
Topics list:
['/Users/douglasbothwell/Desktop/hd-docs-migrate/hd-convert/STAGE_docs/docs/service-reliability-management/service-reliability-management-onboard/slo-driven-deployment-governance.md', '/Users/douglasbothwell/Desktop/hd-docs-migrate/hd-convert/STAGE_docs/docs/service-reliability-management/service-reliability-management-onboard/slo-driven-deployment-governance.md']
-------------------------
[WARNING2] Image download failed:       https://files.helpdocs.io/i5nl071jo5/articles/jws2znftay/1634859288101/clean-shot-2021-10-21-at-16-34-28-2-x.png)](https://files.helpdocs.io/i5nl071jo5/articles/jws2znftay/1634859288101/clean-shot-2021-10-21-at-16-34-28-2-x.png
	Try the curl command, see end of log
	 Failed download:  https://files.helpdocs.io/i5nl071jo5/articles/jws2znftay/1634859288101/clean-shot-2021-10-21-at-16-34-28-2-x.png)](https://files.helpdocs.io/i5nl071jo5/articles/jws2znftay/1634859288101/clean-shot-2021-10-21-at-16-34-28-2-x.png
-------------------------
[WARNING1] Image URL referenced in multiple topics:       https://files.helpdocs.io/i5nl071jo5/articles/jws2znftay/1634859546331/clean-shot-2021-10-21-at-16-38-59-2-x.png)](https://files.helpdocs.io/i5nl071jo5/articles/jws2znftay/1634859546331/clean-shot-2021-10-21-at-16-38-59-2-x.png
Image filename:       https://files.helpdocs.io/i5nl071jo5/articles/jws2znftay/1634859546331/clean-shot-2021-10-21-at-16-38-59-2-x.png)](https://files.helpdocs.io/i5nl071jo5/articles/jws2znftay/1634859546331/clean-shot-2021-10-21-at-16-38-59-2-x.png
Topics list:
['/Users/douglasbothwell/Desktop/hd-docs-migrate/hd-convert/STAGE_docs/docs/service-reliability-management/service-reliability-management-onboard/slo-driven-deployment-governance.md', '/Users/douglasbothwell/Desktop/hd-docs-migrate/hd-convert/STAGE_docs/docs/service-reliability-management/service-reliability-management-onboard/slo-driven-deployment-governance.md']
-------------------------
[WARNING2] Image download failed:       https://files.helpdocs.io/i5nl071jo5/articles/jws2znftay/1634859546331/clean-shot-2021-10-21-at-16-38-59-2-x.png)](https://files.helpdocs.io/i5nl071jo5/articles/jws2znftay/1634859546331/clean-shot-2021-10-21-at-16-38-59-2-x.png
	Try the curl command, see end of log
	 Failed download:  https://files.helpdocs.io/i5nl071jo5/articles/jws2znftay/1634859546331/clean-shot-2021-10-21-at-16-38-59-2-x.png)](https://files.helpdocs.io/i5nl071jo5/articles/jws2znftay/1634859546331/clean-shot-2021-10-21-at-16-38-59-2-x.png
-------------------------
[WARNING1] Image URL referenced in multiple topics:       https://files.helpdocs.io/i5nl071jo5/articles/jws2znftay/1634859678660/clean-shot-2021-10-21-at-16-40-28-2-x.png)](https://files.helpdocs.io/i5nl071jo5/articles/jws2znftay/1634859678660/clean-shot-2021-10-21-at-16-40-28-2-x.png
Image filename:       https://files.helpdocs.io/i5nl071jo5/articles/jws2znftay/1634859678660/clean-shot-2021-10-21-at-16-40-28-2-x.png)](https://files.helpdocs.io/i5nl071jo5/articles/jws2znftay/1634859678660/clean-shot-2021-10-21-at-16-40-28-2-x.png
Topics list:
['/Users/douglasbothwell/Desktop/hd-docs-migrate/hd-convert/STAGE_docs/docs/service-reliability-management/service-reliability-management-onboard/slo-driven-deployment-governance.md', '/Users/douglasbothwell/Desktop/hd-docs-migrate/hd-convert/STAGE_docs/docs/service-reliability-management/service-reliability-management-onboard/slo-driven-deployment-governance.md']
-------------------------
[WARNING2] Image download failed:       https://files.helpdocs.io/i5nl071jo5/articles/jws2znftay/1634859678660/clean-shot-2021-10-21-at-16-40-28-2-x.png)](https://files.helpdocs.io/i5nl071jo5/articles/jws2znftay/1634859678660/clean-shot-2021-10-21-at-16-40-28-2-x.png
	Try the curl command, see end of log
	 Failed download:  https://files.helpdocs.io/i5nl071jo5/articles/jws2znftay/1634859678660/clean-shot-2021-10-21-at-16-40-28-2-x.png)](https://files.helpdocs.io/i5nl071jo5/articles/jws2znftay/1634859678660/clean-shot-2021-10-21-at-16-40-28-2-x.png
-------------------------
[WARNING1] Image URL referenced in multiple topics:       https://files.helpdocs.io/kw8ldg1itf/articles/cbj5uuzpbu/1665464267825/srm-main-menu.png)](https://files.helpdocs.io/i5nl071jo5/articles/trlszsj5lh/1647404699590/screenshot-2022-03-16-at-9-54-38-am.png
Image filename:       https://files.helpdocs.io/kw8ldg1itf/articles/cbj5uuzpbu/1665464267825/srm-main-menu.png)](https://files.helpdocs.io/i5nl071jo5/articles/trlszsj5lh/1647404699590/screenshot-2022-03-16-at-9-54-38-am.png
Topics list:
['/Users/douglasbothwell/Desktop/hd-docs-migrate/hd-convert/STAGE_docs/docs/service-reliability-management/error-tracking-category/error-tracking-in-srm.md', '/Users/douglasbothwell/Desktop/hd-docs-migrate/hd-convert/STAGE_docs/docs/service-reliability-management/error-tracking-category/error-tracking-in-srm.md']
-------------------------
[WARNING2] Image download failed:       https://files.helpdocs.io/kw8ldg1itf/articles/cbj5uuzpbu/1665464267825/srm-main-menu.png)](https://files.helpdocs.io/i5nl071jo5/articles/trlszsj5lh/1647404699590/screenshot-2022-03-16-at-9-54-38-am.png
	Try the curl command, see end of log
	 Failed download:  https://files.helpdocs.io/kw8ldg1itf/articles/cbj5uuzpbu/1665464267825/srm-main-menu.png)](https://files.helpdocs.io/i5nl071jo5/articles/trlszsj5lh/1647404699590/screenshot-2022-03-16-at-9-54-38-am.png
-------------------------
[WARNING1] Image URL referenced in multiple topics:       https://files.helpdocs.io/kw8ldg1itf/articles/cbj5uuzpbu/1665464306563/add-new-monitored-service.png)](https://files.helpdocs.io/i5nl071jo5/articles/rvneg74vmk/1634045442446/screenshot-2021-10-12-at-7-00-22-pm.png
Image filename:       https://files.helpdocs.io/kw8ldg1itf/articles/cbj5uuzpbu/1665464306563/add-new-monitored-service.png)](https://files.helpdocs.io/i5nl071jo5/articles/rvneg74vmk/1634045442446/screenshot-2021-10-12-at-7-00-22-pm.png
Topics list:
['/Users/douglasbothwell/Desktop/hd-docs-migrate/hd-convert/STAGE_docs/docs/service-reliability-management/error-tracking-category/error-tracking-in-srm.md', '/Users/douglasbothwell/Desktop/hd-docs-migrate/hd-convert/STAGE_docs/docs/service-reliability-management/error-tracking-category/error-tracking-in-srm.md']
-------------------------
[WARNING2] Image download failed:       https://files.helpdocs.io/kw8ldg1itf/articles/cbj5uuzpbu/1665464306563/add-new-monitored-service.png)](https://files.helpdocs.io/i5nl071jo5/articles/rvneg74vmk/1634045442446/screenshot-2021-10-12-at-7-00-22-pm.png
	Try the curl command, see end of log
	 Failed download:  https://files.helpdocs.io/kw8ldg1itf/articles/cbj5uuzpbu/1665464306563/add-new-monitored-service.png)](https://files.helpdocs.io/i5nl071jo5/articles/rvneg74vmk/1634045442446/screenshot-2021-10-12-at-7-00-22-pm.png
-------------------------
[WARNING1] Image URL referenced in multiple topics:       https://files.helpdocs.io/kw8ldg1itf/articles/cbj5uuzpbu/1665464472465/add-new-health-source.png)](https://files.helpdocs.io/i5nl071jo5/articles/trlszsj5lh/1647411716886/screenshot-2022-03-16-at-11-51-40-am.png
Image filename:       https://files.helpdocs.io/kw8ldg1itf/articles/cbj5uuzpbu/1665464472465/add-new-health-source.png)](https://files.helpdocs.io/i5nl071jo5/articles/trlszsj5lh/1647411716886/screenshot-2022-03-16-at-11-51-40-am.png
Topics list:
['/Users/douglasbothwell/Desktop/hd-docs-migrate/hd-convert/STAGE_docs/docs/service-reliability-management/error-tracking-category/error-tracking-in-srm.md', '/Users/douglasbothwell/Desktop/hd-docs-migrate/hd-convert/STAGE_docs/docs/service-reliability-management/error-tracking-category/error-tracking-in-srm.md']
-------------------------
[WARNING2] Image download failed:       https://files.helpdocs.io/kw8ldg1itf/articles/cbj5uuzpbu/1665464472465/add-new-health-source.png)](https://files.helpdocs.io/i5nl071jo5/articles/trlszsj5lh/1647411716886/screenshot-2022-03-16-at-11-51-40-am.png
	Try the curl command, see end of log
	 Failed download:  https://files.helpdocs.io/kw8ldg1itf/articles/cbj5uuzpbu/1665464472465/add-new-health-source.png)](https://files.helpdocs.io/i5nl071jo5/articles/trlszsj5lh/1647411716886/screenshot-2022-03-16-at-11-51-40-am.png
-------------------------
[WARNING1] Image URL referenced in multiple topics:       https://files.helpdocs.io/kw8ldg1itf/articles/cbj5uuzpbu/1665464570659/service-health-dashboard.png)1. Scroll up on the **Service Health** dashboard and then click the **Errors** tab. A list of all the identified errors appears.![](https://files.helpdocs.io/kw8ldg1itf/articles/cbj5uuzpbu/1665465250003/error-logs.png
Image filename:       https://files.helpdocs.io/kw8ldg1itf/articles/cbj5uuzpbu/1665464570659/service-health-dashboard.png)1. Scroll up on the **Service Health** dashboard and then click the **Errors** tab. A list of all the identified errors appears.![](https://files.helpdocs.io/kw8ldg1itf/articles/cbj5uuzpbu/1665465250003/error-logs.png
Topics list:
['/Users/douglasbothwell/Desktop/hd-docs-migrate/hd-convert/STAGE_docs/docs/service-reliability-management/error-tracking-category/error-tracking-in-srm.md', '/Users/douglasbothwell/Desktop/hd-docs-migrate/hd-convert/STAGE_docs/docs/service-reliability-management/error-tracking-category/error-tracking-in-srm.md']
-------------------------
[WARNING2] Image download failed:       https://files.helpdocs.io/kw8ldg1itf/articles/cbj5uuzpbu/1665464570659/service-health-dashboard.png)1. Scroll up on the **Service Health** dashboard and then click the **Errors** tab. A list of all the identified errors appears.![](https://files.helpdocs.io/kw8ldg1itf/articles/cbj5uuzpbu/1665465250003/error-logs.png
	Try the curl command, see end of log
	 Failed download:  https://files.helpdocs.io/kw8ldg1itf/articles/cbj5uuzpbu/1665464570659/service-health-dashboard.png)1. Scroll up on the **Service Health** dashboard and then click the **Errors** tab. A list of all the identified errors appears.![](https://files.helpdocs.io/kw8ldg1itf/articles/cbj5uuzpbu/1665465250003/error-logs.png
-------------------------
[WARNING1] Image URL referenced in multiple topics:       https://files.helpdocs.io/i5nl071jo5/articles/jws2znftay/1634844532487/clean-shot-2021-10-21-at-12-28-33.png)](https://files.helpdocs.io/i5nl071jo5/articles/jws2znftay/1634844532487/clean-shot-2021-10-21-at-12-28-33.png
Image filename:       https://files.helpdocs.io/i5nl071jo5/articles/jws2znftay/1634844532487/clean-shot-2021-10-21-at-12-28-33.png)](https://files.helpdocs.io/i5nl071jo5/articles/jws2znftay/1634844532487/clean-shot-2021-10-21-at-12-28-33.png
Topics list:
['/Users/douglasbothwell/Desktop/hd-docs-migrate/hd-convert/STAGE_docs/docs/service-reliability-management/service-reliability-management-onboard/slo-driven-deployment-governance.md', '/Users/douglasbothwell/Desktop/hd-docs-migrate/hd-convert/STAGE_docs/docs/service-reliability-management/service-reliability-management-onboard/slo-driven-deployment-governance.md', '/Users/douglasbothwell/Desktop/hd-docs-migrate/hd-convert/STAGE_docs/docs/service-reliability-management/service-reliability-management-onboard/slo-driven-deployment-governance.md']
-------------------------
[WARNING2] Image download failed:       https://files.helpdocs.io/i5nl071jo5/articles/jws2znftay/1634844532487/clean-shot-2021-10-21-at-12-28-33.png)](https://files.helpdocs.io/i5nl071jo5/articles/jws2znftay/1634844532487/clean-shot-2021-10-21-at-12-28-33.png
	Try the curl command, see end of log
	 Failed download:  https://files.helpdocs.io/i5nl071jo5/articles/jws2znftay/1634844532487/clean-shot-2021-10-21-at-12-28-33.png)](https://files.helpdocs.io/i5nl071jo5/articles/jws2znftay/1634844532487/clean-shot-2021-10-21-at-12-28-33.png
-------------------------
[WARNING1] Image URL referenced in multiple topics:       https://files.helpdocs.io/i5nl071jo5/articles/jws2znftay/1634856120356/clean-shot-2021-10-21-at-15-41-49-2-x.png)](https://files.helpdocs.io/i5nl071jo5/articles/jws2znftay/1634856120356/clean-shot-2021-10-21-at-15-41-49-2-x.png
Image filename:       https://files.helpdocs.io/i5nl071jo5/articles/jws2znftay/1634856120356/clean-shot-2021-10-21-at-15-41-49-2-x.png)](https://files.helpdocs.io/i5nl071jo5/articles/jws2znftay/1634856120356/clean-shot-2021-10-21-at-15-41-49-2-x.png
Topics list:
['/Users/douglasbothwell/Desktop/hd-docs-migrate/hd-convert/STAGE_docs/docs/service-reliability-management/service-reliability-management-onboard/slo-driven-deployment-governance.md', '/Users/douglasbothwell/Desktop/hd-docs-migrate/hd-convert/STAGE_docs/docs/service-reliability-management/service-reliability-management-onboard/slo-driven-deployment-governance.md', '/Users/douglasbothwell/Desktop/hd-docs-migrate/hd-convert/STAGE_docs/docs/service-reliability-management/service-reliability-management-onboard/slo-driven-deployment-governance.md']
-------------------------
[WARNING2] Image download failed:       https://files.helpdocs.io/i5nl071jo5/articles/jws2znftay/1634856120356/clean-shot-2021-10-21-at-15-41-49-2-x.png)](https://files.helpdocs.io/i5nl071jo5/articles/jws2znftay/1634856120356/clean-shot-2021-10-21-at-15-41-49-2-x.png
	Try the curl command, see end of log
	 Failed download:  https://files.helpdocs.io/i5nl071jo5/articles/jws2znftay/1634856120356/clean-shot-2021-10-21-at-15-41-49-2-x.png)](https://files.helpdocs.io/i5nl071jo5/articles/jws2znftay/1634856120356/clean-shot-2021-10-21-at-15-41-49-2-x.png
-------------------------
[WARNING1] Image URL referenced in multiple topics:       https://files.helpdocs.io/i5nl071jo5/articles/jws2znftay/1636584541766/clean-shot-2021-11-10-at-14-48-45-2-x.png)](https://files.helpdocs.io/i5nl071jo5/articles/jws2znftay/1636584541766/clean-shot-2021-11-10-at-14-48-45-2-x.png
Image filename:       https://files.helpdocs.io/i5nl071jo5/articles/jws2znftay/1636584541766/clean-shot-2021-11-10-at-14-48-45-2-x.png)](https://files.helpdocs.io/i5nl071jo5/articles/jws2znftay/1636584541766/clean-shot-2021-11-10-at-14-48-45-2-x.png
Topics list:
['/Users/douglasbothwell/Desktop/hd-docs-migrate/hd-convert/STAGE_docs/docs/service-reliability-management/service-reliability-management-onboard/slo-driven-deployment-governance.md', '/Users/douglasbothwell/Desktop/hd-docs-migrate/hd-convert/STAGE_docs/docs/service-reliability-management/service-reliability-management-onboard/slo-driven-deployment-governance.md', '/Users/douglasbothwell/Desktop/hd-docs-migrate/hd-convert/STAGE_docs/docs/service-reliability-management/service-reliability-management-onboard/slo-driven-deployment-governance.md']
-------------------------
[WARNING2] Image download failed:       https://files.helpdocs.io/i5nl071jo5/articles/jws2znftay/1636584541766/clean-shot-2021-11-10-at-14-48-45-2-x.png)](https://files.helpdocs.io/i5nl071jo5/articles/jws2znftay/1636584541766/clean-shot-2021-11-10-at-14-48-45-2-x.png
	Try the curl command, see end of log
	 Failed download:  https://files.helpdocs.io/i5nl071jo5/articles/jws2znftay/1636584541766/clean-shot-2021-11-10-at-14-48-45-2-x.png)](https://files.helpdocs.io/i5nl071jo5/articles/jws2znftay/1636584541766/clean-shot-2021-11-10-at-14-48-45-2-x.png
-------------------------
[WARNING1] Image URL referenced in multiple topics:       https://files.helpdocs.io/i5nl071jo5/articles/jws2znftay/1634859288101/clean-shot-2021-10-21-at-16-34-28-2-x.png)](https://files.helpdocs.io/i5nl071jo5/articles/jws2znftay/1634859288101/clean-shot-2021-10-21-at-16-34-28-2-x.png
Image filename:       https://files.helpdocs.io/i5nl071jo5/articles/jws2znftay/1634859288101/clean-shot-2021-10-21-at-16-34-28-2-x.png)](https://files.helpdocs.io/i5nl071jo5/articles/jws2znftay/1634859288101/clean-shot-2021-10-21-at-16-34-28-2-x.png
Topics list:
['/Users/douglasbothwell/Desktop/hd-docs-migrate/hd-convert/STAGE_docs/docs/service-reliability-management/service-reliability-management-onboard/slo-driven-deployment-governance.md', '/Users/douglasbothwell/Desktop/hd-docs-migrate/hd-convert/STAGE_docs/docs/service-reliability-management/service-reliability-management-onboard/slo-driven-deployment-governance.md', '/Users/douglasbothwell/Desktop/hd-docs-migrate/hd-convert/STAGE_docs/docs/service-reliability-management/service-reliability-management-onboard/slo-driven-deployment-governance.md']
-------------------------
[WARNING2] Image download failed:       https://files.helpdocs.io/i5nl071jo5/articles/jws2znftay/1634859288101/clean-shot-2021-10-21-at-16-34-28-2-x.png)](https://files.helpdocs.io/i5nl071jo5/articles/jws2znftay/1634859288101/clean-shot-2021-10-21-at-16-34-28-2-x.png
	Try the curl command, see end of log
	 Failed download:  https://files.helpdocs.io/i5nl071jo5/articles/jws2znftay/1634859288101/clean-shot-2021-10-21-at-16-34-28-2-x.png)](https://files.helpdocs.io/i5nl071jo5/articles/jws2znftay/1634859288101/clean-shot-2021-10-21-at-16-34-28-2-x.png
-------------------------
[WARNING1] Image URL referenced in multiple topics:       https://files.helpdocs.io/i5nl071jo5/articles/jws2znftay/1634859546331/clean-shot-2021-10-21-at-16-38-59-2-x.png)](https://files.helpdocs.io/i5nl071jo5/articles/jws2znftay/1634859546331/clean-shot-2021-10-21-at-16-38-59-2-x.png
Image filename:       https://files.helpdocs.io/i5nl071jo5/articles/jws2znftay/1634859546331/clean-shot-2021-10-21-at-16-38-59-2-x.png)](https://files.helpdocs.io/i5nl071jo5/articles/jws2znftay/1634859546331/clean-shot-2021-10-21-at-16-38-59-2-x.png
Topics list:
['/Users/douglasbothwell/Desktop/hd-docs-migrate/hd-convert/STAGE_docs/docs/service-reliability-management/service-reliability-management-onboard/slo-driven-deployment-governance.md', '/Users/douglasbothwell/Desktop/hd-docs-migrate/hd-convert/STAGE_docs/docs/service-reliability-management/service-reliability-management-onboard/slo-driven-deployment-governance.md', '/Users/douglasbothwell/Desktop/hd-docs-migrate/hd-convert/STAGE_docs/docs/service-reliability-management/service-reliability-management-onboard/slo-driven-deployment-governance.md']
-------------------------
[WARNING2] Image download failed:       https://files.helpdocs.io/i5nl071jo5/articles/jws2znftay/1634859546331/clean-shot-2021-10-21-at-16-38-59-2-x.png)](https://files.helpdocs.io/i5nl071jo5/articles/jws2znftay/1634859546331/clean-shot-2021-10-21-at-16-38-59-2-x.png
	Try the curl command, see end of log
	 Failed download:  https://files.helpdocs.io/i5nl071jo5/articles/jws2znftay/1634859546331/clean-shot-2021-10-21-at-16-38-59-2-x.png)](https://files.helpdocs.io/i5nl071jo5/articles/jws2znftay/1634859546331/clean-shot-2021-10-21-at-16-38-59-2-x.png
-------------------------
[WARNING1] Image URL referenced in multiple topics:       https://files.helpdocs.io/i5nl071jo5/articles/jws2znftay/1634859678660/clean-shot-2021-10-21-at-16-40-28-2-x.png)](https://files.helpdocs.io/i5nl071jo5/articles/jws2znftay/1634859678660/clean-shot-2021-10-21-at-16-40-28-2-x.png
Image filename:       https://files.helpdocs.io/i5nl071jo5/articles/jws2znftay/1634859678660/clean-shot-2021-10-21-at-16-40-28-2-x.png)](https://files.helpdocs.io/i5nl071jo5/articles/jws2znftay/1634859678660/clean-shot-2021-10-21-at-16-40-28-2-x.png
Topics list:
['/Users/douglasbothwell/Desktop/hd-docs-migrate/hd-convert/STAGE_docs/docs/service-reliability-management/service-reliability-management-onboard/slo-driven-deployment-governance.md', '/Users/douglasbothwell/Desktop/hd-docs-migrate/hd-convert/STAGE_docs/docs/service-reliability-management/service-reliability-management-onboard/slo-driven-deployment-governance.md', '/Users/douglasbothwell/Desktop/hd-docs-migrate/hd-convert/STAGE_docs/docs/service-reliability-management/service-reliability-management-onboard/slo-driven-deployment-governance.md']
-------------------------
[WARNING2] Image download failed:       https://files.helpdocs.io/i5nl071jo5/articles/jws2znftay/1634859678660/clean-shot-2021-10-21-at-16-40-28-2-x.png)](https://files.helpdocs.io/i5nl071jo5/articles/jws2znftay/1634859678660/clean-shot-2021-10-21-at-16-40-28-2-x.png
	Try the curl command, see end of log
	 Failed download:  https://files.helpdocs.io/i5nl071jo5/articles/jws2znftay/1634859678660/clean-shot-2021-10-21-at-16-40-28-2-x.png)](https://files.helpdocs.io/i5nl071jo5/articles/jws2znftay/1634859678660/clean-shot-2021-10-21-at-16-40-28-2-x.png
-------------------------
[WARNING1] Image URL referenced in multiple topics:       https://files.helpdocs.io/kw8ldg1itf/articles/cbj5uuzpbu/1665464267825/srm-main-menu.png)](https://files.helpdocs.io/i5nl071jo5/articles/trlszsj5lh/1647404699590/screenshot-2022-03-16-at-9-54-38-am.png
Image filename:       https://files.helpdocs.io/kw8ldg1itf/articles/cbj5uuzpbu/1665464267825/srm-main-menu.png)](https://files.helpdocs.io/i5nl071jo5/articles/trlszsj5lh/1647404699590/screenshot-2022-03-16-at-9-54-38-am.png
Topics list:
['/Users/douglasbothwell/Desktop/hd-docs-migrate/hd-convert/STAGE_docs/docs/service-reliability-management/error-tracking-category/error-tracking-in-srm.md', '/Users/douglasbothwell/Desktop/hd-docs-migrate/hd-convert/STAGE_docs/docs/service-reliability-management/error-tracking-category/error-tracking-in-srm.md', '/Users/douglasbothwell/Desktop/hd-docs-migrate/hd-convert/STAGE_docs/docs/service-reliability-management/error-tracking-category/error-tracking-in-srm.md']
-------------------------
[WARNING2] Image download failed:       https://files.helpdocs.io/kw8ldg1itf/articles/cbj5uuzpbu/1665464267825/srm-main-menu.png)](https://files.helpdocs.io/i5nl071jo5/articles/trlszsj5lh/1647404699590/screenshot-2022-03-16-at-9-54-38-am.png
	Try the curl command, see end of log
	 Failed download:  https://files.helpdocs.io/kw8ldg1itf/articles/cbj5uuzpbu/1665464267825/srm-main-menu.png)](https://files.helpdocs.io/i5nl071jo5/articles/trlszsj5lh/1647404699590/screenshot-2022-03-16-at-9-54-38-am.png
-------------------------
[WARNING1] Image URL referenced in multiple topics:       https://files.helpdocs.io/kw8ldg1itf/articles/cbj5uuzpbu/1665464306563/add-new-monitored-service.png)](https://files.helpdocs.io/i5nl071jo5/articles/rvneg74vmk/1634045442446/screenshot-2021-10-12-at-7-00-22-pm.png
Image filename:       https://files.helpdocs.io/kw8ldg1itf/articles/cbj5uuzpbu/1665464306563/add-new-monitored-service.png)](https://files.helpdocs.io/i5nl071jo5/articles/rvneg74vmk/1634045442446/screenshot-2021-10-12-at-7-00-22-pm.png
Topics list:
['/Users/douglasbothwell/Desktop/hd-docs-migrate/hd-convert/STAGE_docs/docs/service-reliability-management/error-tracking-category/error-tracking-in-srm.md', '/Users/douglasbothwell/Desktop/hd-docs-migrate/hd-convert/STAGE_docs/docs/service-reliability-management/error-tracking-category/error-tracking-in-srm.md', '/Users/douglasbothwell/Desktop/hd-docs-migrate/hd-convert/STAGE_docs/docs/service-reliability-management/error-tracking-category/error-tracking-in-srm.md']
-------------------------
[WARNING2] Image download failed:       https://files.helpdocs.io/kw8ldg1itf/articles/cbj5uuzpbu/1665464306563/add-new-monitored-service.png)](https://files.helpdocs.io/i5nl071jo5/articles/rvneg74vmk/1634045442446/screenshot-2021-10-12-at-7-00-22-pm.png
	Try the curl command, see end of log
	 Failed download:  https://files.helpdocs.io/kw8ldg1itf/articles/cbj5uuzpbu/1665464306563/add-new-monitored-service.png)](https://files.helpdocs.io/i5nl071jo5/articles/rvneg74vmk/1634045442446/screenshot-2021-10-12-at-7-00-22-pm.png
-------------------------
[WARNING1] Image URL referenced in multiple topics:       https://files.helpdocs.io/kw8ldg1itf/articles/cbj5uuzpbu/1665464472465/add-new-health-source.png)](https://files.helpdocs.io/i5nl071jo5/articles/trlszsj5lh/1647411716886/screenshot-2022-03-16-at-11-51-40-am.png
Image filename:       https://files.helpdocs.io/kw8ldg1itf/articles/cbj5uuzpbu/1665464472465/add-new-health-source.png)](https://files.helpdocs.io/i5nl071jo5/articles/trlszsj5lh/1647411716886/screenshot-2022-03-16-at-11-51-40-am.png
Topics list:
['/Users/douglasbothwell/Desktop/hd-docs-migrate/hd-convert/STAGE_docs/docs/service-reliability-management/error-tracking-category/error-tracking-in-srm.md', '/Users/douglasbothwell/Desktop/hd-docs-migrate/hd-convert/STAGE_docs/docs/service-reliability-management/error-tracking-category/error-tracking-in-srm.md', '/Users/douglasbothwell/Desktop/hd-docs-migrate/hd-convert/STAGE_docs/docs/service-reliability-management/error-tracking-category/error-tracking-in-srm.md']
-------------------------
[WARNING2] Image download failed:       https://files.helpdocs.io/kw8ldg1itf/articles/cbj5uuzpbu/1665464472465/add-new-health-source.png)](https://files.helpdocs.io/i5nl071jo5/articles/trlszsj5lh/1647411716886/screenshot-2022-03-16-at-11-51-40-am.png
	Try the curl command, see end of log
	 Failed download:  https://files.helpdocs.io/kw8ldg1itf/articles/cbj5uuzpbu/1665464472465/add-new-health-source.png)](https://files.helpdocs.io/i5nl071jo5/articles/trlszsj5lh/1647411716886/screenshot-2022-03-16-at-11-51-40-am.png
-------------------------
[WARNING1] Image URL referenced in multiple topics:       https://files.helpdocs.io/kw8ldg1itf/articles/cbj5uuzpbu/1665464570659/service-health-dashboard.png)1. Scroll up on the **Service Health** dashboard and then click the **Errors** tab. A list of all the identified errors appears.![](https://files.helpdocs.io/kw8ldg1itf/articles/cbj5uuzpbu/1665465250003/error-logs.png
Image filename:       https://files.helpdocs.io/kw8ldg1itf/articles/cbj5uuzpbu/1665464570659/service-health-dashboard.png)1. Scroll up on the **Service Health** dashboard and then click the **Errors** tab. A list of all the identified errors appears.![](https://files.helpdocs.io/kw8ldg1itf/articles/cbj5uuzpbu/1665465250003/error-logs.png
Topics list:
['/Users/douglasbothwell/Desktop/hd-docs-migrate/hd-convert/STAGE_docs/docs/service-reliability-management/error-tracking-category/error-tracking-in-srm.md', '/Users/douglasbothwell/Desktop/hd-docs-migrate/hd-convert/STAGE_docs/docs/service-reliability-management/error-tracking-category/error-tracking-in-srm.md', '/Users/douglasbothwell/Desktop/hd-docs-migrate/hd-convert/STAGE_docs/docs/service-reliability-management/error-tracking-category/error-tracking-in-srm.md']
-------------------------
[WARNING2] Image download failed:       https://files.helpdocs.io/kw8ldg1itf/articles/cbj5uuzpbu/1665464570659/service-health-dashboard.png)1. Scroll up on the **Service Health** dashboard and then click the **Errors** tab. A list of all the identified errors appears.![](https://files.helpdocs.io/kw8ldg1itf/articles/cbj5uuzpbu/1665465250003/error-logs.png
	Try the curl command, see end of log
	 Failed download:  https://files.helpdocs.io/kw8ldg1itf/articles/cbj5uuzpbu/1665464570659/service-health-dashboard.png)1. Scroll up on the **Service Health** dashboard and then click the **Errors** tab. A list of all the identified errors appears.![](https://files.helpdocs.io/kw8ldg1itf/articles/cbj5uuzpbu/1665465250003/error-logs.png
# file not downloaded in /Users/douglasbothwell/Desktop/hd-docs-migrate/hd-convert/STAGE_docs/docs/service-reliability-management/service-reliability-management-onboard/slo-driven-deployment-governance.md
curl -o  /Users/douglasbothwell/Desktop/hd-docs-migrate/hd-convert/STAGE_docs/docs/service-reliability-management/service-reliability-management-onboard/static/slo-driven-deployment-governance-56.png https://files.helpdocs.io/i5nl071jo5/articles/jws2znftay/1634844532487/clean-shot-2021-10-21-at-12-28-33.png)](https://files.helpdocs.io/i5nl071jo5/articles/jws2znftay/1634844532487/clean-shot-2021-10-21-at-12-28-33.png
# file not downloaded in /Users/douglasbothwell/Desktop/hd-docs-migrate/hd-convert/STAGE_docs/docs/service-reliability-management/service-reliability-management-onboard/slo-driven-deployment-governance.md
curl -o  /Users/douglasbothwell/Desktop/hd-docs-migrate/hd-convert/STAGE_docs/docs/service-reliability-management/service-reliability-management-onboard/static/slo-driven-deployment-governance-56.png https://files.helpdocs.io/i5nl071jo5/articles/jws2znftay/1634856120356/clean-shot-2021-10-21-at-15-41-49-2-x.png)](https://files.helpdocs.io/i5nl071jo5/articles/jws2znftay/1634856120356/clean-shot-2021-10-21-at-15-41-49-2-x.png
# file not downloaded in /Users/douglasbothwell/Desktop/hd-docs-migrate/hd-convert/STAGE_docs/docs/service-reliability-management/service-reliability-management-onboard/slo-driven-deployment-governance.md
curl -o  /Users/douglasbothwell/Desktop/hd-docs-migrate/hd-convert/STAGE_docs/docs/service-reliability-management/service-reliability-management-onboard/static/slo-driven-deployment-governance-56.png https://files.helpdocs.io/i5nl071jo5/articles/jws2znftay/1636584541766/clean-shot-2021-11-10-at-14-48-45-2-x.png)](https://files.helpdocs.io/i5nl071jo5/articles/jws2znftay/1636584541766/clean-shot-2021-11-10-at-14-48-45-2-x.png
# file not downloaded in /Users/douglasbothwell/Desktop/hd-docs-migrate/hd-convert/STAGE_docs/docs/service-reliability-management/service-reliability-management-onboard/slo-driven-deployment-governance.md
curl -o  /Users/douglasbothwell/Desktop/hd-docs-migrate/hd-convert/STAGE_docs/docs/service-reliability-management/service-reliability-management-onboard/static/slo-driven-deployment-governance-56.png https://files.helpdocs.io/i5nl071jo5/articles/jws2znftay/1634859288101/clean-shot-2021-10-21-at-16-34-28-2-x.png)](https://files.helpdocs.io/i5nl071jo5/articles/jws2znftay/1634859288101/clean-shot-2021-10-21-at-16-34-28-2-x.png
# file not downloaded in /Users/douglasbothwell/Desktop/hd-docs-migrate/hd-convert/STAGE_docs/docs/service-reliability-management/service-reliability-management-onboard/slo-driven-deployment-governance.md
curl -o  /Users/douglasbothwell/Desktop/hd-docs-migrate/hd-convert/STAGE_docs/docs/service-reliability-management/service-reliability-management-onboard/static/slo-driven-deployment-governance-56.png https://files.helpdocs.io/i5nl071jo5/articles/jws2znftay/1634859546331/clean-shot-2021-10-21-at-16-38-59-2-x.png)](https://files.helpdocs.io/i5nl071jo5/articles/jws2znftay/1634859546331/clean-shot-2021-10-21-at-16-38-59-2-x.png
# file not downloaded in /Users/douglasbothwell/Desktop/hd-docs-migrate/hd-convert/STAGE_docs/docs/service-reliability-management/service-reliability-management-onboard/slo-driven-deployment-governance.md
curl -o  /Users/douglasbothwell/Desktop/hd-docs-migrate/hd-convert/STAGE_docs/docs/service-reliability-management/service-reliability-management-onboard/static/slo-driven-deployment-governance-56.png https://files.helpdocs.io/i5nl071jo5/articles/jws2znftay/1634859678660/clean-shot-2021-10-21-at-16-40-28-2-x.png)](https://files.helpdocs.io/i5nl071jo5/articles/jws2znftay/1634859678660/clean-shot-2021-10-21-at-16-40-28-2-x.png
# file not downloaded in /Users/douglasbothwell/Desktop/hd-docs-migrate/hd-convert/STAGE_docs/docs/service-reliability-management/error-tracking-category/error-tracking-in-srm.md
curl -o  /Users/douglasbothwell/Desktop/hd-docs-migrate/hd-convert/STAGE_docs/docs/service-reliability-management/error-tracking-category/static/error-tracking-in-srm-01.png https://files.helpdocs.io/kw8ldg1itf/articles/cbj5uuzpbu/1665464267825/srm-main-menu.png)](https://files.helpdocs.io/i5nl071jo5/articles/trlszsj5lh/1647404699590/screenshot-2022-03-16-at-9-54-38-am.png
# file not downloaded in /Users/douglasbothwell/Desktop/hd-docs-migrate/hd-convert/STAGE_docs/docs/service-reliability-management/error-tracking-category/error-tracking-in-srm.md
curl -o  /Users/douglasbothwell/Desktop/hd-docs-migrate/hd-convert/STAGE_docs/docs/service-reliability-management/error-tracking-category/static/error-tracking-in-srm-01.png https://files.helpdocs.io/kw8ldg1itf/articles/cbj5uuzpbu/1665464306563/add-new-monitored-service.png)](https://files.helpdocs.io/i5nl071jo5/articles/rvneg74vmk/1634045442446/screenshot-2021-10-12-at-7-00-22-pm.png
# file not downloaded in /Users/douglasbothwell/Desktop/hd-docs-migrate/hd-convert/STAGE_docs/docs/service-reliability-management/error-tracking-category/error-tracking-in-srm.md
curl -o  /Users/douglasbothwell/Desktop/hd-docs-migrate/hd-convert/STAGE_docs/docs/service-reliability-management/error-tracking-category/static/error-tracking-in-srm-01.png https://files.helpdocs.io/kw8ldg1itf/articles/cbj5uuzpbu/1665464472465/add-new-health-source.png)](https://files.helpdocs.io/i5nl071jo5/articles/trlszsj5lh/1647411716886/screenshot-2022-03-16-at-11-51-40-am.png
# file not downloaded in /Users/douglasbothwell/Desktop/hd-docs-migrate/hd-convert/STAGE_docs/docs/service-reliability-management/error-tracking-category/error-tracking-in-srm.md
curl -o  /Users/douglasbothwell/Desktop/hd-docs-migrate/hd-convert/STAGE_docs/docs/service-reliability-management/error-tracking-category/static/error-tracking-in-srm-01.png https://files.helpdocs.io/kw8ldg1itf/articles/cbj5uuzpbu/1665464570659/service-health-dashboard.png)1. Scroll up on the **Service Health** dashboard and then click the **Errors** tab. A list of all the identified errors appears.![](https://files.helpdocs.io/kw8ldg1itf/articles/cbj5uuzpbu/1665465250003/error-logs.png
# file not downloaded in /Users/douglasbothwell/Desktop/hd-docs-migrate/hd-convert/STAGE_docs/docs/service-reliability-management/service-reliability-management-onboard/slo-driven-deployment-governance.md
curl -o  /Users/douglasbothwell/Desktop/hd-docs-migrate/hd-convert/STAGE_docs/docs/service-reliability-management/service-reliability-management-onboard/static/slo-driven-deployment-governance-56.png https://files.helpdocs.io/i5nl071jo5/articles/jws2znftay/1634844532487/clean-shot-2021-10-21-at-12-28-33.png)](https://files.helpdocs.io/i5nl071jo5/articles/jws2znftay/1634844532487/clean-shot-2021-10-21-at-12-28-33.png
# file not downloaded in /Users/douglasbothwell/Desktop/hd-docs-migrate/hd-convert/STAGE_docs/docs/service-reliability-management/service-reliability-management-onboard/slo-driven-deployment-governance.md
curl -o  /Users/douglasbothwell/Desktop/hd-docs-migrate/hd-convert/STAGE_docs/docs/service-reliability-management/service-reliability-management-onboard/static/slo-driven-deployment-governance-56.png https://files.helpdocs.io/i5nl071jo5/articles/jws2znftay/1634856120356/clean-shot-2021-10-21-at-15-41-49-2-x.png)](https://files.helpdocs.io/i5nl071jo5/articles/jws2znftay/1634856120356/clean-shot-2021-10-21-at-15-41-49-2-x.png
# file not downloaded in /Users/douglasbothwell/Desktop/hd-docs-migrate/hd-convert/STAGE_docs/docs/service-reliability-management/service-reliability-management-onboard/slo-driven-deployment-governance.md
curl -o  /Users/douglasbothwell/Desktop/hd-docs-migrate/hd-convert/STAGE_docs/docs/service-reliability-management/service-reliability-management-onboard/static/slo-driven-deployment-governance-56.png https://files.helpdocs.io/i5nl071jo5/articles/jws2znftay/1636584541766/clean-shot-2021-11-10-at-14-48-45-2-x.png)](https://files.helpdocs.io/i5nl071jo5/articles/jws2znftay/1636584541766/clean-shot-2021-11-10-at-14-48-45-2-x.png
# file not downloaded in /Users/douglasbothwell/Desktop/hd-docs-migrate/hd-convert/STAGE_docs/docs/service-reliability-management/service-reliability-management-onboard/slo-driven-deployment-governance.md
curl -o  /Users/douglasbothwell/Desktop/hd-docs-migrate/hd-convert/STAGE_docs/docs/service-reliability-management/service-reliability-management-onboard/static/slo-driven-deployment-governance-56.png https://files.helpdocs.io/i5nl071jo5/articles/jws2znftay/1634859288101/clean-shot-2021-10-21-at-16-34-28-2-x.png)](https://files.helpdocs.io/i5nl071jo5/articles/jws2znftay/1634859288101/clean-shot-2021-10-21-at-16-34-28-2-x.png
# file not downloaded in /Users/douglasbothwell/Desktop/hd-docs-migrate/hd-convert/STAGE_docs/docs/service-reliability-management/service-reliability-management-onboard/slo-driven-deployment-governance.md
curl -o  /Users/douglasbothwell/Desktop/hd-docs-migrate/hd-convert/STAGE_docs/docs/service-reliability-management/service-reliability-management-onboard/static/slo-driven-deployment-governance-56.png https://files.helpdocs.io/i5nl071jo5/articles/jws2znftay/1634859546331/clean-shot-2021-10-21-at-16-38-59-2-x.png)](https://files.helpdocs.io/i5nl071jo5/articles/jws2znftay/1634859546331/clean-shot-2021-10-21-at-16-38-59-2-x.png
# file not downloaded in /Users/douglasbothwell/Desktop/hd-docs-migrate/hd-convert/STAGE_docs/docs/service-reliability-management/service-reliability-management-onboard/slo-driven-deployment-governance.md
curl -o  /Users/douglasbothwell/Desktop/hd-docs-migrate/hd-convert/STAGE_docs/docs/service-reliability-management/service-reliability-management-onboard/static/slo-driven-deployment-governance-56.png https://files.helpdocs.io/i5nl071jo5/articles/jws2znftay/1634859678660/clean-shot-2021-10-21-at-16-40-28-2-x.png)](https://files.helpdocs.io/i5nl071jo5/articles/jws2znftay/1634859678660/clean-shot-2021-10-21-at-16-40-28-2-x.png
# file not downloaded in /Users/douglasbothwell/Desktop/hd-docs-migrate/hd-convert/STAGE_docs/docs/service-reliability-management/error-tracking-category/error-tracking-in-srm.md
curl -o  /Users/douglasbothwell/Desktop/hd-docs-migrate/hd-convert/STAGE_docs/docs/service-reliability-management/error-tracking-category/static/error-tracking-in-srm-01.png https://files.helpdocs.io/kw8ldg1itf/articles/cbj5uuzpbu/1665464267825/srm-main-menu.png)](https://files.helpdocs.io/i5nl071jo5/articles/trlszsj5lh/1647404699590/screenshot-2022-03-16-at-9-54-38-am.png
# file not downloaded in /Users/douglasbothwell/Desktop/hd-docs-migrate/hd-convert/STAGE_docs/docs/service-reliability-management/error-tracking-category/error-tracking-in-srm.md
curl -o  /Users/douglasbothwell/Desktop/hd-docs-migrate/hd-convert/STAGE_docs/docs/service-reliability-management/error-tracking-category/static/error-tracking-in-srm-01.png https://files.helpdocs.io/kw8ldg1itf/articles/cbj5uuzpbu/1665464306563/add-new-monitored-service.png)](https://files.helpdocs.io/i5nl071jo5/articles/rvneg74vmk/1634045442446/screenshot-2021-10-12-at-7-00-22-pm.png
# file not downloaded in /Users/douglasbothwell/Desktop/hd-docs-migrate/hd-convert/STAGE_docs/docs/service-reliability-management/error-tracking-category/error-tracking-in-srm.md
curl -o  /Users/douglasbothwell/Desktop/hd-docs-migrate/hd-convert/STAGE_docs/docs/service-reliability-management/error-tracking-category/static/error-tracking-in-srm-01.png https://files.helpdocs.io/kw8ldg1itf/articles/cbj5uuzpbu/1665464472465/add-new-health-source.png)](https://files.helpdocs.io/i5nl071jo5/articles/trlszsj5lh/1647411716886/screenshot-2022-03-16-at-11-51-40-am.png
# file not downloaded in /Users/douglasbothwell/Desktop/hd-docs-migrate/hd-convert/STAGE_docs/docs/service-reliability-management/error-tracking-category/error-tracking-in-srm.md
curl -o  /Users/douglasbothwell/Desktop/hd-docs-migrate/hd-convert/STAGE_docs/docs/service-reliability-management/error-tracking-category/static/error-tracking-in-srm-01.png https://files.helpdocs.io/kw8ldg1itf/articles/cbj5uuzpbu/1665464570659/service-health-dashboard.png)1. Scroll up on the **Service Health** dashboard and then click the **Errors** tab. A list of all the identified errors appears.![](https://files.helpdocs.io/kw8ldg1itf/articles/cbj5uuzpbu/1665465250003/error-logs.png
# file not downloaded in /Users/douglasbothwell/Desktop/hd-docs-migrate/hd-convert/STAGE_docs/docs/service-reliability-management/service-reliability-management-onboard/slo-driven-deployment-governance.md
curl -o  /Users/douglasbothwell/Desktop/hd-docs-migrate/hd-convert/STAGE_docs/docs/service-reliability-management/service-reliability-management-onboard/static/slo-driven-deployment-governance-56.png https://files.helpdocs.io/i5nl071jo5/articles/jws2znftay/1634844532487/clean-shot-2021-10-21-at-12-28-33.png)](https://files.helpdocs.io/i5nl071jo5/articles/jws2znftay/1634844532487/clean-shot-2021-10-21-at-12-28-33.png
# file not downloaded in /Users/douglasbothwell/Desktop/hd-docs-migrate/hd-convert/STAGE_docs/docs/service-reliability-management/service-reliability-management-onboard/slo-driven-deployment-governance.md
curl -o  /Users/douglasbothwell/Desktop/hd-docs-migrate/hd-convert/STAGE_docs/docs/service-reliability-management/service-reliability-management-onboard/static/slo-driven-deployment-governance-56.png https://files.helpdocs.io/i5nl071jo5/articles/jws2znftay/1634856120356/clean-shot-2021-10-21-at-15-41-49-2-x.png)](https://files.helpdocs.io/i5nl071jo5/articles/jws2znftay/1634856120356/clean-shot-2021-10-21-at-15-41-49-2-x.png
# file not downloaded in /Users/douglasbothwell/Desktop/hd-docs-migrate/hd-convert/STAGE_docs/docs/service-reliability-management/service-reliability-management-onboard/slo-driven-deployment-governance.md
curl -o  /Users/douglasbothwell/Desktop/hd-docs-migrate/hd-convert/STAGE_docs/docs/service-reliability-management/service-reliability-management-onboard/static/slo-driven-deployment-governance-56.png https://files.helpdocs.io/i5nl071jo5/articles/jws2znftay/1636584541766/clean-shot-2021-11-10-at-14-48-45-2-x.png)](https://files.helpdocs.io/i5nl071jo5/articles/jws2znftay/1636584541766/clean-shot-2021-11-10-at-14-48-45-2-x.png
# file not downloaded in /Users/douglasbothwell/Desktop/hd-docs-migrate/hd-convert/STAGE_docs/docs/service-reliability-management/service-reliability-management-onboard/slo-driven-deployment-governance.md
curl -o  /Users/douglasbothwell/Desktop/hd-docs-migrate/hd-convert/STAGE_docs/docs/service-reliability-management/service-reliability-management-onboard/static/slo-driven-deployment-governance-56.png https://files.helpdocs.io/i5nl071jo5/articles/jws2znftay/1634859288101/clean-shot-2021-10-21-at-16-34-28-2-x.png)](https://files.helpdocs.io/i5nl071jo5/articles/jws2znftay/1634859288101/clean-shot-2021-10-21-at-16-34-28-2-x.png
# file not downloaded in /Users/douglasbothwell/Desktop/hd-docs-migrate/hd-convert/STAGE_docs/docs/service-reliability-management/service-reliability-management-onboard/slo-driven-deployment-governance.md
curl -o  /Users/douglasbothwell/Desktop/hd-docs-migrate/hd-convert/STAGE_docs/docs/service-reliability-management/service-reliability-management-onboard/static/slo-driven-deployment-governance-56.png https://files.helpdocs.io/i5nl071jo5/articles/jws2znftay/1634859546331/clean-shot-2021-10-21-at-16-38-59-2-x.png)](https://files.helpdocs.io/i5nl071jo5/articles/jws2znftay/1634859546331/clean-shot-2021-10-21-at-16-38-59-2-x.png
# file not downloaded in /Users/douglasbothwell/Desktop/hd-docs-migrate/hd-convert/STAGE_docs/docs/service-reliability-management/service-reliability-management-onboard/slo-driven-deployment-governance.md
curl -o  /Users/douglasbothwell/Desktop/hd-docs-migrate/hd-convert/STAGE_docs/docs/service-reliability-management/service-reliability-management-onboard/static/slo-driven-deployment-governance-56.png https://files.helpdocs.io/i5nl071jo5/articles/jws2znftay/1634859678660/clean-shot-2021-10-21-at-16-40-28-2-x.png)](https://files.helpdocs.io/i5nl071jo5/articles/jws2znftay/1634859678660/clean-shot-2021-10-21-at-16-40-28-2-x.png
# file not downloaded in /Users/douglasbothwell/Desktop/hd-docs-migrate/hd-convert/STAGE_docs/docs/service-reliability-management/error-tracking-category/error-tracking-in-srm.md
curl -o  /Users/douglasbothwell/Desktop/hd-docs-migrate/hd-convert/STAGE_docs/docs/service-reliability-management/error-tracking-category/static/error-tracking-in-srm-01.png https://files.helpdocs.io/kw8ldg1itf/articles/cbj5uuzpbu/1665464267825/srm-main-menu.png)](https://files.helpdocs.io/i5nl071jo5/articles/trlszsj5lh/1647404699590/screenshot-2022-03-16-at-9-54-38-am.png
# file not downloaded in /Users/douglasbothwell/Desktop/hd-docs-migrate/hd-convert/STAGE_docs/docs/service-reliability-management/error-tracking-category/error-tracking-in-srm.md
curl -o  /Users/douglasbothwell/Desktop/hd-docs-migrate/hd-convert/STAGE_docs/docs/service-reliability-management/error-tracking-category/static/error-tracking-in-srm-01.png https://files.helpdocs.io/kw8ldg1itf/articles/cbj5uuzpbu/1665464306563/add-new-monitored-service.png)](https://files.helpdocs.io/i5nl071jo5/articles/rvneg74vmk/1634045442446/screenshot-2021-10-12-at-7-00-22-pm.png
# file not downloaded in /Users/douglasbothwell/Desktop/hd-docs-migrate/hd-convert/STAGE_docs/docs/service-reliability-management/error-tracking-category/error-tracking-in-srm.md
curl -o  /Users/douglasbothwell/Desktop/hd-docs-migrate/hd-convert/STAGE_docs/docs/service-reliability-management/error-tracking-category/static/error-tracking-in-srm-01.png https://files.helpdocs.io/kw8ldg1itf/articles/cbj5uuzpbu/1665464472465/add-new-health-source.png)](https://files.helpdocs.io/i5nl071jo5/articles/trlszsj5lh/1647411716886/screenshot-2022-03-16-at-11-51-40-am.png
# file not downloaded in /Users/douglasbothwell/Desktop/hd-docs-migrate/hd-convert/STAGE_docs/docs/service-reliability-management/error-tracking-category/error-tracking-in-srm.md
curl -o  /Users/douglasbothwell/Desktop/hd-docs-migrate/hd-convert/STAGE_docs/docs/service-reliability-management/error-tracking-category/static/error-tracking-in-srm-01.png https://files.helpdocs.io/kw8ldg1itf/articles/cbj5uuzpbu/1665464570659/service-health-dashboard.png)1. Scroll up on the **Service Health** dashboard and then click the **Errors** tab. A list of all the identified errors appears.![](https://files.helpdocs.io/kw8ldg1itf/articles/cbj5uuzpbu/1665465250003/error-logs.png
{'https://files.helpdocs.io/i5nl071jo5/articles/jws2znftay/1634844532487/clean-shot-2021-10-21-at-12-28-33.png)](https://files.helpdocs.io/i5nl071jo5/articles/jws2znftay/1634844532487/clean-shot-2021-10-21-at-12-28-33.png': ['/Users/douglasbothwell/Desktop/hd-docs-migrate/hd-convert/STAGE_docs/docs/service-reliability-management/service-reliability-management-onboard/slo-driven-deployment-governance.md',
                                                                                                                                                                                                                                 '/Users/douglasbothwell/Desktop/hd-docs-migrate/hd-convert/STAGE_docs/docs/service-reliability-management/service-reliability-management-onboard/slo-driven-deployment-governance.md',
                                                                                                                                                                                                                                 '/Users/douglasbothwell/Desktop/hd-docs-migrate/hd-convert/STAGE_docs/docs/service-reliability-management/service-reliability-management-onboard/slo-driven-deployment-governance.md'],
 'https://files.helpdocs.io/i5nl071jo5/articles/jws2znftay/1634856120356/clean-shot-2021-10-21-at-15-41-49-2-x.png)](https://files.helpdocs.io/i5nl071jo5/articles/jws2znftay/1634856120356/clean-shot-2021-10-21-at-15-41-49-2-x.png': ['/Users/douglasbothwell/Desktop/hd-docs-migrate/hd-convert/STAGE_docs/docs/service-reliability-management/service-reliability-management-onboard/slo-driven-deployment-governance.md',
                                                                                                                                                                                                                                         '/Users/douglasbothwell/Desktop/hd-docs-migrate/hd-convert/STAGE_docs/docs/service-reliability-management/service-reliability-management-onboard/slo-driven-deployment-governance.md',
                                                                                                                                                                                                                                         '/Users/douglasbothwell/Desktop/hd-docs-migrate/hd-convert/STAGE_docs/docs/service-reliability-management/service-reliability-management-onboard/slo-driven-deployment-governance.md'],
 'https://files.helpdocs.io/i5nl071jo5/articles/jws2znftay/1634859288101/clean-shot-2021-10-21-at-16-34-28-2-x.png)](https://files.helpdocs.io/i5nl071jo5/articles/jws2znftay/1634859288101/clean-shot-2021-10-21-at-16-34-28-2-x.png': ['/Users/douglasbothwell/Desktop/hd-docs-migrate/hd-convert/STAGE_docs/docs/service-reliability-management/service-reliability-management-onboard/slo-driven-deployment-governance.md',
                                                                                                                                                                                                                                         '/Users/douglasbothwell/Desktop/hd-docs-migrate/hd-convert/STAGE_docs/docs/service-reliability-management/service-reliability-management-onboard/slo-driven-deployment-governance.md',
                                                                                                                                                                                                                                         '/Users/douglasbothwell/Desktop/hd-docs-migrate/hd-convert/STAGE_docs/docs/service-reliability-management/service-reliability-management-onboard/slo-driven-deployment-governance.md'],
 'https://files.helpdocs.io/i5nl071jo5/articles/jws2znftay/1634859546331/clean-shot-2021-10-21-at-16-38-59-2-x.png)](https://files.helpdocs.io/i5nl071jo5/articles/jws2znftay/1634859546331/clean-shot-2021-10-21-at-16-38-59-2-x.png': ['/Users/douglasbothwell/Desktop/hd-docs-migrate/hd-convert/STAGE_docs/docs/service-reliability-management/service-reliability-management-onboard/slo-driven-deployment-governance.md',
                                                                                                                                                                                                                                         '/Users/douglasbothwell/Desktop/hd-docs-migrate/hd-convert/STAGE_docs/docs/service-reliability-management/service-reliability-management-onboard/slo-driven-deployment-governance.md',
                                                                                                                                                                                                                                         '/Users/douglasbothwell/Desktop/hd-docs-migrate/hd-convert/STAGE_docs/docs/service-reliability-management/service-reliability-management-onboard/slo-driven-deployment-governance.md'],
 'https://files.helpdocs.io/i5nl071jo5/articles/jws2znftay/1634859678660/clean-shot-2021-10-21-at-16-40-28-2-x.png)](https://files.helpdocs.io/i5nl071jo5/articles/jws2znftay/1634859678660/clean-shot-2021-10-21-at-16-40-28-2-x.png': ['/Users/douglasbothwell/Desktop/hd-docs-migrate/hd-convert/STAGE_docs/docs/service-reliability-management/service-reliability-management-onboard/slo-driven-deployment-governance.md',
                                                                                                                                                                                                                                         '/Users/douglasbothwell/Desktop/hd-docs-migrate/hd-convert/STAGE_docs/docs/service-reliability-management/service-reliability-management-onboard/slo-driven-deployment-governance.md',
                                                                                                                                                                                                                                         '/Users/douglasbothwell/Desktop/hd-docs-migrate/hd-convert/STAGE_docs/docs/service-reliability-management/service-reliability-management-onboard/slo-driven-deployment-governance.md'],
 'https://files.helpdocs.io/i5nl071jo5/articles/jws2znftay/1636584541766/clean-shot-2021-11-10-at-14-48-45-2-x.png)](https://files.helpdocs.io/i5nl071jo5/articles/jws2znftay/1636584541766/clean-shot-2021-11-10-at-14-48-45-2-x.png': ['/Users/douglasbothwell/Desktop/hd-docs-migrate/hd-convert/STAGE_docs/docs/service-reliability-management/service-reliability-management-onboard/slo-driven-deployment-governance.md',
                                                                                                                                                                                                                                         '/Users/douglasbothwell/Desktop/hd-docs-migrate/hd-convert/STAGE_docs/docs/service-reliability-management/service-reliability-management-onboard/slo-driven-deployment-governance.md',
                                                                                                                                                                                                                                         '/Users/douglasbothwell/Desktop/hd-docs-migrate/hd-convert/STAGE_docs/docs/service-reliability-management/service-reliability-management-onboard/slo-driven-deployment-governance.md'],
 'https://files.helpdocs.io/kw8ldg1itf/articles/cbj5uuzpbu/1665464267825/srm-main-menu.png)](https://files.helpdocs.io/i5nl071jo5/articles/trlszsj5lh/1647404699590/screenshot-2022-03-16-at-9-54-38-am.png': ['/Users/douglasbothwell/Desktop/hd-docs-migrate/hd-convert/STAGE_docs/docs/service-reliability-management/error-tracking-category/error-tracking-in-srm.md',
                                                                                                                                                                                                               '/Users/douglasbothwell/Desktop/hd-docs-migrate/hd-convert/STAGE_docs/docs/service-reliability-management/error-tracking-category/error-tracking-in-srm.md',
                                                                                                                                                                                                               '/Users/douglasbothwell/Desktop/hd-docs-migrate/hd-convert/STAGE_docs/docs/service-reliability-management/error-tracking-category/error-tracking-in-srm.md'],
 'https://files.helpdocs.io/kw8ldg1itf/articles/cbj5uuzpbu/1665464306563/add-new-monitored-service.png)](https://files.helpdocs.io/i5nl071jo5/articles/rvneg74vmk/1634045442446/screenshot-2021-10-12-at-7-00-22-pm.png': ['/Users/douglasbothwell/Desktop/hd-docs-migrate/hd-convert/STAGE_docs/docs/service-reliability-management/error-tracking-category/error-tracking-in-srm.md',
                                                                                                                                                                                                                           '/Users/douglasbothwell/Desktop/hd-docs-migrate/hd-convert/STAGE_docs/docs/service-reliability-management/error-tracking-category/error-tracking-in-srm.md',
                                                                                                                                                                                                                           '/Users/douglasbothwell/Desktop/hd-docs-migrate/hd-convert/STAGE_docs/docs/service-reliability-management/error-tracking-category/error-tracking-in-srm.md'],
 'https://files.helpdocs.io/kw8ldg1itf/articles/cbj5uuzpbu/1665464472465/add-new-health-source.png)](https://files.helpdocs.io/i5nl071jo5/articles/trlszsj5lh/1647411716886/screenshot-2022-03-16-at-11-51-40-am.png': ['/Users/douglasbothwell/Desktop/hd-docs-migrate/hd-convert/STAGE_docs/docs/service-reliability-management/error-tracking-category/error-tracking-in-srm.md',
                                                                                                                                                                                                                        '/Users/douglasbothwell/Desktop/hd-docs-migrate/hd-convert/STAGE_docs/docs/service-reliability-management/error-tracking-category/error-tracking-in-srm.md',
                                                                                                                                                                                                                        '/Users/douglasbothwell/Desktop/hd-docs-migrate/hd-convert/STAGE_docs/docs/service-reliability-management/error-tracking-category/error-tracking-in-srm.md'],
 'https://files.helpdocs.io/kw8ldg1itf/articles/cbj5uuzpbu/1665464570659/service-health-dashboard.png)1. Scroll up on the **Service Health** dashboard and then click the **Errors** tab. A list of all the identified errors appears.![](https://files.helpdocs.io/kw8ldg1itf/articles/cbj5uuzpbu/1665465250003/error-logs.png': ['/Users/douglasbothwell/Desktop/hd-docs-migrate/hd-convert/STAGE_docs/docs/service-reliability-management/error-tracking-category/error-tracking-in-srm.md',
                                                                                                                                                                                                                                                                                                                                   '/Users/douglasbothwell/Desktop/hd-docs-migrate/hd-convert/STAGE_docs/docs/service-reliability-management/error-tracking-category/error-tracking-in-srm.md',
                                                                                                                                                                                                                                                                                                                                   '/Users/douglasbothwell/Desktop/hd-docs-migrate/hd-convert/STAGE_docs/docs/service-reliability-management/error-tracking-category/error-tracking-in-srm.md']}
