


[WARNING2] Image download failed:       https://files.helpdocs.io/i5nl071jo5/articles/q6fr5bj63w/1610058088594/image.png)](https://files.helpdocs.io/i5nl071jo5/articles/q6fr5bj63w/1610058088594/image.png
	Try the curl command, see end of log
[WARNING2] Image not downloaded, reference not updated:
	 URL   https://files.helpdocs.io/i5nl071jo5/articles/q6fr5bj63w/1610058088594/image.png)](https://files.helpdocs.io/i5nl071jo5/articles/q6fr5bj63w/1610058088594/image.png
	 file  build-and-push-to-gcr-step-settings.md
	 line  65 :  [![](https://files.helpdocs.io/i5nl071jo5/articles/q6fr5bj63w/1610058088594/image.png)](https://files.helpdocs.io/i5nl071jo5/articles/q6fr5bj63w/1610058088594/image.png)#### Target





-------------------------
[WARNING1] Image URL referenced in multiple topics:       https://files.helpdocs.io/i5nl071jo5/articles/1i1ttvftm4/1628031232587/clean-shot-2021-08-03-at-15-53-30.png
Image filename:       https://files.helpdocs.io/i5nl071jo5/articles/1i1ttvftm4/1628031232587/clean-shot-2021-08-03-at-15-53-30.png
Topics list:
['/Users/douglasbothwell/Desktop/docu-test/hd-convert/STAGE_docs/docs/continuous-integration/ci-technical-reference/run-step-settings.md', '/Users/douglasbothwell/Desktop/docu-test/hd-convert/STAGE_docs/docs/continuous-integration/ci-technical-reference/background-step-settings.md']
-------------------------
-------------------------
[WARNING1] Image URL referenced in multiple topics:       https://files.helpdocs.io/i5nl071jo5/articles/1i1ttvftm4/1644602120778/clean-shot-2022-02-11-at-09-55-12.png
Image filename:       https://files.helpdocs.io/i5nl071jo5/articles/1i1ttvftm4/1644602120778/clean-shot-2022-02-11-at-09-55-12.png
Topics list:
['/Users/douglasbothwell/Desktop/docu-test/hd-convert/STAGE_docs/docs/continuous-integration/ci-technical-reference/run-step-settings.md', '/Users/douglasbothwell/Desktop/docu-test/hd-convert/STAGE_docs/docs/continuous-integration/ci-technical-reference/background-step-settings.md']
-------------------------












[WARNING2] Image download failed:       https://files.helpdocs.io/i5nl071jo5/articles/q6fr5bj63w/1610059179870/image.png)](https://files.helpdocs.io/i5nl071jo5/articles/q6fr5bj63w/1610059179870/image.png
	Try the curl command, see end of log
[WARNING2] Image not downloaded, reference not updated:
	 URL   https://files.helpdocs.io/i5nl071jo5/articles/q6fr5bj63w/1610059179870/image.png)](https://files.helpdocs.io/i5nl071jo5/articles/q6fr5bj63w/1610059179870/image.png
	 file  build-and-push-to-ecr-step-settings.md
	 line  45 :  [![](https://files.helpdocs.io/i5nl071jo5/articles/q6fr5bj63w/1610059179870/image.png)](https://files.helpdocs.io/i5nl071jo5/articles/q6fr5bj63w/1610059179870/image.png)### Optional Configuration


-------------------------
[WARNING1] Image URL referenced in multiple topics:       https://files.helpdocs.io/i5nl071jo5/articles/q6fr5bj63w/1610058088594/image.png)](https://files.helpdocs.io/i5nl071jo5/articles/q6fr5bj63w/1610058088594/image.png
Image filename:       https://files.helpdocs.io/i5nl071jo5/articles/q6fr5bj63w/1610058088594/image.png)](https://files.helpdocs.io/i5nl071jo5/articles/q6fr5bj63w/1610058088594/image.png
Topics list:
['/Users/douglasbothwell/Desktop/docu-test/hd-convert/STAGE_docs/docs/continuous-integration/ci-technical-reference/build-and-push-to-gcr-step-settings.md', '/Users/douglasbothwell/Desktop/docu-test/hd-convert/STAGE_docs/docs/continuous-integration/ci-technical-reference/build-and-push-to-ecr-step-settings.md']
-------------------------
[WARNING2] Image download failed:       https://files.helpdocs.io/i5nl071jo5/articles/q6fr5bj63w/1610058088594/image.png)](https://files.helpdocs.io/i5nl071jo5/articles/q6fr5bj63w/1610058088594/image.png
	Try the curl command, see end of log
[WARNING2] Image not downloaded, reference not updated:
	 URL   https://files.helpdocs.io/i5nl071jo5/articles/q6fr5bj63w/1610058088594/image.png)](https://files.helpdocs.io/i5nl071jo5/articles/q6fr5bj63w/1610058088594/image.png
	 file  build-and-push-to-ecr-step-settings.md
	 line  71 :  [![](https://files.helpdocs.io/i5nl071jo5/articles/q6fr5bj63w/1610058088594/image.png)](https://files.helpdocs.io/i5nl071jo5/articles/q6fr5bj63w/1610058088594/image.png)#### Target










-------------------------
[WARNING1] Image URL referenced in multiple topics:       https://files.helpdocs.io/i5nl071jo5/articles/lcn8vgt4di/1647625160792/edit-codebase-confi.png
Image filename:       https://files.helpdocs.io/i5nl071jo5/articles/lcn8vgt4di/1647625160792/edit-codebase-confi.png
Topics list:
['/Users/douglasbothwell/Desktop/docu-test/hd-convert/STAGE_docs/docs/continuous-integration/_ci-how-tos/codebase-configuration/create-and-configure-a-codebase.md', '/Users/douglasbothwell/Desktop/docu-test/hd-convert/STAGE_docs/docs/continuous-integration/_ci-how-tos/codebase-configuration/create-and-configure-a-codebase.md']
-------------------------



[WARNING2] Image download failed:       https://files.helpdocs.io/i5nl071jo5/articles/x0d77ktjw8/1611614713927/image.png)](https://files.helpdocs.io/i5nl071jo5/articles/x0d77ktjw8/1611614713927/image.png
	Try the curl command, see end of log
[WARNING2] Image not downloaded, reference not updated:
	 URL   https://files.helpdocs.io/i5nl071jo5/articles/x0d77ktjw8/1611614713927/image.png)](https://files.helpdocs.io/i5nl071jo5/articles/x0d77ktjw8/1611614713927/image.png
	 file  build-and-upload-an-artifact.md
	 line  145 :  [![](https://files.helpdocs.io/i5nl071jo5/articles/x0d77ktjw8/1611614713927/image.png)](https://files.helpdocs.io/i5nl071jo5/articles/x0d77ktjw8/1611614713927/image.png)











-------------------------
[WARNING1] Image URL referenced in multiple topics:       https://files.helpdocs.io/i5nl071jo5/articles/z56wmnris8/1643917936569/clean-shot-2022-02-03-at-11-51-24.png
Image filename:       https://files.helpdocs.io/i5nl071jo5/articles/z56wmnris8/1643917936569/clean-shot-2022-02-03-at-11-51-24.png
Topics list:
['/Users/douglasbothwell/Desktop/docu-test/hd-convert/STAGE_docs/docs/continuous-integration/_ci-how-tos/set-up-build-infrastructure/set-up-an-aws-vm-build-infrastructure.md', '/Users/douglasbothwell/Desktop/docu-test/hd-convert/STAGE_docs/docs/continuous-integration/_ci-how-tos/set-up-build-infrastructure/define-a-ci-build-infrastructure-in-azure.md']
-------------------------

-------------------------
[WARNING1] Image URL referenced in multiple topics:       https://files.helpdocs.io/i5nl071jo5/articles/mwzlb0x2mt/1655831247874/ci-build-infra-on-macos-v-2.png
Image filename:       https://files.helpdocs.io/i5nl071jo5/articles/mwzlb0x2mt/1655831247874/ci-build-infra-on-macos-v-2.png
Topics list:
['/Users/douglasbothwell/Desktop/docu-test/hd-convert/STAGE_docs/docs/continuous-integration/_ci-how-tos/set-up-build-infrastructure/define-a-macos-build-infrastructure.md', '/Users/douglasbothwell/Desktop/docu-test/hd-convert/STAGE_docs/docs/continuous-integration/_ci-how-tos/set-up-build-infrastructure/define-a-mac-os-build-infrastructure.md']
-------------------------
-------------------------
[WARNING1] Image URL referenced in multiple topics:       https://files.helpdocs.io/i5nl071jo5/articles/mwzlb0x2mt/1655253313885/vm-setup-1-open-anka.png
Image filename:       https://files.helpdocs.io/i5nl071jo5/articles/mwzlb0x2mt/1655253313885/vm-setup-1-open-anka.png
Topics list:
['/Users/douglasbothwell/Desktop/docu-test/hd-convert/STAGE_docs/docs/continuous-integration/_ci-how-tos/set-up-build-infrastructure/define-a-macos-build-infrastructure.md', '/Users/douglasbothwell/Desktop/docu-test/hd-convert/STAGE_docs/docs/continuous-integration/_ci-how-tos/set-up-build-infrastructure/define-a-mac-os-build-infrastructure.md']
-------------------------
-------------------------
[WARNING1] Image URL referenced in multiple topics:       https://files.helpdocs.io/i5nl071jo5/articles/mwzlb0x2mt/1655253795901/vm-setup-2-select-delegate.png
Image filename:       https://files.helpdocs.io/i5nl071jo5/articles/mwzlb0x2mt/1655253795901/vm-setup-2-select-delegate.png
Topics list:
['/Users/douglasbothwell/Desktop/docu-test/hd-convert/STAGE_docs/docs/continuous-integration/_ci-how-tos/set-up-build-infrastructure/define-a-macos-build-infrastructure.md', '/Users/douglasbothwell/Desktop/docu-test/hd-convert/STAGE_docs/docs/continuous-integration/_ci-how-tos/set-up-build-infrastructure/define-a-mac-os-build-infrastructure.md']
-------------------------
-------------------------
[WARNING1] Image URL referenced in multiple topics:       https://files.helpdocs.io/i5nl071jo5/articles/mwzlb0x2mt/1655253835324/vm-setup-3-accept-docker-eula.png
Image filename:       https://files.helpdocs.io/i5nl071jo5/articles/mwzlb0x2mt/1655253835324/vm-setup-3-accept-docker-eula.png
Topics list:
['/Users/douglasbothwell/Desktop/docu-test/hd-convert/STAGE_docs/docs/continuous-integration/_ci-how-tos/set-up-build-infrastructure/define-a-macos-build-infrastructure.md', '/Users/douglasbothwell/Desktop/docu-test/hd-convert/STAGE_docs/docs/continuous-integration/_ci-how-tos/set-up-build-infrastructure/define-a-mac-os-build-infrastructure.md']
-------------------------
-------------------------
[WARNING1] Image URL referenced in multiple topics:       https://files.helpdocs.io/i5nl071jo5/articles/mwzlb0x2mt/1655254499504/ec-2-setup-download-drone-runner-in-browser.png
Image filename:       https://files.helpdocs.io/i5nl071jo5/articles/mwzlb0x2mt/1655254499504/ec-2-setup-download-drone-runner-in-browser.png
Topics list:
['/Users/douglasbothwell/Desktop/docu-test/hd-convert/STAGE_docs/docs/continuous-integration/_ci-how-tos/set-up-build-infrastructure/define-a-macos-build-infrastructure.md', '/Users/douglasbothwell/Desktop/docu-test/hd-convert/STAGE_docs/docs/continuous-integration/_ci-how-tos/set-up-build-infrastructure/define-a-mac-os-build-infrastructure.md']
-------------------------













-------------------------
[WARNING1] Image URL referenced in multiple topics:       https://files.helpdocs.io/i5nl071jo5/articles/jznnrb9tvz/1648478859173/ci-tut-02-delegate-01-setu.png
Image filename:       https://files.helpdocs.io/i5nl071jo5/articles/jznnrb9tvz/1648478859173/ci-tut-02-delegate-01-setu.png
Topics list:
['/Users/douglasbothwell/Desktop/docu-test/hd-convert/STAGE_docs/docs/continuous-integration/_ci-how-tos/set-up-build-infrastructure/set-up-a-kubernetes-cluster-build-infrastructure.md', '/Users/douglasbothwell/Desktop/docu-test/hd-convert/STAGE_docs/docs/continuous-integration/ci-quickstarts/ci-pipeline-quickstart.md']
-------------------------
-------------------------
[WARNING1] Image URL referenced in multiple topics:       https://files.helpdocs.io/i5nl071jo5/articles/jznnrb9tvz/1648479234464/ci-tut-02-delegate-02-platform.png
Image filename:       https://files.helpdocs.io/i5nl071jo5/articles/jznnrb9tvz/1648479234464/ci-tut-02-delegate-02-platform.png
Topics list:
['/Users/douglasbothwell/Desktop/docu-test/hd-convert/STAGE_docs/docs/continuous-integration/_ci-how-tos/set-up-build-infrastructure/set-up-a-kubernetes-cluster-build-infrastructure.md', '/Users/douglasbothwell/Desktop/docu-test/hd-convert/STAGE_docs/docs/continuous-integration/ci-quickstarts/ci-pipeline-quickstart.md']
-------------------------
-------------------------
[WARNING1] Image URL referenced in multiple topics:       https://files.helpdocs.io/i5nl071jo5/articles/jznnrb9tvz/1648480695665/ci-tut-02-delegate-03-details.png
Image filename:       https://files.helpdocs.io/i5nl071jo5/articles/jznnrb9tvz/1648480695665/ci-tut-02-delegate-03-details.png
Topics list:
['/Users/douglasbothwell/Desktop/docu-test/hd-convert/STAGE_docs/docs/continuous-integration/_ci-how-tos/set-up-build-infrastructure/set-up-a-kubernetes-cluster-build-infrastructure.md', '/Users/douglasbothwell/Desktop/docu-test/hd-convert/STAGE_docs/docs/continuous-integration/ci-quickstarts/ci-pipeline-quickstart.md']
-------------------------
-------------------------
[WARNING1] Image URL referenced in multiple topics:       https://files.helpdocs.io/i5nl071jo5/articles/jznnrb9tvz/1648480953258/ci-tut-02-delegate-04-download-yaml.png
Image filename:       https://files.helpdocs.io/i5nl071jo5/articles/jznnrb9tvz/1648480953258/ci-tut-02-delegate-04-download-yaml.png
Topics list:
['/Users/douglasbothwell/Desktop/docu-test/hd-convert/STAGE_docs/docs/continuous-integration/_ci-how-tos/set-up-build-infrastructure/set-up-a-kubernetes-cluster-build-infrastructure.md', '/Users/douglasbothwell/Desktop/docu-test/hd-convert/STAGE_docs/docs/continuous-integration/ci-quickstarts/ci-pipeline-quickstart.md']
-------------------------



-------------------------
[WARNING1] Image URL referenced in multiple topics:       https://files.helpdocs.io/i5nl071jo5/articles/q6fr5bj63w/1610058088594/image.png)](https://files.helpdocs.io/i5nl071jo5/articles/q6fr5bj63w/1610058088594/image.png
Image filename:       https://files.helpdocs.io/i5nl071jo5/articles/q6fr5bj63w/1610058088594/image.png)](https://files.helpdocs.io/i5nl071jo5/articles/q6fr5bj63w/1610058088594/image.png
Topics list:
['/Users/douglasbothwell/Desktop/docu-test/hd-convert/STAGE_docs/docs/continuous-integration/ci-technical-reference/build-and-push-to-gcr-step-settings.md', '/Users/douglasbothwell/Desktop/docu-test/hd-convert/STAGE_docs/docs/continuous-integration/ci-technical-reference/build-and-push-to-ecr-step-settings.md', '/Users/douglasbothwell/Desktop/docu-test/hd-convert/STAGE_docs/docs/continuous-integration/ci-technical-reference/build-and-push-to-gcr-step-settings.md']
-------------------------
[WARNING2] Image download failed:       https://files.helpdocs.io/i5nl071jo5/articles/q6fr5bj63w/1610058088594/image.png)](https://files.helpdocs.io/i5nl071jo5/articles/q6fr5bj63w/1610058088594/image.png
	Try the curl command, see end of log
[WARNING2] Image not downloaded, reference not updated:
	 URL   https://files.helpdocs.io/i5nl071jo5/articles/q6fr5bj63w/1610058088594/image.png)](https://files.helpdocs.io/i5nl071jo5/articles/q6fr5bj63w/1610058088594/image.png
	 file  build-and-push-to-gcr-step-settings.md
	 line  65 :  [![](https://files.helpdocs.io/i5nl071jo5/articles/q6fr5bj63w/1610058088594/image.png)](https://files.helpdocs.io/i5nl071jo5/articles/q6fr5bj63w/1610058088594/image.png)#### Target

















-------------------------
[WARNING1] Image URL referenced in multiple topics:       https://files.helpdocs.io/i5nl071jo5/articles/q6fr5bj63w/1610059179870/image.png)](https://files.helpdocs.io/i5nl071jo5/articles/q6fr5bj63w/1610059179870/image.png
Image filename:       https://files.helpdocs.io/i5nl071jo5/articles/q6fr5bj63w/1610059179870/image.png)](https://files.helpdocs.io/i5nl071jo5/articles/q6fr5bj63w/1610059179870/image.png
Topics list:
['/Users/douglasbothwell/Desktop/docu-test/hd-convert/STAGE_docs/docs/continuous-integration/ci-technical-reference/build-and-push-to-ecr-step-settings.md', '/Users/douglasbothwell/Desktop/docu-test/hd-convert/STAGE_docs/docs/continuous-integration/ci-technical-reference/build-and-push-to-ecr-step-settings.md']
-------------------------
[WARNING2] Image download failed:       https://files.helpdocs.io/i5nl071jo5/articles/q6fr5bj63w/1610059179870/image.png)](https://files.helpdocs.io/i5nl071jo5/articles/q6fr5bj63w/1610059179870/image.png
	Try the curl command, see end of log
[WARNING2] Image not downloaded, reference not updated:
	 URL   https://files.helpdocs.io/i5nl071jo5/articles/q6fr5bj63w/1610059179870/image.png)](https://files.helpdocs.io/i5nl071jo5/articles/q6fr5bj63w/1610059179870/image.png
	 file  build-and-push-to-ecr-step-settings.md
	 line  45 :  [![](https://files.helpdocs.io/i5nl071jo5/articles/q6fr5bj63w/1610059179870/image.png)](https://files.helpdocs.io/i5nl071jo5/articles/q6fr5bj63w/1610059179870/image.png)### Optional Configuration


-------------------------
[WARNING1] Image URL referenced in multiple topics:       https://files.helpdocs.io/i5nl071jo5/articles/q6fr5bj63w/1610058088594/image.png)](https://files.helpdocs.io/i5nl071jo5/articles/q6fr5bj63w/1610058088594/image.png
Image filename:       https://files.helpdocs.io/i5nl071jo5/articles/q6fr5bj63w/1610058088594/image.png)](https://files.helpdocs.io/i5nl071jo5/articles/q6fr5bj63w/1610058088594/image.png
Topics list:
['/Users/douglasbothwell/Desktop/docu-test/hd-convert/STAGE_docs/docs/continuous-integration/ci-technical-reference/build-and-push-to-gcr-step-settings.md', '/Users/douglasbothwell/Desktop/docu-test/hd-convert/STAGE_docs/docs/continuous-integration/ci-technical-reference/build-and-push-to-ecr-step-settings.md', '/Users/douglasbothwell/Desktop/docu-test/hd-convert/STAGE_docs/docs/continuous-integration/ci-technical-reference/build-and-push-to-gcr-step-settings.md', '/Users/douglasbothwell/Desktop/docu-test/hd-convert/STAGE_docs/docs/continuous-integration/ci-technical-reference/build-and-push-to-ecr-step-settings.md']
-------------------------
[WARNING2] Image download failed:       https://files.helpdocs.io/i5nl071jo5/articles/q6fr5bj63w/1610058088594/image.png)](https://files.helpdocs.io/i5nl071jo5/articles/q6fr5bj63w/1610058088594/image.png
	Try the curl command, see end of log
[WARNING2] Image not downloaded, reference not updated:
	 URL   https://files.helpdocs.io/i5nl071jo5/articles/q6fr5bj63w/1610058088594/image.png)](https://files.helpdocs.io/i5nl071jo5/articles/q6fr5bj63w/1610058088594/image.png
	 file  build-and-push-to-ecr-step-settings.md
	 line  71 :  [![](https://files.helpdocs.io/i5nl071jo5/articles/q6fr5bj63w/1610058088594/image.png)](https://files.helpdocs.io/i5nl071jo5/articles/q6fr5bj63w/1610058088594/image.png)#### Target













-------------------------
[WARNING1] Image URL referenced in multiple topics:       https://files.helpdocs.io/i5nl071jo5/articles/x0d77ktjw8/1611614713927/image.png)](https://files.helpdocs.io/i5nl071jo5/articles/x0d77ktjw8/1611614713927/image.png
Image filename:       https://files.helpdocs.io/i5nl071jo5/articles/x0d77ktjw8/1611614713927/image.png)](https://files.helpdocs.io/i5nl071jo5/articles/x0d77ktjw8/1611614713927/image.png
Topics list:
['/Users/douglasbothwell/Desktop/docu-test/hd-convert/STAGE_docs/docs/continuous-integration/_ci-how-tos/build-and-upload-artifacts/build-and-upload-an-artifact.md', '/Users/douglasbothwell/Desktop/docu-test/hd-convert/STAGE_docs/docs/continuous-integration/_ci-how-tos/build-and-upload-artifacts/build-and-upload-an-artifact.md']
-------------------------
[WARNING2] Image download failed:       https://files.helpdocs.io/i5nl071jo5/articles/x0d77ktjw8/1611614713927/image.png)](https://files.helpdocs.io/i5nl071jo5/articles/x0d77ktjw8/1611614713927/image.png
	Try the curl command, see end of log
[WARNING2] Image not downloaded, reference not updated:
	 URL   https://files.helpdocs.io/i5nl071jo5/articles/x0d77ktjw8/1611614713927/image.png)](https://files.helpdocs.io/i5nl071jo5/articles/x0d77ktjw8/1611614713927/image.png
	 file  build-and-upload-an-artifact.md
	 line  145 :  [![](https://files.helpdocs.io/i5nl071jo5/articles/x0d77ktjw8/1611614713927/image.png)](https://files.helpdocs.io/i5nl071jo5/articles/x0d77ktjw8/1611614713927/image.png)




























-------------------------
[WARNING1] Image URL referenced in multiple topics:       https://files.helpdocs.io/i5nl071jo5/articles/q6fr5bj63w/1610058088594/image.png)](https://files.helpdocs.io/i5nl071jo5/articles/q6fr5bj63w/1610058088594/image.png
Image filename:       https://files.helpdocs.io/i5nl071jo5/articles/q6fr5bj63w/1610058088594/image.png)](https://files.helpdocs.io/i5nl071jo5/articles/q6fr5bj63w/1610058088594/image.png
Topics list:
['/Users/douglasbothwell/Desktop/docu-test/hd-convert/STAGE_docs/docs/continuous-integration/ci-technical-reference/build-and-push-to-gcr-step-settings.md', '/Users/douglasbothwell/Desktop/docu-test/hd-convert/STAGE_docs/docs/continuous-integration/ci-technical-reference/build-and-push-to-ecr-step-settings.md', '/Users/douglasbothwell/Desktop/docu-test/hd-convert/STAGE_docs/docs/continuous-integration/ci-technical-reference/build-and-push-to-gcr-step-settings.md', '/Users/douglasbothwell/Desktop/docu-test/hd-convert/STAGE_docs/docs/continuous-integration/ci-technical-reference/build-and-push-to-ecr-step-settings.md', '/Users/douglasbothwell/Desktop/docu-test/hd-convert/STAGE_docs/docs/continuous-integration/ci-technical-reference/build-and-push-to-gcr-step-settings.md']
-------------------------
[WARNING2] Image download failed:       https://files.helpdocs.io/i5nl071jo5/articles/q6fr5bj63w/1610058088594/image.png)](https://files.helpdocs.io/i5nl071jo5/articles/q6fr5bj63w/1610058088594/image.png
	Try the curl command, see end of log
[WARNING2] Image not downloaded, reference not updated:
	 URL   https://files.helpdocs.io/i5nl071jo5/articles/q6fr5bj63w/1610058088594/image.png)](https://files.helpdocs.io/i5nl071jo5/articles/q6fr5bj63w/1610058088594/image.png
	 file  build-and-push-to-gcr-step-settings.md
	 line  65 :  [![](https://files.helpdocs.io/i5nl071jo5/articles/q6fr5bj63w/1610058088594/image.png)](https://files.helpdocs.io/i5nl071jo5/articles/q6fr5bj63w/1610058088594/image.png)#### Target

















-------------------------
[WARNING1] Image URL referenced in multiple topics:       https://files.helpdocs.io/i5nl071jo5/articles/q6fr5bj63w/1610059179870/image.png)](https://files.helpdocs.io/i5nl071jo5/articles/q6fr5bj63w/1610059179870/image.png
Image filename:       https://files.helpdocs.io/i5nl071jo5/articles/q6fr5bj63w/1610059179870/image.png)](https://files.helpdocs.io/i5nl071jo5/articles/q6fr5bj63w/1610059179870/image.png
Topics list:
['/Users/douglasbothwell/Desktop/docu-test/hd-convert/STAGE_docs/docs/continuous-integration/ci-technical-reference/build-and-push-to-ecr-step-settings.md', '/Users/douglasbothwell/Desktop/docu-test/hd-convert/STAGE_docs/docs/continuous-integration/ci-technical-reference/build-and-push-to-ecr-step-settings.md', '/Users/douglasbothwell/Desktop/docu-test/hd-convert/STAGE_docs/docs/continuous-integration/ci-technical-reference/build-and-push-to-ecr-step-settings.md']
-------------------------
[WARNING2] Image download failed:       https://files.helpdocs.io/i5nl071jo5/articles/q6fr5bj63w/1610059179870/image.png)](https://files.helpdocs.io/i5nl071jo5/articles/q6fr5bj63w/1610059179870/image.png
	Try the curl command, see end of log
[WARNING2] Image not downloaded, reference not updated:
	 URL   https://files.helpdocs.io/i5nl071jo5/articles/q6fr5bj63w/1610059179870/image.png)](https://files.helpdocs.io/i5nl071jo5/articles/q6fr5bj63w/1610059179870/image.png
	 file  build-and-push-to-ecr-step-settings.md
	 line  45 :  [![](https://files.helpdocs.io/i5nl071jo5/articles/q6fr5bj63w/1610059179870/image.png)](https://files.helpdocs.io/i5nl071jo5/articles/q6fr5bj63w/1610059179870/image.png)### Optional Configuration


-------------------------
[WARNING1] Image URL referenced in multiple topics:       https://files.helpdocs.io/i5nl071jo5/articles/q6fr5bj63w/1610058088594/image.png)](https://files.helpdocs.io/i5nl071jo5/articles/q6fr5bj63w/1610058088594/image.png
Image filename:       https://files.helpdocs.io/i5nl071jo5/articles/q6fr5bj63w/1610058088594/image.png)](https://files.helpdocs.io/i5nl071jo5/articles/q6fr5bj63w/1610058088594/image.png
Topics list:
['/Users/douglasbothwell/Desktop/docu-test/hd-convert/STAGE_docs/docs/continuous-integration/ci-technical-reference/build-and-push-to-gcr-step-settings.md', '/Users/douglasbothwell/Desktop/docu-test/hd-convert/STAGE_docs/docs/continuous-integration/ci-technical-reference/build-and-push-to-ecr-step-settings.md', '/Users/douglasbothwell/Desktop/docu-test/hd-convert/STAGE_docs/docs/continuous-integration/ci-technical-reference/build-and-push-to-gcr-step-settings.md', '/Users/douglasbothwell/Desktop/docu-test/hd-convert/STAGE_docs/docs/continuous-integration/ci-technical-reference/build-and-push-to-ecr-step-settings.md', '/Users/douglasbothwell/Desktop/docu-test/hd-convert/STAGE_docs/docs/continuous-integration/ci-technical-reference/build-and-push-to-gcr-step-settings.md', '/Users/douglasbothwell/Desktop/docu-test/hd-convert/STAGE_docs/docs/continuous-integration/ci-technical-reference/build-and-push-to-ecr-step-settings.md']
-------------------------
[WARNING2] Image download failed:       https://files.helpdocs.io/i5nl071jo5/articles/q6fr5bj63w/1610058088594/image.png)](https://files.helpdocs.io/i5nl071jo5/articles/q6fr5bj63w/1610058088594/image.png
	Try the curl command, see end of log
[WARNING2] Image not downloaded, reference not updated:
	 URL   https://files.helpdocs.io/i5nl071jo5/articles/q6fr5bj63w/1610058088594/image.png)](https://files.helpdocs.io/i5nl071jo5/articles/q6fr5bj63w/1610058088594/image.png
	 file  build-and-push-to-ecr-step-settings.md
	 line  71 :  [![](https://files.helpdocs.io/i5nl071jo5/articles/q6fr5bj63w/1610058088594/image.png)](https://files.helpdocs.io/i5nl071jo5/articles/q6fr5bj63w/1610058088594/image.png)#### Target













-------------------------
[WARNING1] Image URL referenced in multiple topics:       https://files.helpdocs.io/i5nl071jo5/articles/x0d77ktjw8/1611614713927/image.png)](https://files.helpdocs.io/i5nl071jo5/articles/x0d77ktjw8/1611614713927/image.png
Image filename:       https://files.helpdocs.io/i5nl071jo5/articles/x0d77ktjw8/1611614713927/image.png)](https://files.helpdocs.io/i5nl071jo5/articles/x0d77ktjw8/1611614713927/image.png
Topics list:
['/Users/douglasbothwell/Desktop/docu-test/hd-convert/STAGE_docs/docs/continuous-integration/_ci-how-tos/build-and-upload-artifacts/build-and-upload-an-artifact.md', '/Users/douglasbothwell/Desktop/docu-test/hd-convert/STAGE_docs/docs/continuous-integration/_ci-how-tos/build-and-upload-artifacts/build-and-upload-an-artifact.md', '/Users/douglasbothwell/Desktop/docu-test/hd-convert/STAGE_docs/docs/continuous-integration/_ci-how-tos/build-and-upload-artifacts/build-and-upload-an-artifact.md']
-------------------------
[WARNING2] Image download failed:       https://files.helpdocs.io/i5nl071jo5/articles/x0d77ktjw8/1611614713927/image.png)](https://files.helpdocs.io/i5nl071jo5/articles/x0d77ktjw8/1611614713927/image.png
	Try the curl command, see end of log
[WARNING2] Image not downloaded, reference not updated:
	 URL   https://files.helpdocs.io/i5nl071jo5/articles/x0d77ktjw8/1611614713927/image.png)](https://files.helpdocs.io/i5nl071jo5/articles/x0d77ktjw8/1611614713927/image.png
	 file  build-and-upload-an-artifact.md
	 line  145 :  [![](https://files.helpdocs.io/i5nl071jo5/articles/x0d77ktjw8/1611614713927/image.png)](https://files.helpdocs.io/i5nl071jo5/articles/x0d77ktjw8/1611614713927/image.png)
























-------------------------
[WARNING1] Image URL referenced in multiple topics:       https://files.helpdocs.io/i5nl071jo5/articles/x0d77ktjw8/1611614713927/image.png)](https://files.helpdocs.io/i5nl071jo5/articles/x0d77ktjw8/1611614713927/image.png
Image filename:       https://files.helpdocs.io/i5nl071jo5/articles/x0d77ktjw8/1611614713927/image.png)](https://files.helpdocs.io/i5nl071jo5/articles/x0d77ktjw8/1611614713927/image.png
Topics list:
['/Users/douglasbothwell/Desktop/docu-test/hd-convert/STAGE_docs/docs/continuous-integration/_ci-how-tos/build-and-upload-artifacts/build-and-upload-an-artifact.md', '/Users/douglasbothwell/Desktop/docu-test/hd-convert/STAGE_docs/docs/continuous-integration/_ci-how-tos/build-and-upload-artifacts/build-and-upload-an-artifact.md', '/Users/douglasbothwell/Desktop/docu-test/hd-convert/STAGE_docs/docs/continuous-integration/_ci-how-tos/build-and-upload-artifacts/build-and-upload-an-artifact.md', '/Users/douglasbothwell/Desktop/docu-test/hd-convert/STAGE_docs/docs/continuous-integration/_ci-how-tos/build-and-upload-artifacts/build-and-upload-an-artifact.md']
-------------------------
[WARNING2] Image download failed:       https://files.helpdocs.io/i5nl071jo5/articles/x0d77ktjw8/1611614713927/image.png)](https://files.helpdocs.io/i5nl071jo5/articles/x0d77ktjw8/1611614713927/image.png
	Try the curl command, see end of log
[WARNING2] Image not downloaded, reference not updated:
	 URL   https://files.helpdocs.io/i5nl071jo5/articles/x0d77ktjw8/1611614713927/image.png)](https://files.helpdocs.io/i5nl071jo5/articles/x0d77ktjw8/1611614713927/image.png
	 file  build-and-upload-an-artifact.md
	 line  145 :  [![](https://files.helpdocs.io/i5nl071jo5/articles/x0d77ktjw8/1611614713927/image.png)](https://files.helpdocs.io/i5nl071jo5/articles/x0d77ktjw8/1611614713927/image.png)

























Try the following commands to download these image files: 
['# file not downloaded in '
 '/Users/douglasbothwell/Desktop/docu-test/hd-convert/STAGE_docs/docs/continuous-integration/ci-technical-reference/build-and-push-to-gcr-step-settings.md',
 'curl -o '
 '/Users/douglasbothwell/Desktop/docu-test/hd-convert/STAGE_docs/docs/continuous-integration/ci-technical-reference/static/build-and-push-to-gcr-step-settings-00.png '
 'https://files.helpdocs.io/i5nl071jo5/articles/q6fr5bj63w/1610058088594/image.png)](https://files.helpdocs.io/i5nl071jo5/articles/q6fr5bj63w/1610058088594/image.png',
 '# file not downloaded in '
 '/Users/douglasbothwell/Desktop/docu-test/hd-convert/STAGE_docs/docs/continuous-integration/ci-technical-reference/build-and-push-to-ecr-step-settings.md',
 'curl -o '
 '/Users/douglasbothwell/Desktop/docu-test/hd-convert/STAGE_docs/docs/continuous-integration/ci-technical-reference/static/build-and-push-to-ecr-step-settings-20.png '
 'https://files.helpdocs.io/i5nl071jo5/articles/q6fr5bj63w/1610059179870/image.png)](https://files.helpdocs.io/i5nl071jo5/articles/q6fr5bj63w/1610059179870/image.png',
 '# file not downloaded in '
 '/Users/douglasbothwell/Desktop/docu-test/hd-convert/STAGE_docs/docs/continuous-integration/ci-technical-reference/build-and-push-to-ecr-step-settings.md',
 'curl -o '
 '/Users/douglasbothwell/Desktop/docu-test/hd-convert/STAGE_docs/docs/continuous-integration/ci-technical-reference/static/build-and-push-to-ecr-step-settings-20.png '
 'https://files.helpdocs.io/i5nl071jo5/articles/q6fr5bj63w/1610058088594/image.png)](https://files.helpdocs.io/i5nl071jo5/articles/q6fr5bj63w/1610058088594/image.png',
 '# file not downloaded in '
 '/Users/douglasbothwell/Desktop/docu-test/hd-convert/STAGE_docs/docs/continuous-integration/_ci-how-tos/build-and-upload-artifacts/build-and-upload-an-artifact.md',
 'curl -o '
 '/Users/douglasbothwell/Desktop/docu-test/hd-convert/STAGE_docs/docs/continuous-integration/_ci-how-tos/build-and-upload-artifacts/static/build-and-upload-an-artifact-04.png '
 'https://files.helpdocs.io/i5nl071jo5/articles/x0d77ktjw8/1611614713927/image.png)](https://files.helpdocs.io/i5nl071jo5/articles/x0d77ktjw8/1611614713927/image.png',
 '# file not downloaded in '
 '/Users/douglasbothwell/Desktop/docu-test/hd-convert/STAGE_docs/docs/continuous-integration/ci-technical-reference/build-and-push-to-gcr-step-settings.md',
 'curl -o '
 '/Users/douglasbothwell/Desktop/docu-test/hd-convert/STAGE_docs/docs/continuous-integration/ci-technical-reference/static/build-and-push-to-gcr-step-settings-20.png '
 'https://files.helpdocs.io/i5nl071jo5/articles/q6fr5bj63w/1610058088594/image.png)](https://files.helpdocs.io/i5nl071jo5/articles/q6fr5bj63w/1610058088594/image.png',
 '# file not downloaded in '
 '/Users/douglasbothwell/Desktop/docu-test/hd-convert/STAGE_docs/docs/continuous-integration/ci-technical-reference/build-and-push-to-ecr-step-settings.md',
 'curl -o '
 '/Users/douglasbothwell/Desktop/docu-test/hd-convert/STAGE_docs/docs/continuous-integration/ci-technical-reference/static/build-and-push-to-ecr-step-settings-20.png '
 'https://files.helpdocs.io/i5nl071jo5/articles/q6fr5bj63w/1610059179870/image.png)](https://files.helpdocs.io/i5nl071jo5/articles/q6fr5bj63w/1610059179870/image.png',
 '# file not downloaded in '
 '/Users/douglasbothwell/Desktop/docu-test/hd-convert/STAGE_docs/docs/continuous-integration/ci-technical-reference/build-and-push-to-ecr-step-settings.md',
 'curl -o '
 '/Users/douglasbothwell/Desktop/docu-test/hd-convert/STAGE_docs/docs/continuous-integration/ci-technical-reference/static/build-and-push-to-ecr-step-settings-20.png '
 'https://files.helpdocs.io/i5nl071jo5/articles/q6fr5bj63w/1610058088594/image.png)](https://files.helpdocs.io/i5nl071jo5/articles/q6fr5bj63w/1610058088594/image.png',
 '# file not downloaded in '
 '/Users/douglasbothwell/Desktop/docu-test/hd-convert/STAGE_docs/docs/continuous-integration/_ci-how-tos/build-and-upload-artifacts/build-and-upload-an-artifact.md',
 'curl -o '
 '/Users/douglasbothwell/Desktop/docu-test/hd-convert/STAGE_docs/docs/continuous-integration/_ci-how-tos/build-and-upload-artifacts/static/build-and-upload-an-artifact-07.png '
 'https://files.helpdocs.io/i5nl071jo5/articles/x0d77ktjw8/1611614713927/image.png)](https://files.helpdocs.io/i5nl071jo5/articles/x0d77ktjw8/1611614713927/image.png',
 '# file not downloaded in '
 '/Users/douglasbothwell/Desktop/docu-test/hd-convert/STAGE_docs/docs/continuous-integration/ci-technical-reference/build-and-push-to-gcr-step-settings.md',
 'curl -o '
 '/Users/douglasbothwell/Desktop/docu-test/hd-convert/STAGE_docs/docs/continuous-integration/ci-technical-reference/static/build-and-push-to-gcr-step-settings-20.png '
 'https://files.helpdocs.io/i5nl071jo5/articles/q6fr5bj63w/1610058088594/image.png)](https://files.helpdocs.io/i5nl071jo5/articles/q6fr5bj63w/1610058088594/image.png',
 '# file not downloaded in '
 '/Users/douglasbothwell/Desktop/docu-test/hd-convert/STAGE_docs/docs/continuous-integration/ci-technical-reference/build-and-push-to-ecr-step-settings.md',
 'curl -o '
 '/Users/douglasbothwell/Desktop/docu-test/hd-convert/STAGE_docs/docs/continuous-integration/ci-technical-reference/static/build-and-push-to-ecr-step-settings-20.png '
 'https://files.helpdocs.io/i5nl071jo5/articles/q6fr5bj63w/1610059179870/image.png)](https://files.helpdocs.io/i5nl071jo5/articles/q6fr5bj63w/1610059179870/image.png',
 '# file not downloaded in '
 '/Users/douglasbothwell/Desktop/docu-test/hd-convert/STAGE_docs/docs/continuous-integration/ci-technical-reference/build-and-push-to-ecr-step-settings.md',
 'curl -o '
 '/Users/douglasbothwell/Desktop/docu-test/hd-convert/STAGE_docs/docs/continuous-integration/ci-technical-reference/static/build-and-push-to-ecr-step-settings-20.png '
 'https://files.helpdocs.io/i5nl071jo5/articles/q6fr5bj63w/1610058088594/image.png)](https://files.helpdocs.io/i5nl071jo5/articles/q6fr5bj63w/1610058088594/image.png',
 '# file not downloaded in '
 '/Users/douglasbothwell/Desktop/docu-test/hd-convert/STAGE_docs/docs/continuous-integration/_ci-how-tos/build-and-upload-artifacts/build-and-upload-an-artifact.md',
 'curl -o '
 '/Users/douglasbothwell/Desktop/docu-test/hd-convert/STAGE_docs/docs/continuous-integration/_ci-how-tos/build-and-upload-artifacts/static/build-and-upload-an-artifact-07.png '
 'https://files.helpdocs.io/i5nl071jo5/articles/x0d77ktjw8/1611614713927/image.png)](https://files.helpdocs.io/i5nl071jo5/articles/x0d77ktjw8/1611614713927/image.png',
 '# file not downloaded in '
 '/Users/douglasbothwell/Desktop/docu-test/hd-convert/STAGE_docs/docs/continuous-integration/_ci-how-tos/build-and-upload-artifacts/build-and-upload-an-artifact.md',
 'curl -o '
 '/Users/douglasbothwell/Desktop/docu-test/hd-convert/STAGE_docs/docs/continuous-integration/_ci-how-tos/build-and-upload-artifacts/static/build-and-upload-an-artifact-07.png '
 'https://files.helpdocs.io/i5nl071jo5/articles/x0d77ktjw8/1611614713927/image.png)](https://files.helpdocs.io/i5nl071jo5/articles/x0d77ktjw8/1611614713927/image.png']
{'https://files.helpdocs.io/i5nl071jo5/articles/1i1ttvftm4/1611947065452/image.png': ['/Users/douglasbothwell/Desktop/docu-test/hd-convert/STAGE_docs/docs/continuous-integration/ci-technical-reference/run-step-settings.md'],
 'https://files.helpdocs.io/i5nl071jo5/articles/1i1ttvftm4/1626099541575/2021-06-28-17-45-23.png': ['/Users/douglasbothwell/Desktop/docu-test/hd-convert/STAGE_docs/docs/continuous-integration/ci-technical-reference/run-step-settings.md'],
 'https://files.helpdocs.io/i5nl071jo5/articles/1i1ttvftm4/1628031232587/clean-shot-2021-08-03-at-15-53-30.png': ['/Users/douglasbothwell/Desktop/docu-test/hd-convert/STAGE_docs/docs/continuous-integration/ci-technical-reference/run-step-settings.md',
                                                                                                                  '/Users/douglasbothwell/Desktop/docu-test/hd-convert/STAGE_docs/docs/continuous-integration/ci-technical-reference/background-step-settings.md'],
 'https://files.helpdocs.io/i5nl071jo5/articles/1i1ttvftm4/1644602120778/clean-shot-2022-02-11-at-09-55-12.png': ['/Users/douglasbothwell/Desktop/docu-test/hd-convert/STAGE_docs/docs/continuous-integration/ci-technical-reference/run-step-settings.md',
                                                                                                                  '/Users/douglasbothwell/Desktop/docu-test/hd-convert/STAGE_docs/docs/continuous-integration/ci-technical-reference/background-step-settings.md'],
 'https://files.helpdocs.io/i5nl071jo5/articles/2hpamxaqf0/1637911150977/image.png': ['/Users/douglasbothwell/Desktop/docu-test/hd-convert/STAGE_docs/docs/continuous-integration/_ci-how-tos/build-and-upload-artifacts/modify-and-override-build-settings-before-a-build.md'],
 'https://files.helpdocs.io/i5nl071jo5/articles/2hpamxaqf0/1638287500076/image.png': ['/Users/douglasbothwell/Desktop/docu-test/hd-convert/STAGE_docs/docs/continuous-integration/_ci-how-tos/build-and-upload-artifacts/modify-and-override-build-settings-before-a-build.md'],
 'https://files.helpdocs.io/i5nl071jo5/articles/428cs02e6u/1630602513018/ti-desc.png': ['/Users/douglasbothwell/Desktop/docu-test/hd-convert/STAGE_docs/docs/continuous-integration/_ci-how-tos/set-up-test-intelligence/set-up-test-intelligence.md'],
 'https://files.helpdocs.io/i5nl071jo5/articles/428cs02e6u/1632153021466/image.png': ['/Users/douglasbothwell/Desktop/docu-test/hd-convert/STAGE_docs/docs/continuous-integration/_ci-how-tos/set-up-test-intelligence/set-up-test-intelligence.md'],
 'https://files.helpdocs.io/i5nl071jo5/articles/7kb90dkxw0/1644533671813/image.png': ['/Users/douglasbothwell/Desktop/docu-test/hd-convert/STAGE_docs/docs/continuous-integration/_ci-how-tos/use-drone-plugins/run-a-git-hub-action-in-cie.md'],
 'https://files.helpdocs.io/i5nl071jo5/articles/8l31vtr4hi/1613427471797/image.png': ['/Users/douglasbothwell/Desktop/docu-test/hd-convert/STAGE_docs/docs/continuous-integration/_ci-how-tos/build-and-upload-artifacts/build-and-upload-an-artifact.md'],
 'https://files.helpdocs.io/i5nl071jo5/articles/8l31vtr4hi/1613427622397/image.png': ['/Users/douglasbothwell/Desktop/docu-test/hd-convert/STAGE_docs/docs/continuous-integration/_ci-how-tos/build-and-upload-artifacts/build-and-upload-an-artifact.md'],
 'https://files.helpdocs.io/i5nl071jo5/articles/8l31vtr4hi/1613428672695/image.png': ['/Users/douglasbothwell/Desktop/docu-test/hd-convert/STAGE_docs/docs/continuous-integration/_ci-how-tos/build-and-upload-artifacts/build-and-upload-an-artifact.md'],
 'https://files.helpdocs.io/i5nl071jo5/articles/8l31vtr4hi/1613430600476/image.png': ['/Users/douglasbothwell/Desktop/docu-test/hd-convert/STAGE_docs/docs/continuous-integration/_ci-how-tos/build-and-upload-artifacts/build-and-upload-an-artifact.md'],
 'https://files.helpdocs.io/i5nl071jo5/articles/8l31vtr4hi/1613430740639/image.png': ['/Users/douglasbothwell/Desktop/docu-test/hd-convert/STAGE_docs/docs/continuous-integration/_ci-how-tos/build-and-upload-artifacts/build-and-upload-an-artifact.md'],
 'https://files.helpdocs.io/i5nl071jo5/articles/fbrgw2ixjr/1650559281095/shared-path.png': ['/Users/douglasbothwell/Desktop/docu-test/hd-convert/STAGE_docs/docs/continuous-integration/_ci-how-tos/caching-ci-data/share-ci-data-across-steps-and-stages.md'],
 'https://files.helpdocs.io/i5nl071jo5/articles/ihnuhrtxe3/1631557621484/clean-shot-2021-09-13-at-11-26-49.png': ['/Users/douglasbothwell/Desktop/docu-test/hd-convert/STAGE_docs/docs/continuous-integration/ci-technical-reference/group-ci-steps-using-step-groups.md'],
 'https://files.helpdocs.io/i5nl071jo5/articles/ihnuhrtxe3/1631747551695/clean-shot-2021-09-15-at-16-12-12.png': ['/Users/douglasbothwell/Desktop/docu-test/hd-convert/STAGE_docs/docs/continuous-integration/ci-technical-reference/group-ci-steps-using-step-groups.md'],
 'https://files.helpdocs.io/i5nl071jo5/articles/ihnuhrtxe3/1631748494318/clean-shot-2021-09-15-at-16-28-05.png': ['/Users/douglasbothwell/Desktop/docu-test/hd-convert/STAGE_docs/docs/continuous-integration/ci-technical-reference/group-ci-steps-using-step-groups.md'],
 'https://files.helpdocs.io/i5nl071jo5/articles/jznnrb9tvz/1648475895706/ci-tut-00-create-build-stage.png': ['/Users/douglasbothwell/Desktop/docu-test/hd-convert/STAGE_docs/docs/continuous-integration/ci-quickstarts/ci-pipeline-quickstart.md'],
 'https://files.helpdocs.io/i5nl071jo5/articles/jznnrb9tvz/1648477159106/ci-tut-01-connector-02-details.png': ['/Users/douglasbothwell/Desktop/docu-test/hd-convert/STAGE_docs/docs/continuous-integration/ci-quickstarts/ci-pipeline-quickstart.md'],
 'https://files.helpdocs.io/i5nl071jo5/articles/jznnrb9tvz/1648477552075/ci-tut-01-connector-03-credentials.png': ['/Users/douglasbothwell/Desktop/docu-test/hd-convert/STAGE_docs/docs/continuous-integration/ci-quickstarts/ci-pipeline-quickstart.md'],
 'https://files.helpdocs.io/i5nl071jo5/articles/jznnrb9tvz/1648478550361/ci-tut-01-connector-04-connectivity-mode.png': ['/Users/douglasbothwell/Desktop/docu-test/hd-convert/STAGE_docs/docs/continuous-integration/ci-quickstarts/ci-pipeline-quickstart.md'],
 'https://files.helpdocs.io/i5nl071jo5/articles/jznnrb9tvz/1648478859173/ci-tut-02-delegate-01-setu.png': ['/Users/douglasbothwell/Desktop/docu-test/hd-convert/STAGE_docs/docs/continuous-integration/_ci-how-tos/set-up-build-infrastructure/set-up-a-kubernetes-cluster-build-infrastructure.md',
                                                                                                           '/Users/douglasbothwell/Desktop/docu-test/hd-convert/STAGE_docs/docs/continuous-integration/ci-quickstarts/ci-pipeline-quickstart.md'],
 'https://files.helpdocs.io/i5nl071jo5/articles/jznnrb9tvz/1648479234464/ci-tut-02-delegate-02-platform.png': ['/Users/douglasbothwell/Desktop/docu-test/hd-convert/STAGE_docs/docs/continuous-integration/_ci-how-tos/set-up-build-infrastructure/set-up-a-kubernetes-cluster-build-infrastructure.md',
                                                                                                               '/Users/douglasbothwell/Desktop/docu-test/hd-convert/STAGE_docs/docs/continuous-integration/ci-quickstarts/ci-pipeline-quickstart.md'],
 'https://files.helpdocs.io/i5nl071jo5/articles/jznnrb9tvz/1648480695665/ci-tut-02-delegate-03-details.png': ['/Users/douglasbothwell/Desktop/docu-test/hd-convert/STAGE_docs/docs/continuous-integration/_ci-how-tos/set-up-build-infrastructure/set-up-a-kubernetes-cluster-build-infrastructure.md',
                                                                                                              '/Users/douglasbothwell/Desktop/docu-test/hd-convert/STAGE_docs/docs/continuous-integration/ci-quickstarts/ci-pipeline-quickstart.md'],
 'https://files.helpdocs.io/i5nl071jo5/articles/jznnrb9tvz/1648480953258/ci-tut-02-delegate-04-download-yaml.png': ['/Users/douglasbothwell/Desktop/docu-test/hd-convert/STAGE_docs/docs/continuous-integration/_ci-how-tos/set-up-build-infrastructure/set-up-a-kubernetes-cluster-build-infrastructure.md',
                                                                                                                    '/Users/douglasbothwell/Desktop/docu-test/hd-convert/STAGE_docs/docs/continuous-integration/ci-quickstarts/ci-pipeline-quickstart.md'],
 'https://files.helpdocs.io/i5nl071jo5/articles/k8tz6mtiut/1651013481363/clone-multiple-codebases.png': ['/Users/douglasbothwell/Desktop/docu-test/hd-convert/STAGE_docs/docs/continuous-integration/_ci-how-tos/run-ci-scripts/clone-and-process-multiple-codebases-in-the-same-pipeline.md'],
 'https://files.helpdocs.io/i5nl071jo5/articles/lcn8vgt4di/1647624762563/create-codebase-connector.png': ['/Users/douglasbothwell/Desktop/docu-test/hd-convert/STAGE_docs/docs/continuous-integration/_ci-how-tos/codebase-configuration/create-and-configure-a-codebase.md'],
 'https://files.helpdocs.io/i5nl071jo5/articles/lcn8vgt4di/1647625160792/edit-codebase-confi.png': ['/Users/douglasbothwell/Desktop/docu-test/hd-convert/STAGE_docs/docs/continuous-integration/_ci-how-tos/codebase-configuration/create-and-configure-a-codebase.md',
                                                                                                    '/Users/douglasbothwell/Desktop/docu-test/hd-convert/STAGE_docs/docs/continuous-integration/_ci-how-tos/codebase-configuration/create-and-configure-a-codebase.md'],
 'https://files.helpdocs.io/i5nl071jo5/articles/mozd8b49td/1648137632512/git-pull-merge-final.png': ['/Users/douglasbothwell/Desktop/docu-test/hd-convert/STAGE_docs/docs/continuous-integration/_ci-how-tos/codebase-configuration/create-and-configure-a-codebase.md'],
 'https://files.helpdocs.io/i5nl071jo5/articles/mozd8b49td/1648137659281/git-pull-branch-final.png': ['/Users/douglasbothwell/Desktop/docu-test/hd-convert/STAGE_docs/docs/continuous-integration/_ci-how-tos/codebase-configuration/create-and-configure-a-codebase.md'],
 'https://files.helpdocs.io/i5nl071jo5/articles/mozd8b49td/1648218382117/create-or-select-an-existing-connector-final.png': ['/Users/douglasbothwell/Desktop/docu-test/hd-convert/STAGE_docs/docs/continuous-integration/_ci-how-tos/codebase-configuration/create-and-configure-a-codebase.md'],
 'https://files.helpdocs.io/i5nl071jo5/articles/mwzlb0x2mt/1655253313885/vm-setup-1-open-anka.png': ['/Users/douglasbothwell/Desktop/docu-test/hd-convert/STAGE_docs/docs/continuous-integration/_ci-how-tos/set-up-build-infrastructure/define-a-macos-build-infrastructure.md',
                                                                                                     '/Users/douglasbothwell/Desktop/docu-test/hd-convert/STAGE_docs/docs/continuous-integration/_ci-how-tos/set-up-build-infrastructure/define-a-mac-os-build-infrastructure.md'],
 'https://files.helpdocs.io/i5nl071jo5/articles/mwzlb0x2mt/1655253795901/vm-setup-2-select-delegate.png': ['/Users/douglasbothwell/Desktop/docu-test/hd-convert/STAGE_docs/docs/continuous-integration/_ci-how-tos/set-up-build-infrastructure/define-a-macos-build-infrastructure.md',
                                                                                                           '/Users/douglasbothwell/Desktop/docu-test/hd-convert/STAGE_docs/docs/continuous-integration/_ci-how-tos/set-up-build-infrastructure/define-a-mac-os-build-infrastructure.md'],
 'https://files.helpdocs.io/i5nl071jo5/articles/mwzlb0x2mt/1655253835324/vm-setup-3-accept-docker-eula.png': ['/Users/douglasbothwell/Desktop/docu-test/hd-convert/STAGE_docs/docs/continuous-integration/_ci-how-tos/set-up-build-infrastructure/define-a-macos-build-infrastructure.md',
                                                                                                              '/Users/douglasbothwell/Desktop/docu-test/hd-convert/STAGE_docs/docs/continuous-integration/_ci-how-tos/set-up-build-infrastructure/define-a-mac-os-build-infrastructure.md'],
 'https://files.helpdocs.io/i5nl071jo5/articles/mwzlb0x2mt/1655254499504/ec-2-setup-download-drone-runner-in-browser.png': ['/Users/douglasbothwell/Desktop/docu-test/hd-convert/STAGE_docs/docs/continuous-integration/_ci-how-tos/set-up-build-infrastructure/define-a-macos-build-infrastructure.md',
                                                                                                                            '/Users/douglasbothwell/Desktop/docu-test/hd-convert/STAGE_docs/docs/continuous-integration/_ci-how-tos/set-up-build-infrastructure/define-a-mac-os-build-infrastructure.md'],
 'https://files.helpdocs.io/i5nl071jo5/articles/mwzlb0x2mt/1655831247874/ci-build-infra-on-macos-v-2.png': ['/Users/douglasbothwell/Desktop/docu-test/hd-convert/STAGE_docs/docs/continuous-integration/_ci-how-tos/set-up-build-infrastructure/define-a-macos-build-infrastructure.md',
                                                                                                            '/Users/douglasbothwell/Desktop/docu-test/hd-convert/STAGE_docs/docs/continuous-integration/_ci-how-tos/set-up-build-infrastructure/define-a-mac-os-build-infrastructure.md'],
 'https://files.helpdocs.io/i5nl071jo5/articles/q6fr5bj63w/1610058088594/image.png': ['/Users/douglasbothwell/Desktop/docu-test/hd-convert/STAGE_docs/docs/continuous-integration/ci-technical-reference/build-and-push-to-docker-hub-step-settings.md'],
 'https://files.helpdocs.io/i5nl071jo5/articles/q6fr5bj63w/1610058088594/image.png)](https://files.helpdocs.io/i5nl071jo5/articles/q6fr5bj63w/1610058088594/image.png': ['/Users/douglasbothwell/Desktop/docu-test/hd-convert/STAGE_docs/docs/continuous-integration/ci-technical-reference/build-and-push-to-gcr-step-settings.md',
                                                                                                                                                                         '/Users/douglasbothwell/Desktop/docu-test/hd-convert/STAGE_docs/docs/continuous-integration/ci-technical-reference/build-and-push-to-ecr-step-settings.md',
                                                                                                                                                                         '/Users/douglasbothwell/Desktop/docu-test/hd-convert/STAGE_docs/docs/continuous-integration/ci-technical-reference/build-and-push-to-gcr-step-settings.md',
                                                                                                                                                                         '/Users/douglasbothwell/Desktop/docu-test/hd-convert/STAGE_docs/docs/continuous-integration/ci-technical-reference/build-and-push-to-ecr-step-settings.md',
                                                                                                                                                                         '/Users/douglasbothwell/Desktop/docu-test/hd-convert/STAGE_docs/docs/continuous-integration/ci-technical-reference/build-and-push-to-gcr-step-settings.md',
                                                                                                                                                                         '/Users/douglasbothwell/Desktop/docu-test/hd-convert/STAGE_docs/docs/continuous-integration/ci-technical-reference/build-and-push-to-ecr-step-settings.md'],
 'https://files.helpdocs.io/i5nl071jo5/articles/q6fr5bj63w/1610059179870/image.png)](https://files.helpdocs.io/i5nl071jo5/articles/q6fr5bj63w/1610059179870/image.png': ['/Users/douglasbothwell/Desktop/docu-test/hd-convert/STAGE_docs/docs/continuous-integration/ci-technical-reference/build-and-push-to-ecr-step-settings.md',
                                                                                                                                                                         '/Users/douglasbothwell/Desktop/docu-test/hd-convert/STAGE_docs/docs/continuous-integration/ci-technical-reference/build-and-push-to-ecr-step-settings.md',
                                                                                                                                                                         '/Users/douglasbothwell/Desktop/docu-test/hd-convert/STAGE_docs/docs/continuous-integration/ci-technical-reference/build-and-push-to-ecr-step-settings.md'],
 'https://files.helpdocs.io/i5nl071jo5/articles/q6fr5bj63w/1646943687916/ci-build-tags.png': ['/Users/douglasbothwell/Desktop/docu-test/hd-convert/STAGE_docs/docs/continuous-integration/ci-technical-reference/build-and-push-to-docker-hub-step-settings.md'],
 'https://files.helpdocs.io/i5nl071jo5/articles/qb73gci4kv/1648505390017/plugin-config-basic-final.png': ['/Users/douglasbothwell/Desktop/docu-test/hd-convert/STAGE_docs/docs/continuous-integration/_ci-how-tos/use-drone-plugins/run-a-drone-plugin-in-ci.md'],
 'https://files.helpdocs.io/i5nl071jo5/articles/qb73gci4kv/1648505703024/plugin-config-confirm-results.png': ['/Users/douglasbothwell/Desktop/docu-test/hd-convert/STAGE_docs/docs/continuous-integration/_ci-how-tos/use-drone-plugins/run-a-drone-plugin-in-ci.md'],
 'https://files.helpdocs.io/i5nl071jo5/articles/qb73gci4kv/1648589152500/plugin-step-nested-settings.png': ['/Users/douglasbothwell/Desktop/docu-test/hd-convert/STAGE_docs/docs/continuous-integration/_ci-how-tos/use-drone-plugins/run-a-drone-plugin-in-ci.md'],
 'https://files.helpdocs.io/i5nl071jo5/articles/rch2t8j1ay/1654543179504/harness-ci-architecture.png': ['/Users/douglasbothwell/Desktop/docu-test/hd-convert/STAGE_docs/docs/continuous-integration/ci-quickstarts/ci-concepts.md'],
 'https://files.helpdocs.io/i5nl071jo5/articles/v0agy0hlyj/1629116881353/save-to-cache-gcs.png': ['/Users/douglasbothwell/Desktop/docu-test/hd-convert/STAGE_docs/docs/continuous-integration/_ci-how-tos/caching-ci-data/save-cache-in-gcs.md'],
 'https://files.helpdocs.io/i5nl071jo5/articles/vo4sjbd09g/1610057413349/image.png': ['/Users/douglasbothwell/Desktop/docu-test/hd-convert/STAGE_docs/docs/continuous-integration/ci-technical-reference/configure-service-dependency-step-settings.md'],
 'https://files.helpdocs.io/i5nl071jo5/articles/vo4sjbd09g/1610057502164/image.png': ['/Users/douglasbothwell/Desktop/docu-test/hd-convert/STAGE_docs/docs/continuous-integration/ci-technical-reference/configure-service-dependency-step-settings.md'],
 'https://files.helpdocs.io/i5nl071jo5/articles/vo4sjbd09g/1610057506099/image.png': ['/Users/douglasbothwell/Desktop/docu-test/hd-convert/STAGE_docs/docs/continuous-integration/ci-technical-reference/configure-service-dependency-step-settings.md'],
 'https://files.helpdocs.io/i5nl071jo5/articles/vtu9k1dsfa/1630596895878/ti-desc.png': ['/Users/douglasbothwell/Desktop/docu-test/hd-convert/STAGE_docs/docs/continuous-integration/ci-quickstarts/test-intelligence-concepts.md'],
 'https://files.helpdocs.io/i5nl071jo5/articles/x0d77ktjw8/1611599684642/image.png': ['/Users/douglasbothwell/Desktop/docu-test/hd-convert/STAGE_docs/docs/continuous-integration/ci-quickstarts/ci-pipeline-quickstart.md'],
 'https://files.helpdocs.io/i5nl071jo5/articles/x0d77ktjw8/1611614713927/image.png': ['/Users/douglasbothwell/Desktop/docu-test/hd-convert/STAGE_docs/docs/continuous-integration/ci-quickstarts/ci-pipeline-quickstart.md'],
 'https://files.helpdocs.io/i5nl071jo5/articles/x0d77ktjw8/1611614713927/image.png)](https://files.helpdocs.io/i5nl071jo5/articles/x0d77ktjw8/1611614713927/image.png': ['/Users/douglasbothwell/Desktop/docu-test/hd-convert/STAGE_docs/docs/continuous-integration/_ci-how-tos/build-and-upload-artifacts/build-and-upload-an-artifact.md',
                                                                                                                                                                         '/Users/douglasbothwell/Desktop/docu-test/hd-convert/STAGE_docs/docs/continuous-integration/_ci-how-tos/build-and-upload-artifacts/build-and-upload-an-artifact.md',
                                                                                                                                                                         '/Users/douglasbothwell/Desktop/docu-test/hd-convert/STAGE_docs/docs/continuous-integration/_ci-how-tos/build-and-upload-artifacts/build-and-upload-an-artifact.md',
                                                                                                                                                                         '/Users/douglasbothwell/Desktop/docu-test/hd-convert/STAGE_docs/docs/continuous-integration/_ci-how-tos/build-and-upload-artifacts/build-and-upload-an-artifact.md'],
 'https://files.helpdocs.io/i5nl071jo5/articles/x0d77ktjw8/1611617833286/image.png': ['/Users/douglasbothwell/Desktop/docu-test/hd-convert/STAGE_docs/docs/continuous-integration/ci-quickstarts/ci-pipeline-quickstart.md'],
 'https://files.helpdocs.io/i5nl071jo5/articles/x0d77ktjw8/1611617876213/image.png': ['/Users/douglasbothwell/Desktop/docu-test/hd-convert/STAGE_docs/docs/continuous-integration/ci-quickstarts/ci-pipeline-quickstart.md'],
 'https://files.helpdocs.io/i5nl071jo5/articles/x0d77ktjw8/1611618576440/image.png': ['/Users/douglasbothwell/Desktop/docu-test/hd-convert/STAGE_docs/docs/continuous-integration/ci-quickstarts/ci-pipeline-quickstart.md'],
 'https://files.helpdocs.io/i5nl071jo5/articles/x0d77ktjw8/1611618619341/image.png': ['/Users/douglasbothwell/Desktop/docu-test/hd-convert/STAGE_docs/docs/continuous-integration/ci-quickstarts/ci-pipeline-quickstart.md'],
 'https://files.helpdocs.io/i5nl071jo5/articles/x0d77ktjw8/1611618681950/image.png': ['/Users/douglasbothwell/Desktop/docu-test/hd-convert/STAGE_docs/docs/continuous-integration/ci-quickstarts/ci-pipeline-quickstart.md'],
 'https://files.helpdocs.io/i5nl071jo5/articles/x0d77ktjw8/1611618862882/image.png': ['/Users/douglasbothwell/Desktop/docu-test/hd-convert/STAGE_docs/docs/continuous-integration/ci-quickstarts/ci-pipeline-quickstart.md'],
 'https://files.helpdocs.io/i5nl071jo5/articles/x0d77ktjw8/1625180234470/clean-shot-2021-07-01-at-15-57-04.png': ['/Users/douglasbothwell/Desktop/docu-test/hd-convert/STAGE_docs/docs/continuous-integration/ci-quickstarts/ci-pipeline-quickstart.md'],
 'https://files.helpdocs.io/i5nl071jo5/articles/x0d77ktjw8/1625180326375/clean-shot-2021-07-01-at-15-58-38.png': ['/Users/douglasbothwell/Desktop/docu-test/hd-convert/STAGE_docs/docs/continuous-integration/ci-quickstarts/ci-pipeline-quickstart.md'],
 'https://files.helpdocs.io/i5nl071jo5/articles/x0d77ktjw8/1648830767916/ci-tut-04-docker-connector-02-details.png': ['/Users/douglasbothwell/Desktop/docu-test/hd-convert/STAGE_docs/docs/continuous-integration/ci-quickstarts/ci-pipeline-quickstart.md'],
 'https://files.helpdocs.io/i5nl071jo5/articles/x0d77ktjw8/1648831772922/ci-quickstart-06-integration-test-stage-00-about-your-stage.png': ['/Users/douglasbothwell/Desktop/docu-test/hd-convert/STAGE_docs/docs/continuous-integration/ci-quickstarts/ci-pipeline-quickstart.md'],
 'https://files.helpdocs.io/i5nl071jo5/articles/yn4x8vzw3q/1633076205057/caa-89-e-18-4-b-79-4983-804-b-e-552-d-3356-c-0-f.png': ['/Users/douglasbothwell/Desktop/docu-test/hd-convert/STAGE_docs/docs/continuous-integration/ci-technical-reference/ci-stage-settings.md'],
 'https://files.helpdocs.io/i5nl071jo5/articles/z56wmnris8/1643759775208/clean-shot-2022-02-01-at-15-56-02.png': ['/Users/douglasbothwell/Desktop/docu-test/hd-convert/STAGE_docs/docs/continuous-integration/_ci-how-tos/set-up-build-infrastructure/set-up-an-aws-vm-build-infrastructure.md'],
 'https://files.helpdocs.io/i5nl071jo5/articles/z56wmnris8/1643759913082/clean-shot-2022-02-01-at-15-58-24.png': ['/Users/douglasbothwell/Desktop/docu-test/hd-convert/STAGE_docs/docs/continuous-integration/_ci-how-tos/set-up-build-infrastructure/set-up-an-aws-vm-build-infrastructure.md'],
 'https://files.helpdocs.io/i5nl071jo5/articles/z56wmnris8/1643917936569/clean-shot-2022-02-03-at-11-51-24.png': ['/Users/douglasbothwell/Desktop/docu-test/hd-convert/STAGE_docs/docs/continuous-integration/_ci-how-tos/set-up-build-infrastructure/set-up-an-aws-vm-build-infrastructure.md',
                                                                                                                  '/Users/douglasbothwell/Desktop/docu-test/hd-convert/STAGE_docs/docs/continuous-integration/_ci-how-tos/set-up-build-infrastructure/define-a-ci-build-infrastructure-in-azure.md'],
 'https://files.helpdocs.io/kw8ldg1itf/articles/5w7wbq3vok/1657563608718/example-groups.png': ['/Users/douglasbothwell/Desktop/docu-test/hd-convert/STAGE_docs/docs/continuous-integration/ci-technical-reference/group-ci-steps-using-step-groups.md'],
 'https://files.helpdocs.io/kw8ldg1itf/articles/5w7wbq3vok/1659044944227/example-flow-data.png': ['/Users/douglasbothwell/Desktop/docu-test/hd-convert/STAGE_docs/docs/continuous-integration/ci-technical-reference/group-ci-steps-using-step-groups.md'],
 'https://files.helpdocs.io/kw8ldg1itf/articles/5w7wbq3vok/1659048956597/example-resource-usage.png': ['/Users/douglasbothwell/Desktop/docu-test/hd-convert/STAGE_docs/docs/continuous-integration/ci-technical-reference/group-ci-steps-using-step-groups.md'],
 'https://files.helpdocs.io/kw8ldg1itf/articles/5w7wbq3vok/1659051055336/example-step-groups-parallel.png': ['/Users/douglasbothwell/Desktop/docu-test/hd-convert/STAGE_docs/docs/continuous-integration/ci-technical-reference/group-ci-steps-using-step-groups.md'],
 'https://files.helpdocs.io/kw8ldg1itf/articles/jkh1wsvajv/1666881256521/hosted-builds-diagram.png': ['/Users/douglasbothwell/Desktop/docu-test/hd-convert/STAGE_docs/docs/continuous-integration/ci-quickstarts/hosted-builds-on-virtual-machines-quickstart.md'],
 'https://files.helpdocs.io/kw8ldg1itf/articles/k5rvvhw49i/1661793246109/infra-setup-choose-vms.png': ['/Users/douglasbothwell/Desktop/docu-test/hd-convert/STAGE_docs/docs/continuous-integration/_ci-how-tos/set-up-build-infrastructure/define-a-ci-build-infrastructure-in-azure.md'],
 'https://files.helpdocs.io/kw8ldg1itf/articles/kddyd0f33o/1663632006151/ci-background-steps.png': ['/Users/douglasbothwell/Desktop/docu-test/hd-convert/STAGE_docs/docs/continuous-integration/ci-technical-reference/background-step-settings.md'],
 'https://files.helpdocs.io/kw8ldg1itf/articles/qfq7fy4cz6/1657373921894/aws-build-farm-simplified.png': ['/Users/douglasbothwell/Desktop/docu-test/hd-convert/STAGE_docs/docs/continuous-integration/_ci-how-tos/set-up-build-infrastructure/set-up-an-aws-vm-build-infrastructure.md'],
 'https://files.helpdocs.io/kw8ldg1itf/articles/rhs0wi4l0q/1664893576963/azure-delegate-v-2.png': ['/Users/douglasbothwell/Desktop/docu-test/hd-convert/STAGE_docs/docs/continuous-integration/_ci-how-tos/set-up-build-infrastructure/define-a-ci-build-infrastructure-in-azure.md'],
 'https://files.helpdocs.io/kw8ldg1itf/articles/ud5rjfcp8h/1657464436534/windows-image-in-gke.png': ['/Users/douglasbothwell/Desktop/docu-test/hd-convert/STAGE_docs/docs/continuous-integration/_ci-how-tos/set-up-build-infrastructure/run-windows-builds-in-a-kubernetes-build-infrastructure.md'],
 'https://files.helpdocs.io/kw8ldg1itf/articles/ud5rjfcp8h/1657465245784/node-selector-windows.png': ['/Users/douglasbothwell/Desktop/docu-test/hd-convert/STAGE_docs/docs/continuous-integration/_ci-how-tos/set-up-build-infrastructure/run-windows-builds-in-a-kubernetes-build-infrastructure.md']}
